2024-06-24 06:55:59.883 [info] Log level: Info
2024-06-24 06:56:00.398 [info] VSCODE_MACHINE_ID: 54b160a1-2981-436f-9870-3218f3ba7df0
2024-06-24 06:56:00.398 [info] VSCODE_SESSION_ID: 92b538b4-ba5e-4585-b3ca-270c9f803f311719212146325
2024-06-24 06:56:00.398 [info] VSCODE_VERSION: 1.90.1
2024-06-24 06:56:00.398 [info] VSCODE_APP_NAME: Gitpod Code
2024-06-24 06:56:00.398 [info] VSCODE_APP_HOST: Gitpod
2024-06-24 06:56:00.398 [info] VSCODE_UI_KIND: web
2024-06-24 06:56:00.398 [info] GITPOD_WORKSPACE_CONTEXT_URL: https://github.com/Blignaut24/django_blog
2024-06-24 06:56:00.398 [info] GITPOD_INSTANCE_ID: a717af4d-a222-4081-b1fa-09db9960a36d
2024-06-24 06:56:00.398 [info] GITPOD_WORKSPACE_URL: https://blignaut24-djangoblog-wiau6tbui2d.ws.codeinstitute-ide.net
2024-06-24 06:56:00.398 [error] No telemetry: dedicated installations should send data always to own endpoints, host: codeinstitute-ide.net
2024-06-24 06:56:00.398 [error] No telemetry: dedicated installations should send data always to own endpoints, host: codeinstitute-ide.net
2024-06-24 06:56:00.403 [info] Gitpod Web 7ff72a2
2024-06-24 06:56:00.403 [info] Reading sessions from keychain...
2024-06-24 06:56:00.972 [info] Getting sessions for all scopes...
2024-06-24 06:56:00.972 [info] Getting GitHub sessions for all scopes...
2024-06-24 06:56:00.972 [info] Getting sessions for function:accessCodeSyncStorage...
2024-06-24 06:56:00.972 [info] Got 1 GitHub sessions for all scopes...
2024-06-24 06:56:00.972 [info] Got stored sessions!
2024-06-24 06:56:00.972 [info] Verified session with the following scopes: function:accessCodeSyncStorage function:closePort function:controlAdmission function:deleteEnvVar function:generateNewGitpodToken function:getDefaultWorkspaceImage function:getEnvVars function:getGitpodTokenScopes function:getIDToken function:getLoggedInUser function:getOpenPorts function:getSupportedWorkspaceClasses function:getTeams function:getToken function:getWorkspace function:getWorkspaceEnvVars function:getWorkspaceOwner function:getWorkspaceTimeout function:getWorkspaceUsers function:guessGitTokenScopes function:isWorkspaceOwner function:openPort function:sendHeartBeat function:setEnvVar function:setWorkspaceTimeout function:stopWorkspace function:takeSnapshot function:trackEvent function:updateGitStatus function:waitForSnapshot resource:contentBlob::*::create/get resource:envVar::Blignaut24/django_blog::create/get/update/delete resource:gitpodToken::*::create resource:snapshot::ws-blignaut24-djangoblog-wiau6tbui2d::create resource:token::*::get resource:userStorage::*::create/get/update resource:workspace::blignaut24-djangoblog-wiau6tbui2d::get/update resource:workspaceInstance::a717af4d-a222-4081-b1fa-09db9960a36d::get/update/delete
2024-06-24 06:56:00.972 [info] Got 1 verified sessions.
2024-06-24 06:56:00.972 [info] Got 1 sessions for all scopes...
2024-06-24 06:56:00.972 [info] Got 1 sessions for function:accessCodeSyncStorage...
2024-06-24 06:56:01.497 [info] Getting GitHub sessions for all scopes...
2024-06-24 06:56:01.498 [info] Getting sessions for all scopes...
2024-06-24 06:56:01.498 [info] Got 1 GitHub sessions for all scopes...
2024-06-24 06:56:01.498 [info] Got 1 sessions for all scopes...
2024-06-24 06:56:03.639 [info] Getting GitHub sessions for read:user,repo,user:email,workflow...
2024-06-24 06:56:03.639 [info] Got 1 GitHub sessions for read:user,repo,user:email,workflow...
2024-06-24 06:56:05.706 [info] Getting GitHub sessions for read:user,repo,user:email,workflow...
2024-06-24 06:56:05.706 [info] Got 1 GitHub sessions for read:user,repo,user:email,workflow...
2024-06-24 06:56:06.065 [info] Getting GitHub sessions for project,read:org,read:user,repo,user:email,workflow...
2024-06-24 06:56:06.065 [info] Got 0 GitHub sessions for project,read:org,read:user,repo,user:email,workflow...
2024-06-24 06:56:06.157 [info] Getting GitHub sessions for read:user,repo,user:email,workflow...
2024-06-24 06:56:06.157 [info] Got 1 GitHub sessions for read:user,repo,user:email,workflow...
2024-06-24 07:21:26.155 [error] No telemetry: dedicated installations should send data always to own endpoints, host: codeinstitute-ide.net
2024-06-24 07:42:55.078 [error] No telemetry: dedicated installations should send data always to own endpoints, host: codeinstitute-ide.net
2024-06-24 08:03:46.059 [error] No telemetry: dedicated installations should send data always to own endpoints, host: codeinstitute-ide.net
