2024-06-24 19:43:37.908 [info] Log level: Info
2024-06-24 19:43:37.908 [info] VSCODE_MACHINE_ID: 54b160a1-2981-436f-9870-3218f3ba7df0
2024-06-24 19:43:37.908 [info] VSCODE_SESSION_ID: e6d572e2-673c-4437-89b9-6d1ab7b24f141719258208836
2024-06-24 19:43:37.908 [info] VSCODE_VERSION: 1.90.1
2024-06-24 19:43:37.908 [info] VSCODE_APP_NAME: Gitpod Code
2024-06-24 19:43:37.908 [info] VSCODE_APP_HOST: Gitpod
2024-06-24 19:43:37.908 [info] VSCODE_UI_KIND: web
2024-06-24 19:43:37.908 [info] GITPOD_WORKSPACE_CONTEXT_URL: https://github.com/Blignaut24/django_blog
2024-06-24 19:43:37.908 [info] GITPOD_INSTANCE_ID: 2fad6c36-3cf7-4234-b57e-4e49c7c119f0
2024-06-24 19:43:37.908 [info] GITPOD_WORKSPACE_URL: https://blignaut24-djangoblog-wiau6tbui2d.ws.codeinstitute-ide.net
2024-06-24 19:43:37.908 [error] No telemetry: dedicated installations should send data always to own endpoints, host: codeinstitute-ide.net
2024-06-24 19:43:37.908 [error] No telemetry: dedicated installations should send data always to own endpoints, host: codeinstitute-ide.net
2024-06-24 19:43:37.908 [info] Gitpod Web 7ff72a2
2024-06-24 19:43:37.908 [info] Reading sessions from keychain...
2024-06-24 19:43:38.332 [info] Getting sessions for all scopes...
2024-06-24 19:43:38.332 [info] Getting GitHub sessions for all scopes...
2024-06-24 19:43:38.332 [info] Getting sessions for function:accessCodeSyncStorage...
2024-06-24 19:43:38.332 [info] Got stored sessions!
2024-06-24 19:43:38.332 [info] Verified session with the following scopes: function:accessCodeSyncStorage function:closePort function:controlAdmission function:deleteEnvVar function:generateNewGitpodToken function:getDefaultWorkspaceImage function:getEnvVars function:getGitpodTokenScopes function:getIDToken function:getLoggedInUser function:getOpenPorts function:getSupportedWorkspaceClasses function:getTeams function:getToken function:getWorkspace function:getWorkspaceEnvVars function:getWorkspaceOwner function:getWorkspaceTimeout function:getWorkspaceUsers function:guessGitTokenScopes function:isWorkspaceOwner function:openPort function:sendHeartBeat function:setEnvVar function:setWorkspaceTimeout function:stopWorkspace function:takeSnapshot function:trackEvent function:updateGitStatus function:waitForSnapshot resource:contentBlob::*::create/get resource:envVar::Blignaut24/django_blog::create/get/update/delete resource:gitpodToken::*::create resource:snapshot::ws-blignaut24-djangoblog-wiau6tbui2d::create resource:token::*::get resource:userStorage::*::create/get/update resource:workspace::blignaut24-djangoblog-wiau6tbui2d::get/update resource:workspaceInstance::2fad6c36-3cf7-4234-b57e-4e49c7c119f0::get/update/delete
2024-06-24 19:43:38.332 [info] Got 1 verified sessions.
2024-06-24 19:43:38.332 [info] Got 1 sessions for all scopes...
2024-06-24 19:43:38.332 [info] Got 1 sessions for function:accessCodeSyncStorage...
2024-06-24 19:43:38.501 [info] Got 1 GitHub sessions for all scopes...
2024-06-24 19:43:39.032 [info] Getting sessions for all scopes...
2024-06-24 19:43:39.032 [info] Got 1 sessions for all scopes...
2024-06-24 19:43:39.275 [info] Getting GitHub sessions for all scopes...
2024-06-24 19:43:39.275 [info] Got 1 GitHub sessions for all scopes...
2024-06-24 19:43:39.728 [info] Getting GitHub sessions for read:user,repo,user:email,workflow...
2024-06-24 19:43:39.729 [info] Got 1 GitHub sessions for read:user,repo,user:email,workflow...
2024-06-24 19:43:41.241 [info] Getting GitHub sessions for read:user,repo,user:email,workflow...
2024-06-24 19:43:41.241 [info] Got 1 GitHub sessions for read:user,repo,user:email,workflow...
2024-06-24 19:43:41.407 [info] Getting GitHub sessions for project,read:org,read:user,repo,user:email,workflow...
2024-06-24 19:43:41.407 [info] Got 0 GitHub sessions for project,read:org,read:user,repo,user:email,workflow...
2024-06-24 19:43:41.503 [info] Getting GitHub sessions for read:user,repo,user:email,workflow...
2024-06-24 19:43:41.503 [info] Got 1 GitHub sessions for read:user,repo,user:email,workflow...
2024-06-24 21:00:08.475 [error] f830fd5a-d464-487a-983d-6fd78390b60d terminal: listening failed: 13 INTERNAL: wait: no child processes
