2024-06-22 14:37:20.232 [info] Log level: Info
2024-06-22 14:37:20.232 [info] VSCODE_MACHINE_ID: 54b160a1-2981-436f-9870-3218f3ba7df0
2024-06-22 14:37:20.232 [info] VSCODE_SESSION_ID: be071fd1-8edc-447c-8c51-925b02d79b2b1719067030257
2024-06-22 14:37:20.232 [info] VSCODE_VERSION: 1.90.1
2024-06-22 14:37:20.232 [info] VSCODE_APP_NAME: Gitpod Code
2024-06-22 14:37:20.232 [info] VSCODE_APP_HOST: Gitpod
2024-06-22 14:37:20.232 [info] VSCODE_UI_KIND: web
2024-06-22 14:37:20.232 [info] GITPOD_WORKSPACE_CONTEXT_URL: https://github.com/Blignaut24/django_blog
2024-06-22 14:37:20.232 [info] GITPOD_INSTANCE_ID: 9b787673-31f4-4c54-a31a-c9e153965f1d
2024-06-22 14:37:20.232 [info] GITPOD_WORKSPACE_URL: https://blignaut24-djangoblog-wiau6tbui2d.ws.codeinstitute-ide.net
2024-06-22 14:37:20.232 [error] No telemetry: dedicated installations should send data always to own endpoints, host: codeinstitute-ide.net
2024-06-22 14:37:20.232 [error] No telemetry: dedicated installations should send data always to own endpoints, host: codeinstitute-ide.net
2024-06-22 14:37:20.232 [info] Gitpod Web 7ff72a2
2024-06-22 14:37:20.232 [info] Reading sessions from keychain...
2024-06-22 14:37:20.545 [info] Getting sessions for all scopes...
2024-06-22 14:37:20.545 [info] Getting GitHub sessions for all scopes...
2024-06-22 14:37:20.545 [info] Getting sessions for function:accessCodeSyncStorage...
2024-06-22 14:37:20.545 [info] Got 1 GitHub sessions for all scopes...
2024-06-22 14:37:20.546 [info] Got stored sessions!
2024-06-22 14:37:20.546 [info] Verified session with the following scopes: function:accessCodeSyncStorage function:closePort function:controlAdmission function:deleteEnvVar function:generateNewGitpodToken function:getDefaultWorkspaceImage function:getEnvVars function:getGitpodTokenScopes function:getIDToken function:getLoggedInUser function:getOpenPorts function:getSupportedWorkspaceClasses function:getTeams function:getToken function:getWorkspace function:getWorkspaceEnvVars function:getWorkspaceOwner function:getWorkspaceTimeout function:getWorkspaceUsers function:guessGitTokenScopes function:isWorkspaceOwner function:openPort function:sendHeartBeat function:setEnvVar function:setWorkspaceTimeout function:stopWorkspace function:takeSnapshot function:trackEvent function:updateGitStatus function:waitForSnapshot resource:contentBlob::*::create/get resource:envVar::Blignaut24/django_blog::create/get/update/delete resource:gitpodToken::*::create resource:snapshot::ws-blignaut24-djangoblog-wiau6tbui2d::create resource:token::*::get resource:userStorage::*::create/get/update resource:workspace::blignaut24-djangoblog-wiau6tbui2d::get/update resource:workspaceInstance::9b787673-31f4-4c54-a31a-c9e153965f1d::get/update/delete
2024-06-22 14:37:20.546 [info] Got 1 verified sessions.
2024-06-22 14:37:20.546 [info] Got 1 sessions for all scopes...
2024-06-22 14:37:20.546 [info] Got 1 sessions for function:accessCodeSyncStorage...
2024-06-22 14:37:21.433 [info] Getting GitHub sessions for all scopes...
2024-06-22 14:37:21.433 [info] Getting sessions for all scopes...
2024-06-22 14:37:21.433 [info] Got 1 GitHub sessions for all scopes...
2024-06-22 14:37:21.433 [info] Got 1 sessions for all scopes...
2024-06-22 14:37:21.529 [info] Getting GitHub sessions for read:user,repo,user:email,workflow...
2024-06-22 14:37:21.529 [info] Got 1 GitHub sessions for read:user,repo,user:email,workflow...
2024-06-22 14:37:23.224 [info] Getting GitHub sessions for read:user,repo,user:email,workflow...
2024-06-22 14:37:23.224 [info] Got 1 GitHub sessions for read:user,repo,user:email,workflow...
2024-06-22 14:37:23.554 [info] Getting GitHub sessions for project,read:org,read:user,repo,user:email,workflow...
2024-06-22 14:37:23.554 [info] Got 0 GitHub sessions for project,read:org,read:user,repo,user:email,workflow...
2024-06-22 14:37:23.748 [info] Getting GitHub sessions for read:user,repo,user:email,workflow...
2024-06-22 14:37:23.748 [info] Got 1 GitHub sessions for read:user,repo,user:email,workflow...
2024-06-22 15:37:49.582 [error] 2ee2edfc-ee96-42cb-9845-3a96ca276bcc terminal: listening failed: 13 INTERNAL: waitid: no child processes
