2024-06-25 12:52:52.604 [info] Extension host with pid 501 started
2024-06-25 12:52:52.607 [info] Lock '/workspace/.vscode-remote/data/User/workspaceStorage/27890e22/vscode.lock': Lock acquired.
2024-06-25 12:52:52.848 [info] ExtensionService#_doActivateExtension vscode.emmet, startup: false, activationEvent: 'onLanguage'
2024-06-25 12:52:52.849 [info] ExtensionService#_doActivateExtension vscode.html-language-features, startup: false, activationEvent: 'onLanguage:html'
2024-06-25 12:52:52.849 [info] ExtensionService#_doActivateExtension vsls-contrib.codetour, startup: false, activationEvent: 'onView:codetour.tours'
2024-06-25 12:52:52.849 [info] ExtensionService#_doActivateExtension gitpod.gitpod-web, startup: false, activationEvent: 'onAuthenticationRequest:gitpod'
2024-06-25 12:52:53.850 [info] ExtensionService#_doActivateExtension vscode.git-base, startup: true, activationEvent: '*', root cause: vscode.git
2024-06-25 12:52:53.850 [info] ExtensionService#_doActivateExtension christian-kohler.path-intellisense, startup: true, activationEvent: '*'
2024-06-25 12:52:53.850 [info] ExtensionService#_doActivateExtension johnpapa.vscode-peacock, startup: true, activationEvent: '*'
2024-06-25 12:52:53.851 [info] ExtensionService#_doActivateExtension oderwat.indent-rainbow, startup: true, activationEvent: '*'
2024-06-25 12:52:53.851 [info] ExtensionService#_doActivateExtension pucelle.vscode-css-navigation, startup: true, activationEvent: '*'
2024-06-25 12:52:53.940 [info] ExtensionService#_doActivateExtension ms-python.python, startup: true, activationEvent: 'workspaceContains:requirements.txt'
2024-06-25 12:52:54.237 [info] ExtensionService#_doActivateExtension redhat.vscode-yaml, startup: false, activationEvent: 'onLanguage:yaml'
2024-06-25 12:52:54.331 [info] ExtensionService#_doActivateExtension vscode.git, startup: true, activationEvent: '*'
2024-06-25 12:52:54.331 [info] ExtensionService#_doActivateExtension vscode.github, startup: true, activationEvent: '*'
2024-06-25 12:52:54.853 [warning] [redhat.vscode-yaml] Accessing a resource scoped configuration without providing a resource is not expected. To get the effective value for '[yaml]', provide the URI of a resource or 'null' for any resource.
2024-06-25 12:52:54.855 [info] ExtensionService#_doActivateExtension vscode.json-language-features, startup: false, activationEvent: 'onLanguage:jsonc'
2024-06-25 12:52:54.855 [info] ExtensionService#_doActivateExtension vscode.typescript-language-features, startup: false, activationEvent: 'onLanguage:jsonc'
2024-06-25 12:52:54.970 [warning] [redhat.vscode-yaml] Accessing a resource scoped configuration without providing a resource is not expected. To get the effective value for '[yaml]', provide the URI of a resource or 'null' for any resource.
2024-06-25 12:52:54.974 [info] Eager extensions activated
2024-06-25 12:52:54.974 [info] ExtensionService#_doActivateExtension vscode.debug-auto-launch, startup: false, activationEvent: 'onStartupFinished'
2024-06-25 12:52:54.974 [info] ExtensionService#_doActivateExtension vscode.merge-conflict, startup: false, activationEvent: 'onStartupFinished'
2024-06-25 12:52:54.974 [info] ExtensionService#_doActivateExtension aaron-bond.better-comments, startup: false, activationEvent: 'onStartupFinished'
2024-06-25 12:52:54.974 [info] ExtensionService#_doActivateExtension esbenp.prettier-vscode, startup: false, activationEvent: 'onStartupFinished'
2024-06-25 12:52:54.974 [info] ExtensionService#_doActivateExtension vscode.github-authentication, startup: false, activationEvent: 'onStartupFinished', root cause: GitHub.vscode-pull-request-github
2024-06-25 12:52:54.974 [info] ExtensionService#_doActivateExtension Gruntfuggly.todo-tree, startup: false, activationEvent: 'onStartupFinished'
2024-06-25 12:52:54.974 [info] ExtensionService#_doActivateExtension vscode-icons-team.vscode-icons, startup: false, activationEvent: 'onStartupFinished'
2024-06-25 12:52:55.346 [info] ExtensionService#_doActivateExtension GitHub.vscode-pull-request-github, startup: false, activationEvent: 'onStartupFinished'
2024-06-25 12:53:29.777 [warning] [redhat.vscode-yaml] Accessing a resource scoped configuration without providing a resource is not expected. To get the effective value for '[yaml]', provide the URI of a resource or 'null' for any resource.
2024-06-25 13:07:40.704 [info] ExtensionService#_doActivateExtension vscode.simple-browser, startup: false, activationEvent: 'onOpenExternalUri:https'
2024-06-25 13:08:22.676 [info] ExtensionService#_doActivateExtension vscode.media-preview, startup: false, activationEvent: 'onCustomEditor:imagePreview.previewEditor'
2024-06-25 13:08:22.681 [warning] TextEditor is closed/disposed
2024-06-25 13:08:22.681 [warning] TextEditor is closed/disposed
2024-06-25 13:08:27.075 [warning] Illegal argument: TextEditor(vs.editor.ICodeEditor:1,$model1)
2024-06-25 13:08:27.075 [warning] Illegal argument: TextEditor(vs.editor.ICodeEditor:1,$model1)
2024-06-25 13:08:27.075 [warning] Illegal argument: TextEditor(vs.editor.ICodeEditor:1,$model1)
2024-06-25 13:08:27.075 [warning] Illegal argument: TextEditor(vs.editor.ICodeEditor:1,$model1)
2024-06-25 13:08:27.075 [warning] Illegal argument: TextEditor(vs.editor.ICodeEditor:1,$model1)
2024-06-25 13:08:27.157 [info] ExtensionService#_doActivateExtension ms-python.debugpy, startup: false, activationEvent: 'onLanguage:python'
2024-06-25 13:10:34.887 [info] ExtensionService#_doActivateExtension vscode.extension-editing, startup: false, activationEvent: 'onLanguage:markdown'
2024-06-25 13:10:34.887 [info] ExtensionService#_doActivateExtension vscode.markdown-language-features, startup: false, activationEvent: 'onLanguage:markdown'
2024-06-25 13:10:35.250 [info] ExtensionService#_doActivateExtension vscode.markdown-math, startup: false, activationEvent: 'api', root cause: vscode.markdown-language-features
2024-06-25 13:18:06.085 [error] Error: unknown thread
    at n.k (https://ide.codeinstitute-ide.net/blobserve/869456089606.dkr.ecr.eu-west-1.amazonaws.com/public-cache/b4b1c2l9/application/ide/code:commit-940f23420544f76a67ae3ed32e726c9f9c9c4b3d/__files__/out/vs/workbench/workbench.web.main.js:2579:40496)
    at n.deleteCommentThread (https://ide.codeinstitute-ide.net/blobserve/869456089606.dkr.ecr.eu-west-1.amazonaws.com/public-cache/b4b1c2l9/application/ide/code:commit-940f23420544f76a67ae3ed32e726c9f9c9c4b3d/__files__/out/vs/workbench/workbench.web.main.js:2579:39942)
    at g.$deleteCommentThread (https://ide.codeinstitute-ide.net/blobserve/869456089606.dkr.ecr.eu-west-1.amazonaws.com/public-cache/b4b1c2l9/application/ide/code:commit-940f23420544f76a67ae3ed32e726c9f9c9c4b3d/__files__/out/vs/workbench/workbench.web.main.js:2579:43105)
    at v.S (https://ide.codeinstitute-ide.net/blobserve/869456089606.dkr.ecr.eu-west-1.amazonaws.com/public-cache/b4b1c2l9/application/ide/code:commit-940f23420544f76a67ae3ed32e726c9f9c9c4b3d/__files__/out/vs/workbench/workbench.web.main.js:1887:14599)
    at v.Q (https://ide.codeinstitute-ide.net/blobserve/869456089606.dkr.ecr.eu-west-1.amazonaws.com/public-cache/b4b1c2l9/application/ide/code:commit-940f23420544f76a67ae3ed32e726c9f9c9c4b3d/__files__/out/vs/workbench/workbench.web.main.js:1887:14365)
    at v.M (https://ide.codeinstitute-ide.net/blobserve/869456089606.dkr.ecr.eu-west-1.amazonaws.com/public-cache/b4b1c2l9/application/ide/code:commit-940f23420544f76a67ae3ed32e726c9f9c9c4b3d/__files__/out/vs/workbench/workbench.web.main.js:1887:13398)
    at v.L (https://ide.codeinstitute-ide.net/blobserve/869456089606.dkr.ecr.eu-west-1.amazonaws.com/public-cache/b4b1c2l9/application/ide/code:commit-940f23420544f76a67ae3ed32e726c9f9c9c4b3d/__files__/out/vs/workbench/workbench.web.main.js:1887:12233)
    at u.value (https://ide.codeinstitute-ide.net/blobserve/869456089606.dkr.ecr.eu-west-1.amazonaws.com/public-cache/b4b1c2l9/application/ide/code:commit-940f23420544f76a67ae3ed32e726c9f9c9c4b3d/__files__/out/vs/workbench/workbench.web.main.js:1887:10929)
    at h.y (https://ide.codeinstitute-ide.net/blobserve/869456089606.dkr.ecr.eu-west-1.amazonaws.com/public-cache/b4b1c2l9/application/ide/code:commit-940f23420544f76a67ae3ed32e726c9f9c9c4b3d/__files__/out/vs/workbench/workbench.web.main.js:89:659)
    at h.fire (https://ide.codeinstitute-ide.net/blobserve/869456089606.dkr.ecr.eu-west-1.amazonaws.com/public-cache/b4b1c2l9/application/ide/code:commit-940f23420544f76a67ae3ed32e726c9f9c9c4b3d/__files__/out/vs/workbench/workbench.web.main.js:89:876)
2024-06-25 13:18:06.085 [error] Error: unknown thread
    at n.k (https://ide.codeinstitute-ide.net/blobserve/869456089606.dkr.ecr.eu-west-1.amazonaws.com/public-cache/b4b1c2l9/application/ide/code:commit-940f23420544f76a67ae3ed32e726c9f9c9c4b3d/__files__/out/vs/workbench/workbench.web.main.js:2579:40496)
    at n.deleteCommentThread (https://ide.codeinstitute-ide.net/blobserve/869456089606.dkr.ecr.eu-west-1.amazonaws.com/public-cache/b4b1c2l9/application/ide/code:commit-940f23420544f76a67ae3ed32e726c9f9c9c4b3d/__files__/out/vs/workbench/workbench.web.main.js:2579:39942)
    at g.$deleteCommentThread (https://ide.codeinstitute-ide.net/blobserve/869456089606.dkr.ecr.eu-west-1.amazonaws.com/public-cache/b4b1c2l9/application/ide/code:commit-940f23420544f76a67ae3ed32e726c9f9c9c4b3d/__files__/out/vs/workbench/workbench.web.main.js:2579:43105)
    at v.S (https://ide.codeinstitute-ide.net/blobserve/869456089606.dkr.ecr.eu-west-1.amazonaws.com/public-cache/b4b1c2l9/application/ide/code:commit-940f23420544f76a67ae3ed32e726c9f9c9c4b3d/__files__/out/vs/workbench/workbench.web.main.js:1887:14599)
    at v.Q (https://ide.codeinstitute-ide.net/blobserve/869456089606.dkr.ecr.eu-west-1.amazonaws.com/public-cache/b4b1c2l9/application/ide/code:commit-940f23420544f76a67ae3ed32e726c9f9c9c4b3d/__files__/out/vs/workbench/workbench.web.main.js:1887:14365)
    at v.M (https://ide.codeinstitute-ide.net/blobserve/869456089606.dkr.ecr.eu-west-1.amazonaws.com/public-cache/b4b1c2l9/application/ide/code:commit-940f23420544f76a67ae3ed32e726c9f9c9c4b3d/__files__/out/vs/workbench/workbench.web.main.js:1887:13398)
    at v.L (https://ide.codeinstitute-ide.net/blobserve/869456089606.dkr.ecr.eu-west-1.amazonaws.com/public-cache/b4b1c2l9/application/ide/code:commit-940f23420544f76a67ae3ed32e726c9f9c9c4b3d/__files__/out/vs/workbench/workbench.web.main.js:1887:12233)
    at u.value (https://ide.codeinstitute-ide.net/blobserve/869456089606.dkr.ecr.eu-west-1.amazonaws.com/public-cache/b4b1c2l9/application/ide/code:commit-940f23420544f76a67ae3ed32e726c9f9c9c4b3d/__files__/out/vs/workbench/workbench.web.main.js:1887:10929)
    at h.y (https://ide.codeinstitute-ide.net/blobserve/869456089606.dkr.ecr.eu-west-1.amazonaws.com/public-cache/b4b1c2l9/application/ide/code:commit-940f23420544f76a67ae3ed32e726c9f9c9c4b3d/__files__/out/vs/workbench/workbench.web.main.js:89:659)
    at h.fire (https://ide.codeinstitute-ide.net/blobserve/869456089606.dkr.ecr.eu-west-1.amazonaws.com/public-cache/b4b1c2l9/application/ide/code:commit-940f23420544f76a67ae3ed32e726c9f9c9c4b3d/__files__/out/vs/workbench/workbench.web.main.js:89:876)
2024-06-25 13:18:06.085 [error] Error: unknown thread
    at n.k (https://ide.codeinstitute-ide.net/blobserve/869456089606.dkr.ecr.eu-west-1.amazonaws.com/public-cache/b4b1c2l9/application/ide/code:commit-940f23420544f76a67ae3ed32e726c9f9c9c4b3d/__files__/out/vs/workbench/workbench.web.main.js:2579:40496)
    at n.deleteCommentThread (https://ide.codeinstitute-ide.net/blobserve/869456089606.dkr.ecr.eu-west-1.amazonaws.com/public-cache/b4b1c2l9/application/ide/code:commit-940f23420544f76a67ae3ed32e726c9f9c9c4b3d/__files__/out/vs/workbench/workbench.web.main.js:2579:39942)
    at g.$deleteCommentThread (https://ide.codeinstitute-ide.net/blobserve/869456089606.dkr.ecr.eu-west-1.amazonaws.com/public-cache/b4b1c2l9/application/ide/code:commit-940f23420544f76a67ae3ed32e726c9f9c9c4b3d/__files__/out/vs/workbench/workbench.web.main.js:2579:43105)
    at v.S (https://ide.codeinstitute-ide.net/blobserve/869456089606.dkr.ecr.eu-west-1.amazonaws.com/public-cache/b4b1c2l9/application/ide/code:commit-940f23420544f76a67ae3ed32e726c9f9c9c4b3d/__files__/out/vs/workbench/workbench.web.main.js:1887:14599)
    at v.Q (https://ide.codeinstitute-ide.net/blobserve/869456089606.dkr.ecr.eu-west-1.amazonaws.com/public-cache/b4b1c2l9/application/ide/code:commit-940f23420544f76a67ae3ed32e726c9f9c9c4b3d/__files__/out/vs/workbench/workbench.web.main.js:1887:14365)
    at v.M (https://ide.codeinstitute-ide.net/blobserve/869456089606.dkr.ecr.eu-west-1.amazonaws.com/public-cache/b4b1c2l9/application/ide/code:commit-940f23420544f76a67ae3ed32e726c9f9c9c4b3d/__files__/out/vs/workbench/workbench.web.main.js:1887:13398)
    at v.L (https://ide.codeinstitute-ide.net/blobserve/869456089606.dkr.ecr.eu-west-1.amazonaws.com/public-cache/b4b1c2l9/application/ide/code:commit-940f23420544f76a67ae3ed32e726c9f9c9c4b3d/__files__/out/vs/workbench/workbench.web.main.js:1887:12233)
    at u.value (https://ide.codeinstitute-ide.net/blobserve/869456089606.dkr.ecr.eu-west-1.amazonaws.com/public-cache/b4b1c2l9/application/ide/code:commit-940f23420544f76a67ae3ed32e726c9f9c9c4b3d/__files__/out/vs/workbench/workbench.web.main.js:1887:10929)
    at h.y (https://ide.codeinstitute-ide.net/blobserve/869456089606.dkr.ecr.eu-west-1.amazonaws.com/public-cache/b4b1c2l9/application/ide/code:commit-940f23420544f76a67ae3ed32e726c9f9c9c4b3d/__files__/out/vs/workbench/workbench.web.main.js:89:659)
    at h.fire (https://ide.codeinstitute-ide.net/blobserve/869456089606.dkr.ecr.eu-west-1.amazonaws.com/public-cache/b4b1c2l9/application/ide/code:commit-940f23420544f76a67ae3ed32e726c9f9c9c4b3d/__files__/out/vs/workbench/workbench.web.main.js:89:876)
2024-06-25 13:18:06.085 [error] Error: unknown thread
    at n.k (https://ide.codeinstitute-ide.net/blobserve/869456089606.dkr.ecr.eu-west-1.amazonaws.com/public-cache/b4b1c2l9/application/ide/code:commit-940f23420544f76a67ae3ed32e726c9f9c9c4b3d/__files__/out/vs/workbench/workbench.web.main.js:2579:40496)
    at n.deleteCommentThread (https://ide.codeinstitute-ide.net/blobserve/869456089606.dkr.ecr.eu-west-1.amazonaws.com/public-cache/b4b1c2l9/application/ide/code:commit-940f23420544f76a67ae3ed32e726c9f9c9c4b3d/__files__/out/vs/workbench/workbench.web.main.js:2579:39942)
    at g.$deleteCommentThread (https://ide.codeinstitute-ide.net/blobserve/869456089606.dkr.ecr.eu-west-1.amazonaws.com/public-cache/b4b1c2l9/application/ide/code:commit-940f23420544f76a67ae3ed32e726c9f9c9c4b3d/__files__/out/vs/workbench/workbench.web.main.js:2579:43105)
    at v.S (https://ide.codeinstitute-ide.net/blobserve/869456089606.dkr.ecr.eu-west-1.amazonaws.com/public-cache/b4b1c2l9/application/ide/code:commit-940f23420544f76a67ae3ed32e726c9f9c9c4b3d/__files__/out/vs/workbench/workbench.web.main.js:1887:14599)
    at v.Q (https://ide.codeinstitute-ide.net/blobserve/869456089606.dkr.ecr.eu-west-1.amazonaws.com/public-cache/b4b1c2l9/application/ide/code:commit-940f23420544f76a67ae3ed32e726c9f9c9c4b3d/__files__/out/vs/workbench/workbench.web.main.js:1887:14365)
    at v.M (https://ide.codeinstitute-ide.net/blobserve/869456089606.dkr.ecr.eu-west-1.amazonaws.com/public-cache/b4b1c2l9/application/ide/code:commit-940f23420544f76a67ae3ed32e726c9f9c9c4b3d/__files__/out/vs/workbench/workbench.web.main.js:1887:13398)
    at v.L (https://ide.codeinstitute-ide.net/blobserve/869456089606.dkr.ecr.eu-west-1.amazonaws.com/public-cache/b4b1c2l9/application/ide/code:commit-940f23420544f76a67ae3ed32e726c9f9c9c4b3d/__files__/out/vs/workbench/workbench.web.main.js:1887:12233)
    at u.value (https://ide.codeinstitute-ide.net/blobserve/869456089606.dkr.ecr.eu-west-1.amazonaws.com/public-cache/b4b1c2l9/application/ide/code:commit-940f23420544f76a67ae3ed32e726c9f9c9c4b3d/__files__/out/vs/workbench/workbench.web.main.js:1887:10929)
    at h.y (https://ide.codeinstitute-ide.net/blobserve/869456089606.dkr.ecr.eu-west-1.amazonaws.com/public-cache/b4b1c2l9/application/ide/code:commit-940f23420544f76a67ae3ed32e726c9f9c9c4b3d/__files__/out/vs/workbench/workbench.web.main.js:89:659)
    at h.fire (https://ide.codeinstitute-ide.net/blobserve/869456089606.dkr.ecr.eu-west-1.amazonaws.com/public-cache/b4b1c2l9/application/ide/code:commit-940f23420544f76a67ae3ed32e726c9f9c9c4b3d/__files__/out/vs/workbench/workbench.web.main.js:89:876)
2024-06-25 13:22:06.829 [info] ExtensionService#_doActivateExtension vscode.npm, startup: false, activationEvent: 'onTerminalQuickFixRequest:ms-vscode.npm-command'
2024-06-25 13:24:08.852 [error] Error: unknown thread
    at n.k (https://ide.codeinstitute-ide.net/blobserve/869456089606.dkr.ecr.eu-west-1.amazonaws.com/public-cache/b4b1c2l9/application/ide/code:commit-940f23420544f76a67ae3ed32e726c9f9c9c4b3d/__files__/out/vs/workbench/workbench.web.main.js:2579:40496)
    at n.deleteCommentThread (https://ide.codeinstitute-ide.net/blobserve/869456089606.dkr.ecr.eu-west-1.amazonaws.com/public-cache/b4b1c2l9/application/ide/code:commit-940f23420544f76a67ae3ed32e726c9f9c9c4b3d/__files__/out/vs/workbench/workbench.web.main.js:2579:39942)
    at g.$deleteCommentThread (https://ide.codeinstitute-ide.net/blobserve/869456089606.dkr.ecr.eu-west-1.amazonaws.com/public-cache/b4b1c2l9/application/ide/code:commit-940f23420544f76a67ae3ed32e726c9f9c9c4b3d/__files__/out/vs/workbench/workbench.web.main.js:2579:43105)
    at v.S (https://ide.codeinstitute-ide.net/blobserve/869456089606.dkr.ecr.eu-west-1.amazonaws.com/public-cache/b4b1c2l9/application/ide/code:commit-940f23420544f76a67ae3ed32e726c9f9c9c4b3d/__files__/out/vs/workbench/workbench.web.main.js:1887:14599)
    at v.Q (https://ide.codeinstitute-ide.net/blobserve/869456089606.dkr.ecr.eu-west-1.amazonaws.com/public-cache/b4b1c2l9/application/ide/code:commit-940f23420544f76a67ae3ed32e726c9f9c9c4b3d/__files__/out/vs/workbench/workbench.web.main.js:1887:14365)
    at v.M (https://ide.codeinstitute-ide.net/blobserve/869456089606.dkr.ecr.eu-west-1.amazonaws.com/public-cache/b4b1c2l9/application/ide/code:commit-940f23420544f76a67ae3ed32e726c9f9c9c4b3d/__files__/out/vs/workbench/workbench.web.main.js:1887:13398)
    at v.L (https://ide.codeinstitute-ide.net/blobserve/869456089606.dkr.ecr.eu-west-1.amazonaws.com/public-cache/b4b1c2l9/application/ide/code:commit-940f23420544f76a67ae3ed32e726c9f9c9c4b3d/__files__/out/vs/workbench/workbench.web.main.js:1887:12233)
    at u.value (https://ide.codeinstitute-ide.net/blobserve/869456089606.dkr.ecr.eu-west-1.amazonaws.com/public-cache/b4b1c2l9/application/ide/code:commit-940f23420544f76a67ae3ed32e726c9f9c9c4b3d/__files__/out/vs/workbench/workbench.web.main.js:1887:10929)
    at h.y (https://ide.codeinstitute-ide.net/blobserve/869456089606.dkr.ecr.eu-west-1.amazonaws.com/public-cache/b4b1c2l9/application/ide/code:commit-940f23420544f76a67ae3ed32e726c9f9c9c4b3d/__files__/out/vs/workbench/workbench.web.main.js:89:659)
    at h.fire (https://ide.codeinstitute-ide.net/blobserve/869456089606.dkr.ecr.eu-west-1.amazonaws.com/public-cache/b4b1c2l9/application/ide/code:commit-940f23420544f76a67ae3ed32e726c9f9c9c4b3d/__files__/out/vs/workbench/workbench.web.main.js:89:876)
2024-06-25 13:24:23.637 [error] Error: unknown thread
    at n.k (https://ide.codeinstitute-ide.net/blobserve/869456089606.dkr.ecr.eu-west-1.amazonaws.com/public-cache/b4b1c2l9/application/ide/code:commit-940f23420544f76a67ae3ed32e726c9f9c9c4b3d/__files__/out/vs/workbench/workbench.web.main.js:2579:40496)
    at n.deleteCommentThread (https://ide.codeinstitute-ide.net/blobserve/869456089606.dkr.ecr.eu-west-1.amazonaws.com/public-cache/b4b1c2l9/application/ide/code:commit-940f23420544f76a67ae3ed32e726c9f9c9c4b3d/__files__/out/vs/workbench/workbench.web.main.js:2579:39942)
    at g.$deleteCommentThread (https://ide.codeinstitute-ide.net/blobserve/869456089606.dkr.ecr.eu-west-1.amazonaws.com/public-cache/b4b1c2l9/application/ide/code:commit-940f23420544f76a67ae3ed32e726c9f9c9c4b3d/__files__/out/vs/workbench/workbench.web.main.js:2579:43105)
    at v.S (https://ide.codeinstitute-ide.net/blobserve/869456089606.dkr.ecr.eu-west-1.amazonaws.com/public-cache/b4b1c2l9/application/ide/code:commit-940f23420544f76a67ae3ed32e726c9f9c9c4b3d/__files__/out/vs/workbench/workbench.web.main.js:1887:14599)
    at v.Q (https://ide.codeinstitute-ide.net/blobserve/869456089606.dkr.ecr.eu-west-1.amazonaws.com/public-cache/b4b1c2l9/application/ide/code:commit-940f23420544f76a67ae3ed32e726c9f9c9c4b3d/__files__/out/vs/workbench/workbench.web.main.js:1887:14365)
    at v.M (https://ide.codeinstitute-ide.net/blobserve/869456089606.dkr.ecr.eu-west-1.amazonaws.com/public-cache/b4b1c2l9/application/ide/code:commit-940f23420544f76a67ae3ed32e726c9f9c9c4b3d/__files__/out/vs/workbench/workbench.web.main.js:1887:13398)
    at v.L (https://ide.codeinstitute-ide.net/blobserve/869456089606.dkr.ecr.eu-west-1.amazonaws.com/public-cache/b4b1c2l9/application/ide/code:commit-940f23420544f76a67ae3ed32e726c9f9c9c4b3d/__files__/out/vs/workbench/workbench.web.main.js:1887:12233)
    at u.value (https://ide.codeinstitute-ide.net/blobserve/869456089606.dkr.ecr.eu-west-1.amazonaws.com/public-cache/b4b1c2l9/application/ide/code:commit-940f23420544f76a67ae3ed32e726c9f9c9c4b3d/__files__/out/vs/workbench/workbench.web.main.js:1887:10929)
    at h.y (https://ide.codeinstitute-ide.net/blobserve/869456089606.dkr.ecr.eu-west-1.amazonaws.com/public-cache/b4b1c2l9/application/ide/code:commit-940f23420544f76a67ae3ed32e726c9f9c9c4b3d/__files__/out/vs/workbench/workbench.web.main.js:89:659)
    at h.fire (https://ide.codeinstitute-ide.net/blobserve/869456089606.dkr.ecr.eu-west-1.amazonaws.com/public-cache/b4b1c2l9/application/ide/code:commit-940f23420544f76a67ae3ed32e726c9f9c9c4b3d/__files__/out/vs/workbench/workbench.web.main.js:89:876)
2024-06-25 13:24:23.637 [error] Error: unknown thread
    at n.k (https://ide.codeinstitute-ide.net/blobserve/869456089606.dkr.ecr.eu-west-1.amazonaws.com/public-cache/b4b1c2l9/application/ide/code:commit-940f23420544f76a67ae3ed32e726c9f9c9c4b3d/__files__/out/vs/workbench/workbench.web.main.js:2579:40496)
    at n.deleteCommentThread (https://ide.codeinstitute-ide.net/blobserve/869456089606.dkr.ecr.eu-west-1.amazonaws.com/public-cache/b4b1c2l9/application/ide/code:commit-940f23420544f76a67ae3ed32e726c9f9c9c4b3d/__files__/out/vs/workbench/workbench.web.main.js:2579:39942)
    at g.$deleteCommentThread (https://ide.codeinstitute-ide.net/blobserve/869456089606.dkr.ecr.eu-west-1.amazonaws.com/public-cache/b4b1c2l9/application/ide/code:commit-940f23420544f76a67ae3ed32e726c9f9c9c4b3d/__files__/out/vs/workbench/workbench.web.main.js:2579:43105)
    at v.S (https://ide.codeinstitute-ide.net/blobserve/869456089606.dkr.ecr.eu-west-1.amazonaws.com/public-cache/b4b1c2l9/application/ide/code:commit-940f23420544f76a67ae3ed32e726c9f9c9c4b3d/__files__/out/vs/workbench/workbench.web.main.js:1887:14599)
    at v.Q (https://ide.codeinstitute-ide.net/blobserve/869456089606.dkr.ecr.eu-west-1.amazonaws.com/public-cache/b4b1c2l9/application/ide/code:commit-940f23420544f76a67ae3ed32e726c9f9c9c4b3d/__files__/out/vs/workbench/workbench.web.main.js:1887:14365)
    at v.M (https://ide.codeinstitute-ide.net/blobserve/869456089606.dkr.ecr.eu-west-1.amazonaws.com/public-cache/b4b1c2l9/application/ide/code:commit-940f23420544f76a67ae3ed32e726c9f9c9c4b3d/__files__/out/vs/workbench/workbench.web.main.js:1887:13398)
    at v.L (https://ide.codeinstitute-ide.net/blobserve/869456089606.dkr.ecr.eu-west-1.amazonaws.com/public-cache/b4b1c2l9/application/ide/code:commit-940f23420544f76a67ae3ed32e726c9f9c9c4b3d/__files__/out/vs/workbench/workbench.web.main.js:1887:12233)
    at u.value (https://ide.codeinstitute-ide.net/blobserve/869456089606.dkr.ecr.eu-west-1.amazonaws.com/public-cache/b4b1c2l9/application/ide/code:commit-940f23420544f76a67ae3ed32e726c9f9c9c4b3d/__files__/out/vs/workbench/workbench.web.main.js:1887:10929)
    at h.y (https://ide.codeinstitute-ide.net/blobserve/869456089606.dkr.ecr.eu-west-1.amazonaws.com/public-cache/b4b1c2l9/application/ide/code:commit-940f23420544f76a67ae3ed32e726c9f9c9c4b3d/__files__/out/vs/workbench/workbench.web.main.js:89:659)
    at h.fire (https://ide.codeinstitute-ide.net/blobserve/869456089606.dkr.ecr.eu-west-1.amazonaws.com/public-cache/b4b1c2l9/application/ide/code:commit-940f23420544f76a67ae3ed32e726c9f9c9c4b3d/__files__/out/vs/workbench/workbench.web.main.js:89:876)
2024-06-25 13:24:23.637 [error] Error: unknown thread
    at n.k (https://ide.codeinstitute-ide.net/blobserve/869456089606.dkr.ecr.eu-west-1.amazonaws.com/public-cache/b4b1c2l9/application/ide/code:commit-940f23420544f76a67ae3ed32e726c9f9c9c4b3d/__files__/out/vs/workbench/workbench.web.main.js:2579:40496)
    at n.deleteCommentThread (https://ide.codeinstitute-ide.net/blobserve/869456089606.dkr.ecr.eu-west-1.amazonaws.com/public-cache/b4b1c2l9/application/ide/code:commit-940f23420544f76a67ae3ed32e726c9f9c9c4b3d/__files__/out/vs/workbench/workbench.web.main.js:2579:39942)
    at g.$deleteCommentThread (https://ide.codeinstitute-ide.net/blobserve/869456089606.dkr.ecr.eu-west-1.amazonaws.com/public-cache/b4b1c2l9/application/ide/code:commit-940f23420544f76a67ae3ed32e726c9f9c9c4b3d/__files__/out/vs/workbench/workbench.web.main.js:2579:43105)
    at v.S (https://ide.codeinstitute-ide.net/blobserve/869456089606.dkr.ecr.eu-west-1.amazonaws.com/public-cache/b4b1c2l9/application/ide/code:commit-940f23420544f76a67ae3ed32e726c9f9c9c4b3d/__files__/out/vs/workbench/workbench.web.main.js:1887:14599)
    at v.Q (https://ide.codeinstitute-ide.net/blobserve/869456089606.dkr.ecr.eu-west-1.amazonaws.com/public-cache/b4b1c2l9/application/ide/code:commit-940f23420544f76a67ae3ed32e726c9f9c9c4b3d/__files__/out/vs/workbench/workbench.web.main.js:1887:14365)
    at v.M (https://ide.codeinstitute-ide.net/blobserve/869456089606.dkr.ecr.eu-west-1.amazonaws.com/public-cache/b4b1c2l9/application/ide/code:commit-940f23420544f76a67ae3ed32e726c9f9c9c4b3d/__files__/out/vs/workbench/workbench.web.main.js:1887:13398)
    at v.L (https://ide.codeinstitute-ide.net/blobserve/869456089606.dkr.ecr.eu-west-1.amazonaws.com/public-cache/b4b1c2l9/application/ide/code:commit-940f23420544f76a67ae3ed32e726c9f9c9c4b3d/__files__/out/vs/workbench/workbench.web.main.js:1887:12233)
    at u.value (https://ide.codeinstitute-ide.net/blobserve/869456089606.dkr.ecr.eu-west-1.amazonaws.com/public-cache/b4b1c2l9/application/ide/code:commit-940f23420544f76a67ae3ed32e726c9f9c9c4b3d/__files__/out/vs/workbench/workbench.web.main.js:1887:10929)
    at h.y (https://ide.codeinstitute-ide.net/blobserve/869456089606.dkr.ecr.eu-west-1.amazonaws.com/public-cache/b4b1c2l9/application/ide/code:commit-940f23420544f76a67ae3ed32e726c9f9c9c4b3d/__files__/out/vs/workbench/workbench.web.main.js:89:659)
    at h.fire (https://ide.codeinstitute-ide.net/blobserve/869456089606.dkr.ecr.eu-west-1.amazonaws.com/public-cache/b4b1c2l9/application/ide/code:commit-940f23420544f76a67ae3ed32e726c9f9c9c4b3d/__files__/out/vs/workbench/workbench.web.main.js:89:876)
2024-06-25 13:24:23.637 [error] Error: unknown thread
    at n.k (https://ide.codeinstitute-ide.net/blobserve/869456089606.dkr.ecr.eu-west-1.amazonaws.com/public-cache/b4b1c2l9/application/ide/code:commit-940f23420544f76a67ae3ed32e726c9f9c9c4b3d/__files__/out/vs/workbench/workbench.web.main.js:2579:40496)
    at n.deleteCommentThread (https://ide.codeinstitute-ide.net/blobserve/869456089606.dkr.ecr.eu-west-1.amazonaws.com/public-cache/b4b1c2l9/application/ide/code:commit-940f23420544f76a67ae3ed32e726c9f9c9c4b3d/__files__/out/vs/workbench/workbench.web.main.js:2579:39942)
    at g.$deleteCommentThread (https://ide.codeinstitute-ide.net/blobserve/869456089606.dkr.ecr.eu-west-1.amazonaws.com/public-cache/b4b1c2l9/application/ide/code:commit-940f23420544f76a67ae3ed32e726c9f9c9c4b3d/__files__/out/vs/workbench/workbench.web.main.js:2579:43105)
    at v.S (https://ide.codeinstitute-ide.net/blobserve/869456089606.dkr.ecr.eu-west-1.amazonaws.com/public-cache/b4b1c2l9/application/ide/code:commit-940f23420544f76a67ae3ed32e726c9f9c9c4b3d/__files__/out/vs/workbench/workbench.web.main.js:1887:14599)
    at v.Q (https://ide.codeinstitute-ide.net/blobserve/869456089606.dkr.ecr.eu-west-1.amazonaws.com/public-cache/b4b1c2l9/application/ide/code:commit-940f23420544f76a67ae3ed32e726c9f9c9c4b3d/__files__/out/vs/workbench/workbench.web.main.js:1887:14365)
    at v.M (https://ide.codeinstitute-ide.net/blobserve/869456089606.dkr.ecr.eu-west-1.amazonaws.com/public-cache/b4b1c2l9/application/ide/code:commit-940f23420544f76a67ae3ed32e726c9f9c9c4b3d/__files__/out/vs/workbench/workbench.web.main.js:1887:13398)
    at v.L (https://ide.codeinstitute-ide.net/blobserve/869456089606.dkr.ecr.eu-west-1.amazonaws.com/public-cache/b4b1c2l9/application/ide/code:commit-940f23420544f76a67ae3ed32e726c9f9c9c4b3d/__files__/out/vs/workbench/workbench.web.main.js:1887:12233)
    at u.value (https://ide.codeinstitute-ide.net/blobserve/869456089606.dkr.ecr.eu-west-1.amazonaws.com/public-cache/b4b1c2l9/application/ide/code:commit-940f23420544f76a67ae3ed32e726c9f9c9c4b3d/__files__/out/vs/workbench/workbench.web.main.js:1887:10929)
    at h.y (https://ide.codeinstitute-ide.net/blobserve/869456089606.dkr.ecr.eu-west-1.amazonaws.com/public-cache/b4b1c2l9/application/ide/code:commit-940f23420544f76a67ae3ed32e726c9f9c9c4b3d/__files__/out/vs/workbench/workbench.web.main.js:89:659)
    at h.fire (https://ide.codeinstitute-ide.net/blobserve/869456089606.dkr.ecr.eu-west-1.amazonaws.com/public-cache/b4b1c2l9/application/ide/code:commit-940f23420544f76a67ae3ed32e726c9f9c9c4b3d/__files__/out/vs/workbench/workbench.web.main.js:89:876)
2024-06-25 13:24:23.637 [error] Error: unknown thread
    at n.k (https://ide.codeinstitute-ide.net/blobserve/869456089606.dkr.ecr.eu-west-1.amazonaws.com/public-cache/b4b1c2l9/application/ide/code:commit-940f23420544f76a67ae3ed32e726c9f9c9c4b3d/__files__/out/vs/workbench/workbench.web.main.js:2579:40496)
    at n.deleteCommentThread (https://ide.codeinstitute-ide.net/blobserve/869456089606.dkr.ecr.eu-west-1.amazonaws.com/public-cache/b4b1c2l9/application/ide/code:commit-940f23420544f76a67ae3ed32e726c9f9c9c4b3d/__files__/out/vs/workbench/workbench.web.main.js:2579:39942)
    at g.$deleteCommentThread (https://ide.codeinstitute-ide.net/blobserve/869456089606.dkr.ecr.eu-west-1.amazonaws.com/public-cache/b4b1c2l9/application/ide/code:commit-940f23420544f76a67ae3ed32e726c9f9c9c4b3d/__files__/out/vs/workbench/workbench.web.main.js:2579:43105)
    at v.S (https://ide.codeinstitute-ide.net/blobserve/869456089606.dkr.ecr.eu-west-1.amazonaws.com/public-cache/b4b1c2l9/application/ide/code:commit-940f23420544f76a67ae3ed32e726c9f9c9c4b3d/__files__/out/vs/workbench/workbench.web.main.js:1887:14599)
    at v.Q (https://ide.codeinstitute-ide.net/blobserve/869456089606.dkr.ecr.eu-west-1.amazonaws.com/public-cache/b4b1c2l9/application/ide/code:commit-940f23420544f76a67ae3ed32e726c9f9c9c4b3d/__files__/out/vs/workbench/workbench.web.main.js:1887:14365)
    at v.M (https://ide.codeinstitute-ide.net/blobserve/869456089606.dkr.ecr.eu-west-1.amazonaws.com/public-cache/b4b1c2l9/application/ide/code:commit-940f23420544f76a67ae3ed32e726c9f9c9c4b3d/__files__/out/vs/workbench/workbench.web.main.js:1887:13398)
    at v.L (https://ide.codeinstitute-ide.net/blobserve/869456089606.dkr.ecr.eu-west-1.amazonaws.com/public-cache/b4b1c2l9/application/ide/code:commit-940f23420544f76a67ae3ed32e726c9f9c9c4b3d/__files__/out/vs/workbench/workbench.web.main.js:1887:12233)
    at u.value (https://ide.codeinstitute-ide.net/blobserve/869456089606.dkr.ecr.eu-west-1.amazonaws.com/public-cache/b4b1c2l9/application/ide/code:commit-940f23420544f76a67ae3ed32e726c9f9c9c4b3d/__files__/out/vs/workbench/workbench.web.main.js:1887:10929)
    at h.y (https://ide.codeinstitute-ide.net/blobserve/869456089606.dkr.ecr.eu-west-1.amazonaws.com/public-cache/b4b1c2l9/application/ide/code:commit-940f23420544f76a67ae3ed32e726c9f9c9c4b3d/__files__/out/vs/workbench/workbench.web.main.js:89:659)
    at h.fire (https://ide.codeinstitute-ide.net/blobserve/869456089606.dkr.ecr.eu-west-1.amazonaws.com/public-cache/b4b1c2l9/application/ide/code:commit-940f23420544f76a67ae3ed32e726c9f9c9c4b3d/__files__/out/vs/workbench/workbench.web.main.js:89:876)
2024-06-25 13:24:23.637 [error] Error: unknown thread
    at n.k (https://ide.codeinstitute-ide.net/blobserve/869456089606.dkr.ecr.eu-west-1.amazonaws.com/public-cache/b4b1c2l9/application/ide/code:commit-940f23420544f76a67ae3ed32e726c9f9c9c4b3d/__files__/out/vs/workbench/workbench.web.main.js:2579:40496)
    at n.deleteCommentThread (https://ide.codeinstitute-ide.net/blobserve/869456089606.dkr.ecr.eu-west-1.amazonaws.com/public-cache/b4b1c2l9/application/ide/code:commit-940f23420544f76a67ae3ed32e726c9f9c9c4b3d/__files__/out/vs/workbench/workbench.web.main.js:2579:39942)
    at g.$deleteCommentThread (https://ide.codeinstitute-ide.net/blobserve/869456089606.dkr.ecr.eu-west-1.amazonaws.com/public-cache/b4b1c2l9/application/ide/code:commit-940f23420544f76a67ae3ed32e726c9f9c9c4b3d/__files__/out/vs/workbench/workbench.web.main.js:2579:43105)
    at v.S (https://ide.codeinstitute-ide.net/blobserve/869456089606.dkr.ecr.eu-west-1.amazonaws.com/public-cache/b4b1c2l9/application/ide/code:commit-940f23420544f76a67ae3ed32e726c9f9c9c4b3d/__files__/out/vs/workbench/workbench.web.main.js:1887:14599)
    at v.Q (https://ide.codeinstitute-ide.net/blobserve/869456089606.dkr.ecr.eu-west-1.amazonaws.com/public-cache/b4b1c2l9/application/ide/code:commit-940f23420544f76a67ae3ed32e726c9f9c9c4b3d/__files__/out/vs/workbench/workbench.web.main.js:1887:14365)
    at v.M (https://ide.codeinstitute-ide.net/blobserve/869456089606.dkr.ecr.eu-west-1.amazonaws.com/public-cache/b4b1c2l9/application/ide/code:commit-940f23420544f76a67ae3ed32e726c9f9c9c4b3d/__files__/out/vs/workbench/workbench.web.main.js:1887:13398)
    at v.L (https://ide.codeinstitute-ide.net/blobserve/869456089606.dkr.ecr.eu-west-1.amazonaws.com/public-cache/b4b1c2l9/application/ide/code:commit-940f23420544f76a67ae3ed32e726c9f9c9c4b3d/__files__/out/vs/workbench/workbench.web.main.js:1887:12233)
    at u.value (https://ide.codeinstitute-ide.net/blobserve/869456089606.dkr.ecr.eu-west-1.amazonaws.com/public-cache/b4b1c2l9/application/ide/code:commit-940f23420544f76a67ae3ed32e726c9f9c9c4b3d/__files__/out/vs/workbench/workbench.web.main.js:1887:10929)
    at h.y (https://ide.codeinstitute-ide.net/blobserve/869456089606.dkr.ecr.eu-west-1.amazonaws.com/public-cache/b4b1c2l9/application/ide/code:commit-940f23420544f76a67ae3ed32e726c9f9c9c4b3d/__files__/out/vs/workbench/workbench.web.main.js:89:659)
    at h.fire (https://ide.codeinstitute-ide.net/blobserve/869456089606.dkr.ecr.eu-west-1.amazonaws.com/public-cache/b4b1c2l9/application/ide/code:commit-940f23420544f76a67ae3ed32e726c9f9c9c4b3d/__files__/out/vs/workbench/workbench.web.main.js:89:876)
2024-06-25 13:24:23.637 [error] Error: unknown thread
    at n.k (https://ide.codeinstitute-ide.net/blobserve/869456089606.dkr.ecr.eu-west-1.amazonaws.com/public-cache/b4b1c2l9/application/ide/code:commit-940f23420544f76a67ae3ed32e726c9f9c9c4b3d/__files__/out/vs/workbench/workbench.web.main.js:2579:40496)
    at n.deleteCommentThread (https://ide.codeinstitute-ide.net/blobserve/869456089606.dkr.ecr.eu-west-1.amazonaws.com/public-cache/b4b1c2l9/application/ide/code:commit-940f23420544f76a67ae3ed32e726c9f9c9c4b3d/__files__/out/vs/workbench/workbench.web.main.js:2579:39942)
    at g.$deleteCommentThread (https://ide.codeinstitute-ide.net/blobserve/869456089606.dkr.ecr.eu-west-1.amazonaws.com/public-cache/b4b1c2l9/application/ide/code:commit-940f23420544f76a67ae3ed32e726c9f9c9c4b3d/__files__/out/vs/workbench/workbench.web.main.js:2579:43105)
    at v.S (https://ide.codeinstitute-ide.net/blobserve/869456089606.dkr.ecr.eu-west-1.amazonaws.com/public-cache/b4b1c2l9/application/ide/code:commit-940f23420544f76a67ae3ed32e726c9f9c9c4b3d/__files__/out/vs/workbench/workbench.web.main.js:1887:14599)
    at v.Q (https://ide.codeinstitute-ide.net/blobserve/869456089606.dkr.ecr.eu-west-1.amazonaws.com/public-cache/b4b1c2l9/application/ide/code:commit-940f23420544f76a67ae3ed32e726c9f9c9c4b3d/__files__/out/vs/workbench/workbench.web.main.js:1887:14365)
    at v.M (https://ide.codeinstitute-ide.net/blobserve/869456089606.dkr.ecr.eu-west-1.amazonaws.com/public-cache/b4b1c2l9/application/ide/code:commit-940f23420544f76a67ae3ed32e726c9f9c9c4b3d/__files__/out/vs/workbench/workbench.web.main.js:1887:13398)
    at v.L (https://ide.codeinstitute-ide.net/blobserve/869456089606.dkr.ecr.eu-west-1.amazonaws.com/public-cache/b4b1c2l9/application/ide/code:commit-940f23420544f76a67ae3ed32e726c9f9c9c4b3d/__files__/out/vs/workbench/workbench.web.main.js:1887:12233)
    at u.value (https://ide.codeinstitute-ide.net/blobserve/869456089606.dkr.ecr.eu-west-1.amazonaws.com/public-cache/b4b1c2l9/application/ide/code:commit-940f23420544f76a67ae3ed32e726c9f9c9c4b3d/__files__/out/vs/workbench/workbench.web.main.js:1887:10929)
    at h.y (https://ide.codeinstitute-ide.net/blobserve/869456089606.dkr.ecr.eu-west-1.amazonaws.com/public-cache/b4b1c2l9/application/ide/code:commit-940f23420544f76a67ae3ed32e726c9f9c9c4b3d/__files__/out/vs/workbench/workbench.web.main.js:89:659)
    at h.fire (https://ide.codeinstitute-ide.net/blobserve/869456089606.dkr.ecr.eu-west-1.amazonaws.com/public-cache/b4b1c2l9/application/ide/code:commit-940f23420544f76a67ae3ed32e726c9f9c9c4b3d/__files__/out/vs/workbench/workbench.web.main.js:89:876)
2024-06-25 13:26:20.884 [error] Error: unknown thread
    at n.k (https://ide.codeinstitute-ide.net/blobserve/869456089606.dkr.ecr.eu-west-1.amazonaws.com/public-cache/b4b1c2l9/application/ide/code:commit-940f23420544f76a67ae3ed32e726c9f9c9c4b3d/__files__/out/vs/workbench/workbench.web.main.js:2579:40496)
    at n.deleteCommentThread (https://ide.codeinstitute-ide.net/blobserve/869456089606.dkr.ecr.eu-west-1.amazonaws.com/public-cache/b4b1c2l9/application/ide/code:commit-940f23420544f76a67ae3ed32e726c9f9c9c4b3d/__files__/out/vs/workbench/workbench.web.main.js:2579:39942)
    at g.$deleteCommentThread (https://ide.codeinstitute-ide.net/blobserve/869456089606.dkr.ecr.eu-west-1.amazonaws.com/public-cache/b4b1c2l9/application/ide/code:commit-940f23420544f76a67ae3ed32e726c9f9c9c4b3d/__files__/out/vs/workbench/workbench.web.main.js:2579:43105)
    at v.S (https://ide.codeinstitute-ide.net/blobserve/869456089606.dkr.ecr.eu-west-1.amazonaws.com/public-cache/b4b1c2l9/application/ide/code:commit-940f23420544f76a67ae3ed32e726c9f9c9c4b3d/__files__/out/vs/workbench/workbench.web.main.js:1887:14599)
    at v.Q (https://ide.codeinstitute-ide.net/blobserve/869456089606.dkr.ecr.eu-west-1.amazonaws.com/public-cache/b4b1c2l9/application/ide/code:commit-940f23420544f76a67ae3ed32e726c9f9c9c4b3d/__files__/out/vs/workbench/workbench.web.main.js:1887:14365)
    at v.M (https://ide.codeinstitute-ide.net/blobserve/869456089606.dkr.ecr.eu-west-1.amazonaws.com/public-cache/b4b1c2l9/application/ide/code:commit-940f23420544f76a67ae3ed32e726c9f9c9c4b3d/__files__/out/vs/workbench/workbench.web.main.js:1887:13398)
    at v.L (https://ide.codeinstitute-ide.net/blobserve/869456089606.dkr.ecr.eu-west-1.amazonaws.com/public-cache/b4b1c2l9/application/ide/code:commit-940f23420544f76a67ae3ed32e726c9f9c9c4b3d/__files__/out/vs/workbench/workbench.web.main.js:1887:12233)
    at u.value (https://ide.codeinstitute-ide.net/blobserve/869456089606.dkr.ecr.eu-west-1.amazonaws.com/public-cache/b4b1c2l9/application/ide/code:commit-940f23420544f76a67ae3ed32e726c9f9c9c4b3d/__files__/out/vs/workbench/workbench.web.main.js:1887:10929)
    at h.y (https://ide.codeinstitute-ide.net/blobserve/869456089606.dkr.ecr.eu-west-1.amazonaws.com/public-cache/b4b1c2l9/application/ide/code:commit-940f23420544f76a67ae3ed32e726c9f9c9c4b3d/__files__/out/vs/workbench/workbench.web.main.js:89:659)
    at h.fire (https://ide.codeinstitute-ide.net/blobserve/869456089606.dkr.ecr.eu-west-1.amazonaws.com/public-cache/b4b1c2l9/application/ide/code:commit-940f23420544f76a67ae3ed32e726c9f9c9c4b3d/__files__/out/vs/workbench/workbench.web.main.js:89:876)
2024-06-25 13:26:20.884 [error] Error: unknown thread
    at n.k (https://ide.codeinstitute-ide.net/blobserve/869456089606.dkr.ecr.eu-west-1.amazonaws.com/public-cache/b4b1c2l9/application/ide/code:commit-940f23420544f76a67ae3ed32e726c9f9c9c4b3d/__files__/out/vs/workbench/workbench.web.main.js:2579:40496)
    at n.deleteCommentThread (https://ide.codeinstitute-ide.net/blobserve/869456089606.dkr.ecr.eu-west-1.amazonaws.com/public-cache/b4b1c2l9/application/ide/code:commit-940f23420544f76a67ae3ed32e726c9f9c9c4b3d/__files__/out/vs/workbench/workbench.web.main.js:2579:39942)
    at g.$deleteCommentThread (https://ide.codeinstitute-ide.net/blobserve/869456089606.dkr.ecr.eu-west-1.amazonaws.com/public-cache/b4b1c2l9/application/ide/code:commit-940f23420544f76a67ae3ed32e726c9f9c9c4b3d/__files__/out/vs/workbench/workbench.web.main.js:2579:43105)
    at v.S (https://ide.codeinstitute-ide.net/blobserve/869456089606.dkr.ecr.eu-west-1.amazonaws.com/public-cache/b4b1c2l9/application/ide/code:commit-940f23420544f76a67ae3ed32e726c9f9c9c4b3d/__files__/out/vs/workbench/workbench.web.main.js:1887:14599)
    at v.Q (https://ide.codeinstitute-ide.net/blobserve/869456089606.dkr.ecr.eu-west-1.amazonaws.com/public-cache/b4b1c2l9/application/ide/code:commit-940f23420544f76a67ae3ed32e726c9f9c9c4b3d/__files__/out/vs/workbench/workbench.web.main.js:1887:14365)
    at v.M (https://ide.codeinstitute-ide.net/blobserve/869456089606.dkr.ecr.eu-west-1.amazonaws.com/public-cache/b4b1c2l9/application/ide/code:commit-940f23420544f76a67ae3ed32e726c9f9c9c4b3d/__files__/out/vs/workbench/workbench.web.main.js:1887:13398)
    at v.L (https://ide.codeinstitute-ide.net/blobserve/869456089606.dkr.ecr.eu-west-1.amazonaws.com/public-cache/b4b1c2l9/application/ide/code:commit-940f23420544f76a67ae3ed32e726c9f9c9c4b3d/__files__/out/vs/workbench/workbench.web.main.js:1887:12233)
    at u.value (https://ide.codeinstitute-ide.net/blobserve/869456089606.dkr.ecr.eu-west-1.amazonaws.com/public-cache/b4b1c2l9/application/ide/code:commit-940f23420544f76a67ae3ed32e726c9f9c9c4b3d/__files__/out/vs/workbench/workbench.web.main.js:1887:10929)
    at h.y (https://ide.codeinstitute-ide.net/blobserve/869456089606.dkr.ecr.eu-west-1.amazonaws.com/public-cache/b4b1c2l9/application/ide/code:commit-940f23420544f76a67ae3ed32e726c9f9c9c4b3d/__files__/out/vs/workbench/workbench.web.main.js:89:659)
    at h.fire (https://ide.codeinstitute-ide.net/blobserve/869456089606.dkr.ecr.eu-west-1.amazonaws.com/public-cache/b4b1c2l9/application/ide/code:commit-940f23420544f76a67ae3ed32e726c9f9c9c4b3d/__files__/out/vs/workbench/workbench.web.main.js:89:876)
2024-06-25 13:26:20.884 [error] Error: unknown thread
    at n.k (https://ide.codeinstitute-ide.net/blobserve/869456089606.dkr.ecr.eu-west-1.amazonaws.com/public-cache/b4b1c2l9/application/ide/code:commit-940f23420544f76a67ae3ed32e726c9f9c9c4b3d/__files__/out/vs/workbench/workbench.web.main.js:2579:40496)
    at n.deleteCommentThread (https://ide.codeinstitute-ide.net/blobserve/869456089606.dkr.ecr.eu-west-1.amazonaws.com/public-cache/b4b1c2l9/application/ide/code:commit-940f23420544f76a67ae3ed32e726c9f9c9c4b3d/__files__/out/vs/workbench/workbench.web.main.js:2579:39942)
    at g.$deleteCommentThread (https://ide.codeinstitute-ide.net/blobserve/869456089606.dkr.ecr.eu-west-1.amazonaws.com/public-cache/b4b1c2l9/application/ide/code:commit-940f23420544f76a67ae3ed32e726c9f9c9c4b3d/__files__/out/vs/workbench/workbench.web.main.js:2579:43105)
    at v.S (https://ide.codeinstitute-ide.net/blobserve/869456089606.dkr.ecr.eu-west-1.amazonaws.com/public-cache/b4b1c2l9/application/ide/code:commit-940f23420544f76a67ae3ed32e726c9f9c9c4b3d/__files__/out/vs/workbench/workbench.web.main.js:1887:14599)
    at v.Q (https://ide.codeinstitute-ide.net/blobserve/869456089606.dkr.ecr.eu-west-1.amazonaws.com/public-cache/b4b1c2l9/application/ide/code:commit-940f23420544f76a67ae3ed32e726c9f9c9c4b3d/__files__/out/vs/workbench/workbench.web.main.js:1887:14365)
    at v.M (https://ide.codeinstitute-ide.net/blobserve/869456089606.dkr.ecr.eu-west-1.amazonaws.com/public-cache/b4b1c2l9/application/ide/code:commit-940f23420544f76a67ae3ed32e726c9f9c9c4b3d/__files__/out/vs/workbench/workbench.web.main.js:1887:13398)
    at v.L (https://ide.codeinstitute-ide.net/blobserve/869456089606.dkr.ecr.eu-west-1.amazonaws.com/public-cache/b4b1c2l9/application/ide/code:commit-940f23420544f76a67ae3ed32e726c9f9c9c4b3d/__files__/out/vs/workbench/workbench.web.main.js:1887:12233)
    at u.value (https://ide.codeinstitute-ide.net/blobserve/869456089606.dkr.ecr.eu-west-1.amazonaws.com/public-cache/b4b1c2l9/application/ide/code:commit-940f23420544f76a67ae3ed32e726c9f9c9c4b3d/__files__/out/vs/workbench/workbench.web.main.js:1887:10929)
    at h.y (https://ide.codeinstitute-ide.net/blobserve/869456089606.dkr.ecr.eu-west-1.amazonaws.com/public-cache/b4b1c2l9/application/ide/code:commit-940f23420544f76a67ae3ed32e726c9f9c9c4b3d/__files__/out/vs/workbench/workbench.web.main.js:89:659)
    at h.fire (https://ide.codeinstitute-ide.net/blobserve/869456089606.dkr.ecr.eu-west-1.amazonaws.com/public-cache/b4b1c2l9/application/ide/code:commit-940f23420544f76a67ae3ed32e726c9f9c9c4b3d/__files__/out/vs/workbench/workbench.web.main.js:89:876)
2024-06-25 13:26:20.885 [error] Error: unknown thread
    at n.k (https://ide.codeinstitute-ide.net/blobserve/869456089606.dkr.ecr.eu-west-1.amazonaws.com/public-cache/b4b1c2l9/application/ide/code:commit-940f23420544f76a67ae3ed32e726c9f9c9c4b3d/__files__/out/vs/workbench/workbench.web.main.js:2579:40496)
    at n.deleteCommentThread (https://ide.codeinstitute-ide.net/blobserve/869456089606.dkr.ecr.eu-west-1.amazonaws.com/public-cache/b4b1c2l9/application/ide/code:commit-940f23420544f76a67ae3ed32e726c9f9c9c4b3d/__files__/out/vs/workbench/workbench.web.main.js:2579:39942)
    at g.$deleteCommentThread (https://ide.codeinstitute-ide.net/blobserve/869456089606.dkr.ecr.eu-west-1.amazonaws.com/public-cache/b4b1c2l9/application/ide/code:commit-940f23420544f76a67ae3ed32e726c9f9c9c4b3d/__files__/out/vs/workbench/workbench.web.main.js:2579:43105)
    at v.S (https://ide.codeinstitute-ide.net/blobserve/869456089606.dkr.ecr.eu-west-1.amazonaws.com/public-cache/b4b1c2l9/application/ide/code:commit-940f23420544f76a67ae3ed32e726c9f9c9c4b3d/__files__/out/vs/workbench/workbench.web.main.js:1887:14599)
    at v.Q (https://ide.codeinstitute-ide.net/blobserve/869456089606.dkr.ecr.eu-west-1.amazonaws.com/public-cache/b4b1c2l9/application/ide/code:commit-940f23420544f76a67ae3ed32e726c9f9c9c4b3d/__files__/out/vs/workbench/workbench.web.main.js:1887:14365)
    at v.M (https://ide.codeinstitute-ide.net/blobserve/869456089606.dkr.ecr.eu-west-1.amazonaws.com/public-cache/b4b1c2l9/application/ide/code:commit-940f23420544f76a67ae3ed32e726c9f9c9c4b3d/__files__/out/vs/workbench/workbench.web.main.js:1887:13398)
    at v.L (https://ide.codeinstitute-ide.net/blobserve/869456089606.dkr.ecr.eu-west-1.amazonaws.com/public-cache/b4b1c2l9/application/ide/code:commit-940f23420544f76a67ae3ed32e726c9f9c9c4b3d/__files__/out/vs/workbench/workbench.web.main.js:1887:12233)
    at u.value (https://ide.codeinstitute-ide.net/blobserve/869456089606.dkr.ecr.eu-west-1.amazonaws.com/public-cache/b4b1c2l9/application/ide/code:commit-940f23420544f76a67ae3ed32e726c9f9c9c4b3d/__files__/out/vs/workbench/workbench.web.main.js:1887:10929)
    at h.y (https://ide.codeinstitute-ide.net/blobserve/869456089606.dkr.ecr.eu-west-1.amazonaws.com/public-cache/b4b1c2l9/application/ide/code:commit-940f23420544f76a67ae3ed32e726c9f9c9c4b3d/__files__/out/vs/workbench/workbench.web.main.js:89:659)
    at h.fire (https://ide.codeinstitute-ide.net/blobserve/869456089606.dkr.ecr.eu-west-1.amazonaws.com/public-cache/b4b1c2l9/application/ide/code:commit-940f23420544f76a67ae3ed32e726c9f9c9c4b3d/__files__/out/vs/workbench/workbench.web.main.js:89:876)
2024-06-25 13:26:20.885 [error] Error: unknown thread
    at n.k (https://ide.codeinstitute-ide.net/blobserve/869456089606.dkr.ecr.eu-west-1.amazonaws.com/public-cache/b4b1c2l9/application/ide/code:commit-940f23420544f76a67ae3ed32e726c9f9c9c4b3d/__files__/out/vs/workbench/workbench.web.main.js:2579:40496)
    at n.deleteCommentThread (https://ide.codeinstitute-ide.net/blobserve/869456089606.dkr.ecr.eu-west-1.amazonaws.com/public-cache/b4b1c2l9/application/ide/code:commit-940f23420544f76a67ae3ed32e726c9f9c9c4b3d/__files__/out/vs/workbench/workbench.web.main.js:2579:39942)
    at g.$deleteCommentThread (https://ide.codeinstitute-ide.net/blobserve/869456089606.dkr.ecr.eu-west-1.amazonaws.com/public-cache/b4b1c2l9/application/ide/code:commit-940f23420544f76a67ae3ed32e726c9f9c9c4b3d/__files__/out/vs/workbench/workbench.web.main.js:2579:43105)
    at v.S (https://ide.codeinstitute-ide.net/blobserve/869456089606.dkr.ecr.eu-west-1.amazonaws.com/public-cache/b4b1c2l9/application/ide/code:commit-940f23420544f76a67ae3ed32e726c9f9c9c4b3d/__files__/out/vs/workbench/workbench.web.main.js:1887:14599)
    at v.Q (https://ide.codeinstitute-ide.net/blobserve/869456089606.dkr.ecr.eu-west-1.amazonaws.com/public-cache/b4b1c2l9/application/ide/code:commit-940f23420544f76a67ae3ed32e726c9f9c9c4b3d/__files__/out/vs/workbench/workbench.web.main.js:1887:14365)
    at v.M (https://ide.codeinstitute-ide.net/blobserve/869456089606.dkr.ecr.eu-west-1.amazonaws.com/public-cache/b4b1c2l9/application/ide/code:commit-940f23420544f76a67ae3ed32e726c9f9c9c4b3d/__files__/out/vs/workbench/workbench.web.main.js:1887:13398)
    at v.L (https://ide.codeinstitute-ide.net/blobserve/869456089606.dkr.ecr.eu-west-1.amazonaws.com/public-cache/b4b1c2l9/application/ide/code:commit-940f23420544f76a67ae3ed32e726c9f9c9c4b3d/__files__/out/vs/workbench/workbench.web.main.js:1887:12233)
    at u.value (https://ide.codeinstitute-ide.net/blobserve/869456089606.dkr.ecr.eu-west-1.amazonaws.com/public-cache/b4b1c2l9/application/ide/code:commit-940f23420544f76a67ae3ed32e726c9f9c9c4b3d/__files__/out/vs/workbench/workbench.web.main.js:1887:10929)
    at h.y (https://ide.codeinstitute-ide.net/blobserve/869456089606.dkr.ecr.eu-west-1.amazonaws.com/public-cache/b4b1c2l9/application/ide/code:commit-940f23420544f76a67ae3ed32e726c9f9c9c4b3d/__files__/out/vs/workbench/workbench.web.main.js:89:659)
    at h.fire (https://ide.codeinstitute-ide.net/blobserve/869456089606.dkr.ecr.eu-west-1.amazonaws.com/public-cache/b4b1c2l9/application/ide/code:commit-940f23420544f76a67ae3ed32e726c9f9c9c4b3d/__files__/out/vs/workbench/workbench.web.main.js:89:876)
2024-06-25 13:39:16.922 [error] Error: unknown thread
    at n.k (https://ide.codeinstitute-ide.net/blobserve/869456089606.dkr.ecr.eu-west-1.amazonaws.com/public-cache/b4b1c2l9/application/ide/code:commit-940f23420544f76a67ae3ed32e726c9f9c9c4b3d/__files__/out/vs/workbench/workbench.web.main.js:2579:40496)
    at n.deleteCommentThread (https://ide.codeinstitute-ide.net/blobserve/869456089606.dkr.ecr.eu-west-1.amazonaws.com/public-cache/b4b1c2l9/application/ide/code:commit-940f23420544f76a67ae3ed32e726c9f9c9c4b3d/__files__/out/vs/workbench/workbench.web.main.js:2579:39942)
    at g.$deleteCommentThread (https://ide.codeinstitute-ide.net/blobserve/869456089606.dkr.ecr.eu-west-1.amazonaws.com/public-cache/b4b1c2l9/application/ide/code:commit-940f23420544f76a67ae3ed32e726c9f9c9c4b3d/__files__/out/vs/workbench/workbench.web.main.js:2579:43105)
    at v.S (https://ide.codeinstitute-ide.net/blobserve/869456089606.dkr.ecr.eu-west-1.amazonaws.com/public-cache/b4b1c2l9/application/ide/code:commit-940f23420544f76a67ae3ed32e726c9f9c9c4b3d/__files__/out/vs/workbench/workbench.web.main.js:1887:14599)
    at v.Q (https://ide.codeinstitute-ide.net/blobserve/869456089606.dkr.ecr.eu-west-1.amazonaws.com/public-cache/b4b1c2l9/application/ide/code:commit-940f23420544f76a67ae3ed32e726c9f9c9c4b3d/__files__/out/vs/workbench/workbench.web.main.js:1887:14365)
    at v.M (https://ide.codeinstitute-ide.net/blobserve/869456089606.dkr.ecr.eu-west-1.amazonaws.com/public-cache/b4b1c2l9/application/ide/code:commit-940f23420544f76a67ae3ed32e726c9f9c9c4b3d/__files__/out/vs/workbench/workbench.web.main.js:1887:13398)
    at v.L (https://ide.codeinstitute-ide.net/blobserve/869456089606.dkr.ecr.eu-west-1.amazonaws.com/public-cache/b4b1c2l9/application/ide/code:commit-940f23420544f76a67ae3ed32e726c9f9c9c4b3d/__files__/out/vs/workbench/workbench.web.main.js:1887:12233)
    at u.value (https://ide.codeinstitute-ide.net/blobserve/869456089606.dkr.ecr.eu-west-1.amazonaws.com/public-cache/b4b1c2l9/application/ide/code:commit-940f23420544f76a67ae3ed32e726c9f9c9c4b3d/__files__/out/vs/workbench/workbench.web.main.js:1887:10929)
    at h.y (https://ide.codeinstitute-ide.net/blobserve/869456089606.dkr.ecr.eu-west-1.amazonaws.com/public-cache/b4b1c2l9/application/ide/code:commit-940f23420544f76a67ae3ed32e726c9f9c9c4b3d/__files__/out/vs/workbench/workbench.web.main.js:89:659)
    at h.fire (https://ide.codeinstitute-ide.net/blobserve/869456089606.dkr.ecr.eu-west-1.amazonaws.com/public-cache/b4b1c2l9/application/ide/code:commit-940f23420544f76a67ae3ed32e726c9f9c9c4b3d/__files__/out/vs/workbench/workbench.web.main.js:89:876)
2024-06-25 13:39:16.922 [error] Error: unknown thread
    at n.k (https://ide.codeinstitute-ide.net/blobserve/869456089606.dkr.ecr.eu-west-1.amazonaws.com/public-cache/b4b1c2l9/application/ide/code:commit-940f23420544f76a67ae3ed32e726c9f9c9c4b3d/__files__/out/vs/workbench/workbench.web.main.js:2579:40496)
    at n.deleteCommentThread (https://ide.codeinstitute-ide.net/blobserve/869456089606.dkr.ecr.eu-west-1.amazonaws.com/public-cache/b4b1c2l9/application/ide/code:commit-940f23420544f76a67ae3ed32e726c9f9c9c4b3d/__files__/out/vs/workbench/workbench.web.main.js:2579:39942)
    at g.$deleteCommentThread (https://ide.codeinstitute-ide.net/blobserve/869456089606.dkr.ecr.eu-west-1.amazonaws.com/public-cache/b4b1c2l9/application/ide/code:commit-940f23420544f76a67ae3ed32e726c9f9c9c4b3d/__files__/out/vs/workbench/workbench.web.main.js:2579:43105)
    at v.S (https://ide.codeinstitute-ide.net/blobserve/869456089606.dkr.ecr.eu-west-1.amazonaws.com/public-cache/b4b1c2l9/application/ide/code:commit-940f23420544f76a67ae3ed32e726c9f9c9c4b3d/__files__/out/vs/workbench/workbench.web.main.js:1887:14599)
    at v.Q (https://ide.codeinstitute-ide.net/blobserve/869456089606.dkr.ecr.eu-west-1.amazonaws.com/public-cache/b4b1c2l9/application/ide/code:commit-940f23420544f76a67ae3ed32e726c9f9c9c4b3d/__files__/out/vs/workbench/workbench.web.main.js:1887:14365)
    at v.M (https://ide.codeinstitute-ide.net/blobserve/869456089606.dkr.ecr.eu-west-1.amazonaws.com/public-cache/b4b1c2l9/application/ide/code:commit-940f23420544f76a67ae3ed32e726c9f9c9c4b3d/__files__/out/vs/workbench/workbench.web.main.js:1887:13398)
    at v.L (https://ide.codeinstitute-ide.net/blobserve/869456089606.dkr.ecr.eu-west-1.amazonaws.com/public-cache/b4b1c2l9/application/ide/code:commit-940f23420544f76a67ae3ed32e726c9f9c9c4b3d/__files__/out/vs/workbench/workbench.web.main.js:1887:12233)
    at u.value (https://ide.codeinstitute-ide.net/blobserve/869456089606.dkr.ecr.eu-west-1.amazonaws.com/public-cache/b4b1c2l9/application/ide/code:commit-940f23420544f76a67ae3ed32e726c9f9c9c4b3d/__files__/out/vs/workbench/workbench.web.main.js:1887:10929)
    at h.y (https://ide.codeinstitute-ide.net/blobserve/869456089606.dkr.ecr.eu-west-1.amazonaws.com/public-cache/b4b1c2l9/application/ide/code:commit-940f23420544f76a67ae3ed32e726c9f9c9c4b3d/__files__/out/vs/workbench/workbench.web.main.js:89:659)
    at h.fire (https://ide.codeinstitute-ide.net/blobserve/869456089606.dkr.ecr.eu-west-1.amazonaws.com/public-cache/b4b1c2l9/application/ide/code:commit-940f23420544f76a67ae3ed32e726c9f9c9c4b3d/__files__/out/vs/workbench/workbench.web.main.js:89:876)
2024-06-25 13:39:16.922 [error] Error: unknown thread
    at n.k (https://ide.codeinstitute-ide.net/blobserve/869456089606.dkr.ecr.eu-west-1.amazonaws.com/public-cache/b4b1c2l9/application/ide/code:commit-940f23420544f76a67ae3ed32e726c9f9c9c4b3d/__files__/out/vs/workbench/workbench.web.main.js:2579:40496)
    at n.deleteCommentThread (https://ide.codeinstitute-ide.net/blobserve/869456089606.dkr.ecr.eu-west-1.amazonaws.com/public-cache/b4b1c2l9/application/ide/code:commit-940f23420544f76a67ae3ed32e726c9f9c9c4b3d/__files__/out/vs/workbench/workbench.web.main.js:2579:39942)
    at g.$deleteCommentThread (https://ide.codeinstitute-ide.net/blobserve/869456089606.dkr.ecr.eu-west-1.amazonaws.com/public-cache/b4b1c2l9/application/ide/code:commit-940f23420544f76a67ae3ed32e726c9f9c9c4b3d/__files__/out/vs/workbench/workbench.web.main.js:2579:43105)
    at v.S (https://ide.codeinstitute-ide.net/blobserve/869456089606.dkr.ecr.eu-west-1.amazonaws.com/public-cache/b4b1c2l9/application/ide/code:commit-940f23420544f76a67ae3ed32e726c9f9c9c4b3d/__files__/out/vs/workbench/workbench.web.main.js:1887:14599)
    at v.Q (https://ide.codeinstitute-ide.net/blobserve/869456089606.dkr.ecr.eu-west-1.amazonaws.com/public-cache/b4b1c2l9/application/ide/code:commit-940f23420544f76a67ae3ed32e726c9f9c9c4b3d/__files__/out/vs/workbench/workbench.web.main.js:1887:14365)
    at v.M (https://ide.codeinstitute-ide.net/blobserve/869456089606.dkr.ecr.eu-west-1.amazonaws.com/public-cache/b4b1c2l9/application/ide/code:commit-940f23420544f76a67ae3ed32e726c9f9c9c4b3d/__files__/out/vs/workbench/workbench.web.main.js:1887:13398)
    at v.L (https://ide.codeinstitute-ide.net/blobserve/869456089606.dkr.ecr.eu-west-1.amazonaws.com/public-cache/b4b1c2l9/application/ide/code:commit-940f23420544f76a67ae3ed32e726c9f9c9c4b3d/__files__/out/vs/workbench/workbench.web.main.js:1887:12233)
    at u.value (https://ide.codeinstitute-ide.net/blobserve/869456089606.dkr.ecr.eu-west-1.amazonaws.com/public-cache/b4b1c2l9/application/ide/code:commit-940f23420544f76a67ae3ed32e726c9f9c9c4b3d/__files__/out/vs/workbench/workbench.web.main.js:1887:10929)
    at h.y (https://ide.codeinstitute-ide.net/blobserve/869456089606.dkr.ecr.eu-west-1.amazonaws.com/public-cache/b4b1c2l9/application/ide/code:commit-940f23420544f76a67ae3ed32e726c9f9c9c4b3d/__files__/out/vs/workbench/workbench.web.main.js:89:659)
    at h.fire (https://ide.codeinstitute-ide.net/blobserve/869456089606.dkr.ecr.eu-west-1.amazonaws.com/public-cache/b4b1c2l9/application/ide/code:commit-940f23420544f76a67ae3ed32e726c9f9c9c4b3d/__files__/out/vs/workbench/workbench.web.main.js:89:876)
2024-06-25 13:39:16.922 [error] Error: unknown thread
    at n.k (https://ide.codeinstitute-ide.net/blobserve/869456089606.dkr.ecr.eu-west-1.amazonaws.com/public-cache/b4b1c2l9/application/ide/code:commit-940f23420544f76a67ae3ed32e726c9f9c9c4b3d/__files__/out/vs/workbench/workbench.web.main.js:2579:40496)
    at n.deleteCommentThread (https://ide.codeinstitute-ide.net/blobserve/869456089606.dkr.ecr.eu-west-1.amazonaws.com/public-cache/b4b1c2l9/application/ide/code:commit-940f23420544f76a67ae3ed32e726c9f9c9c4b3d/__files__/out/vs/workbench/workbench.web.main.js:2579:39942)
    at g.$deleteCommentThread (https://ide.codeinstitute-ide.net/blobserve/869456089606.dkr.ecr.eu-west-1.amazonaws.com/public-cache/b4b1c2l9/application/ide/code:commit-940f23420544f76a67ae3ed32e726c9f9c9c4b3d/__files__/out/vs/workbench/workbench.web.main.js:2579:43105)
    at v.S (https://ide.codeinstitute-ide.net/blobserve/869456089606.dkr.ecr.eu-west-1.amazonaws.com/public-cache/b4b1c2l9/application/ide/code:commit-940f23420544f76a67ae3ed32e726c9f9c9c4b3d/__files__/out/vs/workbench/workbench.web.main.js:1887:14599)
    at v.Q (https://ide.codeinstitute-ide.net/blobserve/869456089606.dkr.ecr.eu-west-1.amazonaws.com/public-cache/b4b1c2l9/application/ide/code:commit-940f23420544f76a67ae3ed32e726c9f9c9c4b3d/__files__/out/vs/workbench/workbench.web.main.js:1887:14365)
    at v.M (https://ide.codeinstitute-ide.net/blobserve/869456089606.dkr.ecr.eu-west-1.amazonaws.com/public-cache/b4b1c2l9/application/ide/code:commit-940f23420544f76a67ae3ed32e726c9f9c9c4b3d/__files__/out/vs/workbench/workbench.web.main.js:1887:13398)
    at v.L (https://ide.codeinstitute-ide.net/blobserve/869456089606.dkr.ecr.eu-west-1.amazonaws.com/public-cache/b4b1c2l9/application/ide/code:commit-940f23420544f76a67ae3ed32e726c9f9c9c4b3d/__files__/out/vs/workbench/workbench.web.main.js:1887:12233)
    at u.value (https://ide.codeinstitute-ide.net/blobserve/869456089606.dkr.ecr.eu-west-1.amazonaws.com/public-cache/b4b1c2l9/application/ide/code:commit-940f23420544f76a67ae3ed32e726c9f9c9c4b3d/__files__/out/vs/workbench/workbench.web.main.js:1887:10929)
    at h.y (https://ide.codeinstitute-ide.net/blobserve/869456089606.dkr.ecr.eu-west-1.amazonaws.com/public-cache/b4b1c2l9/application/ide/code:commit-940f23420544f76a67ae3ed32e726c9f9c9c4b3d/__files__/out/vs/workbench/workbench.web.main.js:89:659)
    at h.fire (https://ide.codeinstitute-ide.net/blobserve/869456089606.dkr.ecr.eu-west-1.amazonaws.com/public-cache/b4b1c2l9/application/ide/code:commit-940f23420544f76a67ae3ed32e726c9f9c9c4b3d/__files__/out/vs/workbench/workbench.web.main.js:89:876)
2024-06-25 13:39:16.922 [error] Error: unknown thread
    at n.k (https://ide.codeinstitute-ide.net/blobserve/869456089606.dkr.ecr.eu-west-1.amazonaws.com/public-cache/b4b1c2l9/application/ide/code:commit-940f23420544f76a67ae3ed32e726c9f9c9c4b3d/__files__/out/vs/workbench/workbench.web.main.js:2579:40496)
    at n.deleteCommentThread (https://ide.codeinstitute-ide.net/blobserve/869456089606.dkr.ecr.eu-west-1.amazonaws.com/public-cache/b4b1c2l9/application/ide/code:commit-940f23420544f76a67ae3ed32e726c9f9c9c4b3d/__files__/out/vs/workbench/workbench.web.main.js:2579:39942)
    at g.$deleteCommentThread (https://ide.codeinstitute-ide.net/blobserve/869456089606.dkr.ecr.eu-west-1.amazonaws.com/public-cache/b4b1c2l9/application/ide/code:commit-940f23420544f76a67ae3ed32e726c9f9c9c4b3d/__files__/out/vs/workbench/workbench.web.main.js:2579:43105)
    at v.S (https://ide.codeinstitute-ide.net/blobserve/869456089606.dkr.ecr.eu-west-1.amazonaws.com/public-cache/b4b1c2l9/application/ide/code:commit-940f23420544f76a67ae3ed32e726c9f9c9c4b3d/__files__/out/vs/workbench/workbench.web.main.js:1887:14599)
    at v.Q (https://ide.codeinstitute-ide.net/blobserve/869456089606.dkr.ecr.eu-west-1.amazonaws.com/public-cache/b4b1c2l9/application/ide/code:commit-940f23420544f76a67ae3ed32e726c9f9c9c4b3d/__files__/out/vs/workbench/workbench.web.main.js:1887:14365)
    at v.M (https://ide.codeinstitute-ide.net/blobserve/869456089606.dkr.ecr.eu-west-1.amazonaws.com/public-cache/b4b1c2l9/application/ide/code:commit-940f23420544f76a67ae3ed32e726c9f9c9c4b3d/__files__/out/vs/workbench/workbench.web.main.js:1887:13398)
    at v.L (https://ide.codeinstitute-ide.net/blobserve/869456089606.dkr.ecr.eu-west-1.amazonaws.com/public-cache/b4b1c2l9/application/ide/code:commit-940f23420544f76a67ae3ed32e726c9f9c9c4b3d/__files__/out/vs/workbench/workbench.web.main.js:1887:12233)
    at u.value (https://ide.codeinstitute-ide.net/blobserve/869456089606.dkr.ecr.eu-west-1.amazonaws.com/public-cache/b4b1c2l9/application/ide/code:commit-940f23420544f76a67ae3ed32e726c9f9c9c4b3d/__files__/out/vs/workbench/workbench.web.main.js:1887:10929)
    at h.y (https://ide.codeinstitute-ide.net/blobserve/869456089606.dkr.ecr.eu-west-1.amazonaws.com/public-cache/b4b1c2l9/application/ide/code:commit-940f23420544f76a67ae3ed32e726c9f9c9c4b3d/__files__/out/vs/workbench/workbench.web.main.js:89:659)
    at h.fire (https://ide.codeinstitute-ide.net/blobserve/869456089606.dkr.ecr.eu-west-1.amazonaws.com/public-cache/b4b1c2l9/application/ide/code:commit-940f23420544f76a67ae3ed32e726c9f9c9c4b3d/__files__/out/vs/workbench/workbench.web.main.js:89:876)
2024-06-25 13:39:16.922 [error] Error: unknown thread
    at n.k (https://ide.codeinstitute-ide.net/blobserve/869456089606.dkr.ecr.eu-west-1.amazonaws.com/public-cache/b4b1c2l9/application/ide/code:commit-940f23420544f76a67ae3ed32e726c9f9c9c4b3d/__files__/out/vs/workbench/workbench.web.main.js:2579:40496)
    at n.deleteCommentThread (https://ide.codeinstitute-ide.net/blobserve/869456089606.dkr.ecr.eu-west-1.amazonaws.com/public-cache/b4b1c2l9/application/ide/code:commit-940f23420544f76a67ae3ed32e726c9f9c9c4b3d/__files__/out/vs/workbench/workbench.web.main.js:2579:39942)
    at g.$deleteCommentThread (https://ide.codeinstitute-ide.net/blobserve/869456089606.dkr.ecr.eu-west-1.amazonaws.com/public-cache/b4b1c2l9/application/ide/code:commit-940f23420544f76a67ae3ed32e726c9f9c9c4b3d/__files__/out/vs/workbench/workbench.web.main.js:2579:43105)
    at v.S (https://ide.codeinstitute-ide.net/blobserve/869456089606.dkr.ecr.eu-west-1.amazonaws.com/public-cache/b4b1c2l9/application/ide/code:commit-940f23420544f76a67ae3ed32e726c9f9c9c4b3d/__files__/out/vs/workbench/workbench.web.main.js:1887:14599)
    at v.Q (https://ide.codeinstitute-ide.net/blobserve/869456089606.dkr.ecr.eu-west-1.amazonaws.com/public-cache/b4b1c2l9/application/ide/code:commit-940f23420544f76a67ae3ed32e726c9f9c9c4b3d/__files__/out/vs/workbench/workbench.web.main.js:1887:14365)
    at v.M (https://ide.codeinstitute-ide.net/blobserve/869456089606.dkr.ecr.eu-west-1.amazonaws.com/public-cache/b4b1c2l9/application/ide/code:commit-940f23420544f76a67ae3ed32e726c9f9c9c4b3d/__files__/out/vs/workbench/workbench.web.main.js:1887:13398)
    at v.L (https://ide.codeinstitute-ide.net/blobserve/869456089606.dkr.ecr.eu-west-1.amazonaws.com/public-cache/b4b1c2l9/application/ide/code:commit-940f23420544f76a67ae3ed32e726c9f9c9c4b3d/__files__/out/vs/workbench/workbench.web.main.js:1887:12233)
    at u.value (https://ide.codeinstitute-ide.net/blobserve/869456089606.dkr.ecr.eu-west-1.amazonaws.com/public-cache/b4b1c2l9/application/ide/code:commit-940f23420544f76a67ae3ed32e726c9f9c9c4b3d/__files__/out/vs/workbench/workbench.web.main.js:1887:10929)
    at h.y (https://ide.codeinstitute-ide.net/blobserve/869456089606.dkr.ecr.eu-west-1.amazonaws.com/public-cache/b4b1c2l9/application/ide/code:commit-940f23420544f76a67ae3ed32e726c9f9c9c4b3d/__files__/out/vs/workbench/workbench.web.main.js:89:659)
    at h.fire (https://ide.codeinstitute-ide.net/blobserve/869456089606.dkr.ecr.eu-west-1.amazonaws.com/public-cache/b4b1c2l9/application/ide/code:commit-940f23420544f76a67ae3ed32e726c9f9c9c4b3d/__files__/out/vs/workbench/workbench.web.main.js:89:876)
2024-06-25 13:39:18.125 [warning] TextEditor is closed/disposed
2024-06-25 13:39:18.125 [warning] TextEditor is closed/disposed
2024-06-25 13:39:18.125 [warning] TextEditor is closed/disposed
2024-06-25 13:39:18.125 [warning] TextEditor is closed/disposed
2024-06-25 13:39:18.125 [warning] TextEditor is closed/disposed
2024-06-25 13:39:18.125 [warning] TextEditor is closed/disposed
2024-06-25 13:39:18.125 [warning] TextEditor is closed/disposed
2024-06-25 13:39:18.125 [warning] TextEditor is closed/disposed
2024-06-25 13:39:18.126 [warning] TextEditor is closed/disposed
2024-06-25 13:39:18.126 [warning] TextEditor is closed/disposed
2024-06-25 13:39:18.126 [warning] TextEditor is closed/disposed
2024-06-25 13:39:18.126 [warning] TextEditor is closed/disposed
2024-06-25 13:39:18.126 [warning] TextEditor is closed/disposed
2024-06-25 13:39:18.126 [warning] TextEditor is closed/disposed
2024-06-25 13:39:42.552 [warning] TextEditor is closed/disposed
2024-06-25 13:39:42.553 [warning] TextEditor is closed/disposed
2024-06-25 13:39:42.553 [warning] TextEditor is closed/disposed
2024-06-25 13:39:42.553 [warning] TextEditor is closed/disposed
2024-06-25 13:39:42.553 [warning] TextEditor is closed/disposed
2024-06-25 13:39:42.553 [warning] TextEditor is closed/disposed
2024-06-25 13:39:42.554 [warning] TextEditor is closed/disposed
2024-06-25 13:39:42.554 [warning] TextEditor is closed/disposed
2024-06-25 13:39:42.554 [warning] TextEditor is closed/disposed
2024-06-25 13:39:42.554 [warning] TextEditor is closed/disposed
2024-06-25 13:39:42.554 [warning] TextEditor is closed/disposed
2024-06-25 13:39:42.554 [warning] TextEditor is closed/disposed
2024-06-25 13:39:42.557 [warning] TextEditor is closed/disposed
2024-06-25 13:39:42.557 [warning] TextEditor is closed/disposed
2024-06-25 13:45:19.022 [error] Error: unknown thread
    at n.k (https://ide.codeinstitute-ide.net/blobserve/869456089606.dkr.ecr.eu-west-1.amazonaws.com/public-cache/b4b1c2l9/application/ide/code:commit-940f23420544f76a67ae3ed32e726c9f9c9c4b3d/__files__/out/vs/workbench/workbench.web.main.js:2579:40496)
    at n.deleteCommentThread (https://ide.codeinstitute-ide.net/blobserve/869456089606.dkr.ecr.eu-west-1.amazonaws.com/public-cache/b4b1c2l9/application/ide/code:commit-940f23420544f76a67ae3ed32e726c9f9c9c4b3d/__files__/out/vs/workbench/workbench.web.main.js:2579:39942)
    at g.$deleteCommentThread (https://ide.codeinstitute-ide.net/blobserve/869456089606.dkr.ecr.eu-west-1.amazonaws.com/public-cache/b4b1c2l9/application/ide/code:commit-940f23420544f76a67ae3ed32e726c9f9c9c4b3d/__files__/out/vs/workbench/workbench.web.main.js:2579:43105)
    at v.S (https://ide.codeinstitute-ide.net/blobserve/869456089606.dkr.ecr.eu-west-1.amazonaws.com/public-cache/b4b1c2l9/application/ide/code:commit-940f23420544f76a67ae3ed32e726c9f9c9c4b3d/__files__/out/vs/workbench/workbench.web.main.js:1887:14599)
    at v.Q (https://ide.codeinstitute-ide.net/blobserve/869456089606.dkr.ecr.eu-west-1.amazonaws.com/public-cache/b4b1c2l9/application/ide/code:commit-940f23420544f76a67ae3ed32e726c9f9c9c4b3d/__files__/out/vs/workbench/workbench.web.main.js:1887:14365)
    at v.M (https://ide.codeinstitute-ide.net/blobserve/869456089606.dkr.ecr.eu-west-1.amazonaws.com/public-cache/b4b1c2l9/application/ide/code:commit-940f23420544f76a67ae3ed32e726c9f9c9c4b3d/__files__/out/vs/workbench/workbench.web.main.js:1887:13398)
    at v.L (https://ide.codeinstitute-ide.net/blobserve/869456089606.dkr.ecr.eu-west-1.amazonaws.com/public-cache/b4b1c2l9/application/ide/code:commit-940f23420544f76a67ae3ed32e726c9f9c9c4b3d/__files__/out/vs/workbench/workbench.web.main.js:1887:12233)
    at u.value (https://ide.codeinstitute-ide.net/blobserve/869456089606.dkr.ecr.eu-west-1.amazonaws.com/public-cache/b4b1c2l9/application/ide/code:commit-940f23420544f76a67ae3ed32e726c9f9c9c4b3d/__files__/out/vs/workbench/workbench.web.main.js:1887:10929)
    at h.y (https://ide.codeinstitute-ide.net/blobserve/869456089606.dkr.ecr.eu-west-1.amazonaws.com/public-cache/b4b1c2l9/application/ide/code:commit-940f23420544f76a67ae3ed32e726c9f9c9c4b3d/__files__/out/vs/workbench/workbench.web.main.js:89:659)
    at h.fire (https://ide.codeinstitute-ide.net/blobserve/869456089606.dkr.ecr.eu-west-1.amazonaws.com/public-cache/b4b1c2l9/application/ide/code:commit-940f23420544f76a67ae3ed32e726c9f9c9c4b3d/__files__/out/vs/workbench/workbench.web.main.js:89:876)
2024-06-25 13:45:19.022 [error] Error: unknown thread
    at n.k (https://ide.codeinstitute-ide.net/blobserve/869456089606.dkr.ecr.eu-west-1.amazonaws.com/public-cache/b4b1c2l9/application/ide/code:commit-940f23420544f76a67ae3ed32e726c9f9c9c4b3d/__files__/out/vs/workbench/workbench.web.main.js:2579:40496)
    at n.deleteCommentThread (https://ide.codeinstitute-ide.net/blobserve/869456089606.dkr.ecr.eu-west-1.amazonaws.com/public-cache/b4b1c2l9/application/ide/code:commit-940f23420544f76a67ae3ed32e726c9f9c9c4b3d/__files__/out/vs/workbench/workbench.web.main.js:2579:39942)
    at g.$deleteCommentThread (https://ide.codeinstitute-ide.net/blobserve/869456089606.dkr.ecr.eu-west-1.amazonaws.com/public-cache/b4b1c2l9/application/ide/code:commit-940f23420544f76a67ae3ed32e726c9f9c9c4b3d/__files__/out/vs/workbench/workbench.web.main.js:2579:43105)
    at v.S (https://ide.codeinstitute-ide.net/blobserve/869456089606.dkr.ecr.eu-west-1.amazonaws.com/public-cache/b4b1c2l9/application/ide/code:commit-940f23420544f76a67ae3ed32e726c9f9c9c4b3d/__files__/out/vs/workbench/workbench.web.main.js:1887:14599)
    at v.Q (https://ide.codeinstitute-ide.net/blobserve/869456089606.dkr.ecr.eu-west-1.amazonaws.com/public-cache/b4b1c2l9/application/ide/code:commit-940f23420544f76a67ae3ed32e726c9f9c9c4b3d/__files__/out/vs/workbench/workbench.web.main.js:1887:14365)
    at v.M (https://ide.codeinstitute-ide.net/blobserve/869456089606.dkr.ecr.eu-west-1.amazonaws.com/public-cache/b4b1c2l9/application/ide/code:commit-940f23420544f76a67ae3ed32e726c9f9c9c4b3d/__files__/out/vs/workbench/workbench.web.main.js:1887:13398)
    at v.L (https://ide.codeinstitute-ide.net/blobserve/869456089606.dkr.ecr.eu-west-1.amazonaws.com/public-cache/b4b1c2l9/application/ide/code:commit-940f23420544f76a67ae3ed32e726c9f9c9c4b3d/__files__/out/vs/workbench/workbench.web.main.js:1887:12233)
    at u.value (https://ide.codeinstitute-ide.net/blobserve/869456089606.dkr.ecr.eu-west-1.amazonaws.com/public-cache/b4b1c2l9/application/ide/code:commit-940f23420544f76a67ae3ed32e726c9f9c9c4b3d/__files__/out/vs/workbench/workbench.web.main.js:1887:10929)
    at h.y (https://ide.codeinstitute-ide.net/blobserve/869456089606.dkr.ecr.eu-west-1.amazonaws.com/public-cache/b4b1c2l9/application/ide/code:commit-940f23420544f76a67ae3ed32e726c9f9c9c4b3d/__files__/out/vs/workbench/workbench.web.main.js:89:659)
    at h.fire (https://ide.codeinstitute-ide.net/blobserve/869456089606.dkr.ecr.eu-west-1.amazonaws.com/public-cache/b4b1c2l9/application/ide/code:commit-940f23420544f76a67ae3ed32e726c9f9c9c4b3d/__files__/out/vs/workbench/workbench.web.main.js:89:876)
2024-06-25 13:45:19.022 [error] Error: unknown thread
    at n.k (https://ide.codeinstitute-ide.net/blobserve/869456089606.dkr.ecr.eu-west-1.amazonaws.com/public-cache/b4b1c2l9/application/ide/code:commit-940f23420544f76a67ae3ed32e726c9f9c9c4b3d/__files__/out/vs/workbench/workbench.web.main.js:2579:40496)
    at n.deleteCommentThread (https://ide.codeinstitute-ide.net/blobserve/869456089606.dkr.ecr.eu-west-1.amazonaws.com/public-cache/b4b1c2l9/application/ide/code:commit-940f23420544f76a67ae3ed32e726c9f9c9c4b3d/__files__/out/vs/workbench/workbench.web.main.js:2579:39942)
    at g.$deleteCommentThread (https://ide.codeinstitute-ide.net/blobserve/869456089606.dkr.ecr.eu-west-1.amazonaws.com/public-cache/b4b1c2l9/application/ide/code:commit-940f23420544f76a67ae3ed32e726c9f9c9c4b3d/__files__/out/vs/workbench/workbench.web.main.js:2579:43105)
    at v.S (https://ide.codeinstitute-ide.net/blobserve/869456089606.dkr.ecr.eu-west-1.amazonaws.com/public-cache/b4b1c2l9/application/ide/code:commit-940f23420544f76a67ae3ed32e726c9f9c9c4b3d/__files__/out/vs/workbench/workbench.web.main.js:1887:14599)
    at v.Q (https://ide.codeinstitute-ide.net/blobserve/869456089606.dkr.ecr.eu-west-1.amazonaws.com/public-cache/b4b1c2l9/application/ide/code:commit-940f23420544f76a67ae3ed32e726c9f9c9c4b3d/__files__/out/vs/workbench/workbench.web.main.js:1887:14365)
    at v.M (https://ide.codeinstitute-ide.net/blobserve/869456089606.dkr.ecr.eu-west-1.amazonaws.com/public-cache/b4b1c2l9/application/ide/code:commit-940f23420544f76a67ae3ed32e726c9f9c9c4b3d/__files__/out/vs/workbench/workbench.web.main.js:1887:13398)
    at v.L (https://ide.codeinstitute-ide.net/blobserve/869456089606.dkr.ecr.eu-west-1.amazonaws.com/public-cache/b4b1c2l9/application/ide/code:commit-940f23420544f76a67ae3ed32e726c9f9c9c4b3d/__files__/out/vs/workbench/workbench.web.main.js:1887:12233)
    at u.value (https://ide.codeinstitute-ide.net/blobserve/869456089606.dkr.ecr.eu-west-1.amazonaws.com/public-cache/b4b1c2l9/application/ide/code:commit-940f23420544f76a67ae3ed32e726c9f9c9c4b3d/__files__/out/vs/workbench/workbench.web.main.js:1887:10929)
    at h.y (https://ide.codeinstitute-ide.net/blobserve/869456089606.dkr.ecr.eu-west-1.amazonaws.com/public-cache/b4b1c2l9/application/ide/code:commit-940f23420544f76a67ae3ed32e726c9f9c9c4b3d/__files__/out/vs/workbench/workbench.web.main.js:89:659)
    at h.fire (https://ide.codeinstitute-ide.net/blobserve/869456089606.dkr.ecr.eu-west-1.amazonaws.com/public-cache/b4b1c2l9/application/ide/code:commit-940f23420544f76a67ae3ed32e726c9f9c9c4b3d/__files__/out/vs/workbench/workbench.web.main.js:89:876)
2024-06-25 13:45:19.022 [error] Error: unknown thread
    at n.k (https://ide.codeinstitute-ide.net/blobserve/869456089606.dkr.ecr.eu-west-1.amazonaws.com/public-cache/b4b1c2l9/application/ide/code:commit-940f23420544f76a67ae3ed32e726c9f9c9c4b3d/__files__/out/vs/workbench/workbench.web.main.js:2579:40496)
    at n.deleteCommentThread (https://ide.codeinstitute-ide.net/blobserve/869456089606.dkr.ecr.eu-west-1.amazonaws.com/public-cache/b4b1c2l9/application/ide/code:commit-940f23420544f76a67ae3ed32e726c9f9c9c4b3d/__files__/out/vs/workbench/workbench.web.main.js:2579:39942)
    at g.$deleteCommentThread (https://ide.codeinstitute-ide.net/blobserve/869456089606.dkr.ecr.eu-west-1.amazonaws.com/public-cache/b4b1c2l9/application/ide/code:commit-940f23420544f76a67ae3ed32e726c9f9c9c4b3d/__files__/out/vs/workbench/workbench.web.main.js:2579:43105)
    at v.S (https://ide.codeinstitute-ide.net/blobserve/869456089606.dkr.ecr.eu-west-1.amazonaws.com/public-cache/b4b1c2l9/application/ide/code:commit-940f23420544f76a67ae3ed32e726c9f9c9c4b3d/__files__/out/vs/workbench/workbench.web.main.js:1887:14599)
    at v.Q (https://ide.codeinstitute-ide.net/blobserve/869456089606.dkr.ecr.eu-west-1.amazonaws.com/public-cache/b4b1c2l9/application/ide/code:commit-940f23420544f76a67ae3ed32e726c9f9c9c4b3d/__files__/out/vs/workbench/workbench.web.main.js:1887:14365)
    at v.M (https://ide.codeinstitute-ide.net/blobserve/869456089606.dkr.ecr.eu-west-1.amazonaws.com/public-cache/b4b1c2l9/application/ide/code:commit-940f23420544f76a67ae3ed32e726c9f9c9c4b3d/__files__/out/vs/workbench/workbench.web.main.js:1887:13398)
    at v.L (https://ide.codeinstitute-ide.net/blobserve/869456089606.dkr.ecr.eu-west-1.amazonaws.com/public-cache/b4b1c2l9/application/ide/code:commit-940f23420544f76a67ae3ed32e726c9f9c9c4b3d/__files__/out/vs/workbench/workbench.web.main.js:1887:12233)
    at u.value (https://ide.codeinstitute-ide.net/blobserve/869456089606.dkr.ecr.eu-west-1.amazonaws.com/public-cache/b4b1c2l9/application/ide/code:commit-940f23420544f76a67ae3ed32e726c9f9c9c4b3d/__files__/out/vs/workbench/workbench.web.main.js:1887:10929)
    at h.y (https://ide.codeinstitute-ide.net/blobserve/869456089606.dkr.ecr.eu-west-1.amazonaws.com/public-cache/b4b1c2l9/application/ide/code:commit-940f23420544f76a67ae3ed32e726c9f9c9c4b3d/__files__/out/vs/workbench/workbench.web.main.js:89:659)
    at h.fire (https://ide.codeinstitute-ide.net/blobserve/869456089606.dkr.ecr.eu-west-1.amazonaws.com/public-cache/b4b1c2l9/application/ide/code:commit-940f23420544f76a67ae3ed32e726c9f9c9c4b3d/__files__/out/vs/workbench/workbench.web.main.js:89:876)
2024-06-25 13:45:19.022 [error] Error: unknown thread
    at n.k (https://ide.codeinstitute-ide.net/blobserve/869456089606.dkr.ecr.eu-west-1.amazonaws.com/public-cache/b4b1c2l9/application/ide/code:commit-940f23420544f76a67ae3ed32e726c9f9c9c4b3d/__files__/out/vs/workbench/workbench.web.main.js:2579:40496)
    at n.deleteCommentThread (https://ide.codeinstitute-ide.net/blobserve/869456089606.dkr.ecr.eu-west-1.amazonaws.com/public-cache/b4b1c2l9/application/ide/code:commit-940f23420544f76a67ae3ed32e726c9f9c9c4b3d/__files__/out/vs/workbench/workbench.web.main.js:2579:39942)
    at g.$deleteCommentThread (https://ide.codeinstitute-ide.net/blobserve/869456089606.dkr.ecr.eu-west-1.amazonaws.com/public-cache/b4b1c2l9/application/ide/code:commit-940f23420544f76a67ae3ed32e726c9f9c9c4b3d/__files__/out/vs/workbench/workbench.web.main.js:2579:43105)
    at v.S (https://ide.codeinstitute-ide.net/blobserve/869456089606.dkr.ecr.eu-west-1.amazonaws.com/public-cache/b4b1c2l9/application/ide/code:commit-940f23420544f76a67ae3ed32e726c9f9c9c4b3d/__files__/out/vs/workbench/workbench.web.main.js:1887:14599)
    at v.Q (https://ide.codeinstitute-ide.net/blobserve/869456089606.dkr.ecr.eu-west-1.amazonaws.com/public-cache/b4b1c2l9/application/ide/code:commit-940f23420544f76a67ae3ed32e726c9f9c9c4b3d/__files__/out/vs/workbench/workbench.web.main.js:1887:14365)
    at v.M (https://ide.codeinstitute-ide.net/blobserve/869456089606.dkr.ecr.eu-west-1.amazonaws.com/public-cache/b4b1c2l9/application/ide/code:commit-940f23420544f76a67ae3ed32e726c9f9c9c4b3d/__files__/out/vs/workbench/workbench.web.main.js:1887:13398)
    at v.L (https://ide.codeinstitute-ide.net/blobserve/869456089606.dkr.ecr.eu-west-1.amazonaws.com/public-cache/b4b1c2l9/application/ide/code:commit-940f23420544f76a67ae3ed32e726c9f9c9c4b3d/__files__/out/vs/workbench/workbench.web.main.js:1887:12233)
    at u.value (https://ide.codeinstitute-ide.net/blobserve/869456089606.dkr.ecr.eu-west-1.amazonaws.com/public-cache/b4b1c2l9/application/ide/code:commit-940f23420544f76a67ae3ed32e726c9f9c9c4b3d/__files__/out/vs/workbench/workbench.web.main.js:1887:10929)
    at h.y (https://ide.codeinstitute-ide.net/blobserve/869456089606.dkr.ecr.eu-west-1.amazonaws.com/public-cache/b4b1c2l9/application/ide/code:commit-940f23420544f76a67ae3ed32e726c9f9c9c4b3d/__files__/out/vs/workbench/workbench.web.main.js:89:659)
    at h.fire (https://ide.codeinstitute-ide.net/blobserve/869456089606.dkr.ecr.eu-west-1.amazonaws.com/public-cache/b4b1c2l9/application/ide/code:commit-940f23420544f76a67ae3ed32e726c9f9c9c4b3d/__files__/out/vs/workbench/workbench.web.main.js:89:876)
2024-06-25 13:45:19.022 [error] Error: unknown thread
    at n.k (https://ide.codeinstitute-ide.net/blobserve/869456089606.dkr.ecr.eu-west-1.amazonaws.com/public-cache/b4b1c2l9/application/ide/code:commit-940f23420544f76a67ae3ed32e726c9f9c9c4b3d/__files__/out/vs/workbench/workbench.web.main.js:2579:40496)
    at n.deleteCommentThread (https://ide.codeinstitute-ide.net/blobserve/869456089606.dkr.ecr.eu-west-1.amazonaws.com/public-cache/b4b1c2l9/application/ide/code:commit-940f23420544f76a67ae3ed32e726c9f9c9c4b3d/__files__/out/vs/workbench/workbench.web.main.js:2579:39942)
    at g.$deleteCommentThread (https://ide.codeinstitute-ide.net/blobserve/869456089606.dkr.ecr.eu-west-1.amazonaws.com/public-cache/b4b1c2l9/application/ide/code:commit-940f23420544f76a67ae3ed32e726c9f9c9c4b3d/__files__/out/vs/workbench/workbench.web.main.js:2579:43105)
    at v.S (https://ide.codeinstitute-ide.net/blobserve/869456089606.dkr.ecr.eu-west-1.amazonaws.com/public-cache/b4b1c2l9/application/ide/code:commit-940f23420544f76a67ae3ed32e726c9f9c9c4b3d/__files__/out/vs/workbench/workbench.web.main.js:1887:14599)
    at v.Q (https://ide.codeinstitute-ide.net/blobserve/869456089606.dkr.ecr.eu-west-1.amazonaws.com/public-cache/b4b1c2l9/application/ide/code:commit-940f23420544f76a67ae3ed32e726c9f9c9c4b3d/__files__/out/vs/workbench/workbench.web.main.js:1887:14365)
    at v.M (https://ide.codeinstitute-ide.net/blobserve/869456089606.dkr.ecr.eu-west-1.amazonaws.com/public-cache/b4b1c2l9/application/ide/code:commit-940f23420544f76a67ae3ed32e726c9f9c9c4b3d/__files__/out/vs/workbench/workbench.web.main.js:1887:13398)
    at v.L (https://ide.codeinstitute-ide.net/blobserve/869456089606.dkr.ecr.eu-west-1.amazonaws.com/public-cache/b4b1c2l9/application/ide/code:commit-940f23420544f76a67ae3ed32e726c9f9c9c4b3d/__files__/out/vs/workbench/workbench.web.main.js:1887:12233)
    at u.value (https://ide.codeinstitute-ide.net/blobserve/869456089606.dkr.ecr.eu-west-1.amazonaws.com/public-cache/b4b1c2l9/application/ide/code:commit-940f23420544f76a67ae3ed32e726c9f9c9c4b3d/__files__/out/vs/workbench/workbench.web.main.js:1887:10929)
    at h.y (https://ide.codeinstitute-ide.net/blobserve/869456089606.dkr.ecr.eu-west-1.amazonaws.com/public-cache/b4b1c2l9/application/ide/code:commit-940f23420544f76a67ae3ed32e726c9f9c9c4b3d/__files__/out/vs/workbench/workbench.web.main.js:89:659)
    at h.fire (https://ide.codeinstitute-ide.net/blobserve/869456089606.dkr.ecr.eu-west-1.amazonaws.com/public-cache/b4b1c2l9/application/ide/code:commit-940f23420544f76a67ae3ed32e726c9f9c9c4b3d/__files__/out/vs/workbench/workbench.web.main.js:89:876)
2024-06-25 13:45:19.023 [error] Error: unknown thread
    at n.k (https://ide.codeinstitute-ide.net/blobserve/869456089606.dkr.ecr.eu-west-1.amazonaws.com/public-cache/b4b1c2l9/application/ide/code:commit-940f23420544f76a67ae3ed32e726c9f9c9c4b3d/__files__/out/vs/workbench/workbench.web.main.js:2579:40496)
    at n.deleteCommentThread (https://ide.codeinstitute-ide.net/blobserve/869456089606.dkr.ecr.eu-west-1.amazonaws.com/public-cache/b4b1c2l9/application/ide/code:commit-940f23420544f76a67ae3ed32e726c9f9c9c4b3d/__files__/out/vs/workbench/workbench.web.main.js:2579:39942)
    at g.$deleteCommentThread (https://ide.codeinstitute-ide.net/blobserve/869456089606.dkr.ecr.eu-west-1.amazonaws.com/public-cache/b4b1c2l9/application/ide/code:commit-940f23420544f76a67ae3ed32e726c9f9c9c4b3d/__files__/out/vs/workbench/workbench.web.main.js:2579:43105)
    at v.S (https://ide.codeinstitute-ide.net/blobserve/869456089606.dkr.ecr.eu-west-1.amazonaws.com/public-cache/b4b1c2l9/application/ide/code:commit-940f23420544f76a67ae3ed32e726c9f9c9c4b3d/__files__/out/vs/workbench/workbench.web.main.js:1887:14599)
    at v.Q (https://ide.codeinstitute-ide.net/blobserve/869456089606.dkr.ecr.eu-west-1.amazonaws.com/public-cache/b4b1c2l9/application/ide/code:commit-940f23420544f76a67ae3ed32e726c9f9c9c4b3d/__files__/out/vs/workbench/workbench.web.main.js:1887:14365)
    at v.M (https://ide.codeinstitute-ide.net/blobserve/869456089606.dkr.ecr.eu-west-1.amazonaws.com/public-cache/b4b1c2l9/application/ide/code:commit-940f23420544f76a67ae3ed32e726c9f9c9c4b3d/__files__/out/vs/workbench/workbench.web.main.js:1887:13398)
    at v.L (https://ide.codeinstitute-ide.net/blobserve/869456089606.dkr.ecr.eu-west-1.amazonaws.com/public-cache/b4b1c2l9/application/ide/code:commit-940f23420544f76a67ae3ed32e726c9f9c9c4b3d/__files__/out/vs/workbench/workbench.web.main.js:1887:12233)
    at u.value (https://ide.codeinstitute-ide.net/blobserve/869456089606.dkr.ecr.eu-west-1.amazonaws.com/public-cache/b4b1c2l9/application/ide/code:commit-940f23420544f76a67ae3ed32e726c9f9c9c4b3d/__files__/out/vs/workbench/workbench.web.main.js:1887:10929)
    at h.y (https://ide.codeinstitute-ide.net/blobserve/869456089606.dkr.ecr.eu-west-1.amazonaws.com/public-cache/b4b1c2l9/application/ide/code:commit-940f23420544f76a67ae3ed32e726c9f9c9c4b3d/__files__/out/vs/workbench/workbench.web.main.js:89:659)
    at h.fire (https://ide.codeinstitute-ide.net/blobserve/869456089606.dkr.ecr.eu-west-1.amazonaws.com/public-cache/b4b1c2l9/application/ide/code:commit-940f23420544f76a67ae3ed32e726c9f9c9c4b3d/__files__/out/vs/workbench/workbench.web.main.js:89:876)
