2024-06-25 12:52:53.448 [info] Log level: Info
2024-06-25 12:52:53.563 [info] VSCODE_MACHINE_ID: 54b160a1-2981-436f-9870-3218f3ba7df0
2024-06-25 12:52:53.563 [info] VSCODE_SESSION_ID: fd5db021-5358-4662-b9c3-75e04e96c2011719319964413
2024-06-25 12:52:53.563 [info] VSCODE_VERSION: 1.90.2
2024-06-25 12:52:53.563 [info] VSCODE_APP_NAME: Gitpod Code
2024-06-25 12:52:53.563 [info] VSCODE_APP_HOST: Gitpod
2024-06-25 12:52:53.563 [info] VSCODE_UI_KIND: web
2024-06-25 12:52:53.563 [info] GITPOD_WORKSPACE_CONTEXT_URL: https://github.com/Blignaut24/django_blog
2024-06-25 12:52:53.563 [info] GITPOD_INSTANCE_ID: c4e68a5c-59ed-4f08-849e-671f87f9bbce
2024-06-25 12:52:53.563 [info] GITPOD_WORKSPACE_URL: https://blignaut24-djangoblog-wiau6tbui2d.ws.codeinstitute-ide.net
2024-06-25 12:52:53.563 [error] No telemetry: dedicated installations should send data always to own endpoints, host: codeinstitute-ide.net
2024-06-25 12:52:53.563 [error] No telemetry: dedicated installations should send data always to own endpoints, host: codeinstitute-ide.net
2024-06-25 12:52:53.568 [info] Gitpod Web 7ff72a2
2024-06-25 12:52:53.568 [info] Reading sessions from keychain...
2024-06-25 12:52:53.790 [info] Getting sessions for all scopes...
2024-06-25 12:52:53.790 [info] Getting GitHub sessions for all scopes...
2024-06-25 12:52:53.790 [info] Getting sessions for function:accessCodeSyncStorage...
2024-06-25 12:52:53.790 [info] Got stored sessions!
2024-06-25 12:52:53.790 [info] Verified session with the following scopes: function:accessCodeSyncStorage function:closePort function:controlAdmission function:deleteEnvVar function:generateNewGitpodToken function:getDefaultWorkspaceImage function:getEnvVars function:getGitpodTokenScopes function:getIDToken function:getLoggedInUser function:getOpenPorts function:getSupportedWorkspaceClasses function:getTeams function:getToken function:getWorkspace function:getWorkspaceEnvVars function:getWorkspaceOwner function:getWorkspaceTimeout function:getWorkspaceUsers function:guessGitTokenScopes function:isWorkspaceOwner function:openPort function:sendHeartBeat function:setEnvVar function:setWorkspaceTimeout function:stopWorkspace function:takeSnapshot function:trackEvent function:updateGitStatus function:waitForSnapshot resource:contentBlob::*::create/get resource:envVar::Blignaut24/django_blog::create/get/update/delete resource:gitpodToken::*::create resource:snapshot::ws-blignaut24-djangoblog-wiau6tbui2d::create resource:token::*::get resource:userStorage::*::create/get/update resource:workspace::blignaut24-djangoblog-wiau6tbui2d::get/update resource:workspaceInstance::c4e68a5c-59ed-4f08-849e-671f87f9bbce::get/update/delete
2024-06-25 12:52:53.790 [info] Got 1 verified sessions.
2024-06-25 12:52:53.790 [info] Got 1 sessions for all scopes...
2024-06-25 12:52:53.790 [info] Got 1 sessions for function:accessCodeSyncStorage...
2024-06-25 12:52:54.205 [info] Got 1 GitHub sessions for all scopes...
2024-06-25 12:52:54.235 [info] Getting sessions for all scopes...
2024-06-25 12:52:54.235 [info] Got 1 sessions for all scopes...
2024-06-25 12:52:54.412 [info] Getting GitHub sessions for all scopes...
2024-06-25 12:52:54.412 [info] Got 1 GitHub sessions for all scopes...
2024-06-25 12:52:55.187 [info] Getting GitHub sessions for read:user,repo,user:email,workflow...
2024-06-25 12:52:55.187 [info] Got 1 GitHub sessions for read:user,repo,user:email,workflow...
2024-06-25 12:52:56.454 [info] Getting GitHub sessions for read:user,repo,user:email,workflow...
2024-06-25 12:52:56.454 [info] Got 1 GitHub sessions for read:user,repo,user:email,workflow...
2024-06-25 12:52:56.491 [info] Getting GitHub sessions for project,read:org,read:user,repo,user:email,workflow...
2024-06-25 12:52:56.491 [info] Got 0 GitHub sessions for project,read:org,read:user,repo,user:email,workflow...
2024-06-25 12:52:56.600 [info] Getting GitHub sessions for read:user,repo,user:email,workflow...
2024-06-25 12:52:56.600 [info] Got 1 GitHub sessions for read:user,repo,user:email,workflow...
2024-06-25 13:08:27.158 [error] No telemetry: dedicated installations should send data always to own endpoints, host: codeinstitute-ide.net
2024-06-25 13:09:18.729 [error] No telemetry: dedicated installations should send data always to own endpoints, host: codeinstitute-ide.net
2024-06-25 13:10:34.887 [error] No telemetry: dedicated installations should send data always to own endpoints, host: codeinstitute-ide.net
