2024-06-22 12:55:55.334 [info] Log level: Info
2024-06-22 12:55:55.340 [info] VSCODE_MACHINE_ID: 54b160a1-2981-436f-9870-3218f3ba7df0
2024-06-22 12:55:55.340 [info] VSCODE_SESSION_ID: b150860f-11ce-4708-ab01-82641a3b24241719060946529
2024-06-22 12:55:55.340 [info] VSCODE_VERSION: 1.90.1
2024-06-22 12:55:55.340 [info] VSCODE_APP_NAME: Gitpod Code
2024-06-22 12:55:55.340 [info] VSCODE_APP_HOST: Gitpod
2024-06-22 12:55:55.340 [info] VSCODE_UI_KIND: web
2024-06-22 12:55:55.340 [info] GITPOD_WORKSPACE_CONTEXT_URL: https://github.com/Blignaut24/django_blog
2024-06-22 12:55:55.340 [info] GITPOD_INSTANCE_ID: ad1827c8-c5d1-4a9e-a134-d2466ff101b8
2024-06-22 12:55:55.340 [info] GITPOD_WORKSPACE_URL: https://blignaut24-djangoblog-wiau6tbui2d.ws.codeinstitute-ide.net
2024-06-22 12:55:55.340 [error] No telemetry: dedicated installations should send data always to own endpoints, host: codeinstitute-ide.net
2024-06-22 12:55:55.340 [error] No telemetry: dedicated installations should send data always to own endpoints, host: codeinstitute-ide.net
2024-06-22 12:55:55.347 [info] Gitpod Web 7ff72a2
2024-06-22 12:55:55.347 [info] Reading sessions from keychain...
2024-06-22 12:55:55.558 [info] Getting sessions for all scopes...
2024-06-22 12:55:55.558 [info] Getting GitHub sessions for all scopes...
2024-06-22 12:55:55.558 [info] Getting sessions for function:accessCodeSyncStorage...
2024-06-22 12:55:55.558 [info] Got stored sessions!
2024-06-22 12:55:55.558 [info] Verified session with the following scopes: function:accessCodeSyncStorage function:closePort function:controlAdmission function:deleteEnvVar function:generateNewGitpodToken function:getDefaultWorkspaceImage function:getEnvVars function:getGitpodTokenScopes function:getIDToken function:getLoggedInUser function:getOpenPorts function:getSupportedWorkspaceClasses function:getTeams function:getToken function:getWorkspace function:getWorkspaceEnvVars function:getWorkspaceOwner function:getWorkspaceTimeout function:getWorkspaceUsers function:guessGitTokenScopes function:isWorkspaceOwner function:openPort function:sendHeartBeat function:setEnvVar function:setWorkspaceTimeout function:stopWorkspace function:takeSnapshot function:trackEvent function:updateGitStatus function:waitForSnapshot resource:contentBlob::*::create/get resource:envVar::Blignaut24/django_blog::create/get/update/delete resource:gitpodToken::*::create resource:snapshot::ws-blignaut24-djangoblog-wiau6tbui2d::create resource:token::*::get resource:userStorage::*::create/get/update resource:workspace::blignaut24-djangoblog-wiau6tbui2d::get/update resource:workspaceInstance::ad1827c8-c5d1-4a9e-a134-d2466ff101b8::get/update/delete
2024-06-22 12:55:55.558 [info] Got 1 verified sessions.
2024-06-22 12:55:55.558 [info] Got 1 sessions for all scopes...
2024-06-22 12:55:55.558 [info] Got 1 sessions for function:accessCodeSyncStorage...
2024-06-22 12:55:55.592 [info] Got 1 GitHub sessions for all scopes...
2024-06-22 12:55:56.402 [info] Getting sessions for all scopes...
2024-06-22 12:55:56.402 [info] Got 1 sessions for all scopes...
2024-06-22 12:55:56.416 [info] Getting GitHub sessions for all scopes...
2024-06-22 12:55:56.416 [info] Got 1 GitHub sessions for all scopes...
2024-06-22 12:55:57.049 [info] Getting GitHub sessions for read:user,repo,user:email,workflow...
2024-06-22 12:55:57.050 [info] Got 1 GitHub sessions for read:user,repo,user:email,workflow...
2024-06-22 12:55:58.232 [info] Getting GitHub sessions for read:user,repo,user:email,workflow...
2024-06-22 12:55:58.232 [info] Got 1 GitHub sessions for read:user,repo,user:email,workflow...
2024-06-22 12:55:58.329 [info] Getting GitHub sessions for project,read:org,read:user,repo,user:email,workflow...
2024-06-22 12:55:58.329 [info] Got 0 GitHub sessions for project,read:org,read:user,repo,user:email,workflow...
2024-06-22 12:55:58.434 [info] Getting GitHub sessions for read:user,repo,user:email,workflow...
2024-06-22 12:55:58.434 [info] Got 1 GitHub sessions for read:user,repo,user:email,workflow...
2024-06-22 14:04:55.552 [error] f6021e8f-ad89-4e98-ac70-68913aec083e terminal: listening failed: 13 INTERNAL: waitid: no child processes
