2024-06-20 20:20:39.913 [info] Log level: Info
2024-06-20 20:20:39.913 [info] VSCODE_MACHINE_ID: 54b160a1-2981-436f-9870-3218f3ba7df0
2024-06-20 20:20:39.913 [info] VSCODE_SESSION_ID: 448785f3-16a9-480f-9645-017e616d94e81718914827691
2024-06-20 20:20:39.913 [info] VSCODE_VERSION: 1.90.1
2024-06-20 20:20:39.913 [info] VSCODE_APP_NAME: Gitpod Code
2024-06-20 20:20:39.913 [info] VSCODE_APP_HOST: Gitpod
2024-06-20 20:20:39.913 [info] VSCODE_UI_KIND: web
2024-06-20 20:20:39.913 [info] GITPOD_WORKSPACE_CONTEXT_URL: https://github.com/Blignaut24/django_blog
2024-06-20 20:20:39.913 [info] GITPOD_INSTANCE_ID: cc90988c-2231-4502-b088-b5df82ed3c74
2024-06-20 20:20:39.913 [info] GITPOD_WORKSPACE_URL: https://blignaut24-djangoblog-wiau6tbui2d.ws.codeinstitute-ide.net
2024-06-20 20:20:39.913 [error] No telemetry: dedicated installations should send data always to own endpoints, host: codeinstitute-ide.net
2024-06-20 20:20:39.913 [info] Gitpod Web 7ff72a2
2024-06-20 20:20:39.913 [info] Reading sessions from keychain...
2024-06-20 20:20:40.037 [info] Getting sessions for all scopes...
2024-06-20 20:20:40.037 [info] Getting GitHub sessions for all scopes...
2024-06-20 20:20:40.037 [info] Got stored sessions!
2024-06-20 20:20:40.037 [info] Verified session with the following scopes: function:accessCodeSyncStorage function:closePort function:controlAdmission function:deleteEnvVar function:generateNewGitpodToken function:getDefaultWorkspaceImage function:getEnvVars function:getGitpodTokenScopes function:getIDToken function:getLoggedInUser function:getOpenPorts function:getSupportedWorkspaceClasses function:getTeams function:getToken function:getWorkspace function:getWorkspaceEnvVars function:getWorkspaceOwner function:getWorkspaceTimeout function:getWorkspaceUsers function:guessGitTokenScopes function:isWorkspaceOwner function:openPort function:sendHeartBeat function:setEnvVar function:setWorkspaceTimeout function:stopWorkspace function:takeSnapshot function:trackEvent function:updateGitStatus function:waitForSnapshot resource:contentBlob::*::create/get resource:envVar::Blignaut24/django_blog::create/get/update/delete resource:gitpodToken::*::create resource:snapshot::ws-blignaut24-djangoblog-wiau6tbui2d::create resource:token::*::get resource:userStorage::*::create/get/update resource:workspace::blignaut24-djangoblog-wiau6tbui2d::get/update resource:workspaceInstance::cc90988c-2231-4502-b088-b5df82ed3c74::get/update/delete
2024-06-20 20:20:40.039 [info] Got 1 verified sessions.
2024-06-20 20:20:40.039 [info] Got 1 sessions for all scopes...
2024-06-20 20:20:40.177 [info] Got 1 GitHub sessions for all scopes...
2024-06-20 20:20:40.450 [info] Getting sessions for all scopes...
2024-06-20 20:20:40.450 [info] Got 1 sessions for all scopes...
2024-06-20 20:20:40.463 [info] Getting GitHub sessions for all scopes...
2024-06-20 20:20:40.463 [info] Got 1 GitHub sessions for all scopes...
2024-06-20 20:20:40.564 [info] Getting GitHub sessions for read:user,repo,user:email,workflow...
2024-06-20 20:20:40.564 [info] Got 1 GitHub sessions for read:user,repo,user:email,workflow...
2024-06-20 20:20:40.904 [info] Getting GitHub sessions for project,read:org,read:user,repo,user:email,workflow...
2024-06-20 20:20:40.905 [info] Got 0 GitHub sessions for project,read:org,read:user,repo,user:email,workflow...
2024-06-20 20:20:41.075 [info] Getting GitHub sessions for read:user,repo,user:email,workflow...
2024-06-20 20:20:41.075 [info] Got 1 GitHub sessions for read:user,repo,user:email,workflow...
2024-06-20 20:20:41.183 [info] Getting GitHub sessions for read:user,repo,user:email,workflow...
2024-06-20 20:20:41.183 [info] Got 1 GitHub sessions for read:user,repo,user:email,workflow...
2024-06-20 20:20:44.749 [info] Getting sessions for function:accessCodeSyncStorage...
2024-06-20 20:20:44.752 [info] Got 1 sessions for function:accessCodeSyncStorage...
2024-06-20 20:21:48.593 [error] No telemetry: dedicated installations should send data always to own endpoints, host: codeinstitute-ide.net
