2024-06-25 12:52:54.655 [info] Log level: Info
2024-06-25 12:52:54.655 [info] Validating found git in: "git"
2024-06-25 12:52:54.655 [info] Using git "2.43.2" from "git"
2024-06-25 12:52:54.655 [info] > git rev-parse --show-toplevel [2ms]
2024-06-25 12:52:54.655 [info] > git rev-parse --git-dir --git-common-dir [9ms]
2024-06-25 12:52:54.655 [info] Open repository: /workspace/django_blog
2024-06-25 12:52:54.656 [info] > git rev-parse --show-toplevel [1ms]
2024-06-25 12:52:54.656 [info] > git config --get commit.template [3ms]
2024-06-25 12:52:54.656 [info] > git rev-parse --show-toplevel [5ms]
2024-06-25 12:52:54.656 [info] > git for-each-ref --format=%(refname)%00%(upstream:short)%00%(objectname)%00%(upstream:track)%00%(upstream:remotename)%00%(upstream:remoteref) refs/heads/main refs/remotes/main [6ms]
2024-06-25 12:52:54.656 [info] > git rev-parse --show-toplevel [1ms]
2024-06-25 12:52:54.656 [info] > git rev-parse --show-toplevel [3ms]
2024-06-25 12:52:54.656 [info] > git status -z -uall [46ms]
2024-06-25 12:52:54.656 [info] > git rev-parse --show-toplevel [1ms]
2024-06-25 12:52:54.656 [info] > git merge-base refs/heads/main refs/remotes/origin/main [6ms]
2024-06-25 12:52:54.656 [info] > git rev-parse --show-toplevel [12ms]
2024-06-25 12:52:54.658 [info] > git config --get commit.template [6ms]
2024-06-25 12:52:54.660 [info] > git rev-list --count --left-right refs/heads/main...refs/remotes/origin/main [5ms]
2024-06-25 12:52:54.665 [info] > git rev-parse --show-toplevel [7ms]
2024-06-25 12:52:54.669 [info] > git for-each-ref --format=%(refname)%00%(upstream:short)%00%(objectname)%00%(upstream:track)%00%(upstream:remotename)%00%(upstream:remoteref) refs/heads/main refs/remotes/main [5ms]
2024-06-25 12:52:54.669 [info] > git diff --name-status -z --diff-filter=ADMR 89051a0e77977db28c28376300c685b1c406609c...refs/remotes/origin/main [7ms]
2024-06-25 12:52:54.670 [info] > git rev-parse --show-toplevel [2ms]
2024-06-25 12:52:54.675 [info] > git rev-parse --show-toplevel [3ms]
2024-06-25 12:52:54.678 [info] > git status -z -uall [4ms]
2024-06-25 12:52:54.678 [info] > git rev-parse --show-toplevel [1ms]
2024-06-25 12:52:54.740 [info] > git rev-parse --show-toplevel [58ms]
2024-06-25 12:52:54.747 [info] > git rev-parse --show-toplevel [1ms]
2024-06-25 12:52:54.750 [info] > git rev-parse --show-toplevel [1ms]
2024-06-25 12:52:55.178 [info] > git check-ignore -v -z --stdin [14ms]
2024-06-25 12:52:56.446 [info] > git show --textconv :templates/base.html [4ms]
2024-06-25 12:52:56.447 [info] > git ls-files --stage -- /workspace/django_blog/templates/base.html [2ms]
2024-06-25 12:52:56.452 [info] > git cat-file -s 614d5c56c43fa69376e9332c2a952551634f0875 [2ms]
2024-06-25 12:52:57.231 [info] > git config --local branch.main.github-pr-owner-number [96ms]
2024-06-25 12:52:57.231 [warning] git config failed: Failed to execute git
2024-06-25 12:57:56.748 [info] > git config --local branch.main.github-pr-owner-number [1ms]
2024-06-25 12:57:56.748 [warning] git config failed: Failed to execute git
2024-06-25 13:02:56.752 [info] > git config --local branch.main.github-pr-owner-number [1ms]
2024-06-25 13:02:56.753 [warning] git config failed: Failed to execute git
2024-06-25 13:07:56.759 [info] > git config --local branch.main.github-pr-owner-number [1ms]
2024-06-25 13:07:56.759 [warning] git config failed: Failed to execute git
2024-06-25 13:08:21.815 [info] > git show --textconv :about/templates/about/about_starter.html [3ms]
2024-06-25 13:08:21.815 [info] > git ls-files --stage -- /workspace/django_blog/about/templates/about/about_starter.html [1ms]
2024-06-25 13:08:21.819 [info] > git cat-file -s 27e80d77e3797fd1c75b6f5c61df9cde80596621 [1ms]
2024-06-25 13:08:21.981 [info] > git check-ignore -v -z --stdin [1ms]
2024-06-25 13:08:27.359 [info] > git show --textconv :codestar/urls.py [3ms]
2024-06-25 13:08:27.360 [info] > git ls-files --stage -- /workspace/django_blog/codestar/urls.py [1ms]
2024-06-25 13:08:27.363 [info] > git cat-file -s b132d2a530bb194c5add357a6fda7e31b82d326f [1ms]
2024-06-25 13:08:27.559 [info] > git check-ignore -v -z --stdin [1ms]
2024-06-25 13:08:28.175 [info] > git show --textconv :templates/base.html [3ms]
2024-06-25 13:08:28.176 [info] > git ls-files --stage -- /workspace/django_blog/templates/base.html [1ms]
2024-06-25 13:08:28.179 [info] > git cat-file -s 614d5c56c43fa69376e9332c2a952551634f0875 [1ms]
2024-06-25 13:08:29.848 [info] > git show --textconv :about/urls.py [3ms]
2024-06-25 13:08:29.849 [info] > git ls-files --stage -- /workspace/django_blog/about/urls.py [1ms]
2024-06-25 13:08:29.852 [info] > git cat-file -s e0453c978e18e542289f0f5ce944f27475afe3d0 [1ms]
2024-06-25 13:08:34.421 [info] > git check-ignore -v -z --stdin [1ms]
2024-06-25 13:08:35.819 [info] > git check-ignore -v -z --stdin [1ms]
2024-06-25 13:08:47.810 [info] > git show --textconv :codestar/settings.py [4ms]
2024-06-25 13:08:47.811 [info] > git ls-files --stage -- /workspace/django_blog/codestar/settings.py [2ms]
2024-06-25 13:08:47.814 [info] > git cat-file -s 5c175ee853f9e34e850f88ec46c7b293ddf4696b [1ms]
2024-06-25 13:09:00.849 [info] > git config --get commit.template [3ms]
2024-06-25 13:09:00.850 [info] > git for-each-ref --format=%(refname)%00%(upstream:short)%00%(objectname)%00%(upstream:track)%00%(upstream:remotename)%00%(upstream:remoteref) refs/heads/main refs/remotes/main [2ms]
2024-06-25 13:09:00.855 [info] > git status -z -uall [2ms]
2024-06-25 13:09:05.864 [info] > git config --get commit.template [4ms]
2024-06-25 13:09:05.864 [info] > git for-each-ref --format=%(refname)%00%(upstream:short)%00%(objectname)%00%(upstream:track)%00%(upstream:remotename)%00%(upstream:remoteref) refs/heads/main refs/remotes/main [1ms]
2024-06-25 13:09:05.869 [info] > git status -z -uall [2ms]
2024-06-25 13:09:18.956 [info] > git show --textconv :requirements.txt [3ms]
2024-06-25 13:09:18.957 [info] > git ls-files --stage -- /workspace/django_blog/requirements.txt [0ms]
2024-06-25 13:09:18.960 [info] > git cat-file -s cbd49e1ed2d8ae17ed0a10224457bfef72f1ebdf [1ms]
2024-06-25 13:10:29.866 [info] > git config --get commit.template [2ms]
2024-06-25 13:10:29.869 [info] > git for-each-ref --format=%(refname)%00%(upstream:short)%00%(objectname)%00%(upstream:track)%00%(upstream:remotename)%00%(upstream:remoteref) refs/heads/main refs/remotes/main [1ms]
2024-06-25 13:10:29.874 [info] > git status -z -uall [2ms]
2024-06-25 13:12:39.199 [info] > git config --get commit.template [4ms]
2024-06-25 13:12:39.199 [info] > git for-each-ref --format=%(refname)%00%(upstream:short)%00%(objectname)%00%(upstream:track)%00%(upstream:remotename)%00%(upstream:remoteref) refs/heads/main refs/remotes/main [1ms]
2024-06-25 13:12:39.204 [info] > git status -z -uall [2ms]
2024-06-25 13:12:56.764 [info] > git config --local branch.main.github-pr-owner-number [1ms]
2024-06-25 13:12:56.764 [warning] git config failed: Failed to execute git
2024-06-25 13:13:17.283 [info] > git config --get commit.template [4ms]
2024-06-25 13:13:17.283 [info] > git for-each-ref --format=%(refname)%00%(upstream:short)%00%(objectname)%00%(upstream:track)%00%(upstream:remotename)%00%(upstream:remoteref) refs/heads/main refs/remotes/main [1ms]
2024-06-25 13:13:17.287 [info] > git status -z -uall [1ms]
2024-06-25 13:13:49.107 [info] > git log --format=%H%n%aN%n%aE%n%at%n%ct%n%P%n%D%n%B -z -n120 --follow -- /workspace/django_blog/codestar/settings.py [4ms]
2024-06-25 13:13:54.857 [info] > git show --textconv :requirements.txt [5ms]
2024-06-25 13:13:54.857 [info] > git ls-files --stage -- /workspace/django_blog/requirements.txt [2ms]
2024-06-25 13:13:54.861 [info] > git cat-file -s cbd49e1ed2d8ae17ed0a10224457bfef72f1ebdf [1ms]
2024-06-25 13:16:49.268 [info] > git show --textconv :codestar/settings.py [4ms]
2024-06-25 13:16:49.268 [info] > git ls-files --stage -- /workspace/django_blog/codestar/settings.py [1ms]
2024-06-25 13:16:49.272 [info] > git cat-file -s 5c175ee853f9e34e850f88ec46c7b293ddf4696b [1ms]
2024-06-25 13:17:22.920 [info] > git config --get commit.template [3ms]
2024-06-25 13:17:22.921 [info] > git for-each-ref --format=%(refname)%00%(upstream:short)%00%(objectname)%00%(upstream:track)%00%(upstream:remotename)%00%(upstream:remoteref) refs/heads/main refs/remotes/main [1ms]
2024-06-25 13:17:22.926 [info] > git status -z -uall [2ms]
2024-06-25 13:17:27.935 [info] > git config --get commit.template [3ms]
2024-06-25 13:17:27.935 [info] > git for-each-ref --format=%(refname)%00%(upstream:short)%00%(objectname)%00%(upstream:track)%00%(upstream:remotename)%00%(upstream:remoteref) refs/heads/main refs/remotes/main [1ms]
2024-06-25 13:17:27.940 [info] > git status -z -uall [2ms]
2024-06-25 13:17:56.769 [info] > git config --local branch.main.github-pr-owner-number [1ms]
2024-06-25 13:17:56.769 [warning] git config failed: Failed to execute git
2024-06-25 13:18:03.004 [info] > git config --get commit.template [4ms]
2024-06-25 13:18:03.004 [info] > git for-each-ref --format=%(refname)%00%(upstream:short)%00%(objectname)%00%(upstream:track)%00%(upstream:remotename)%00%(upstream:remoteref) refs/heads/main refs/remotes/main [1ms]
2024-06-25 13:18:03.009 [info] > git status -z -uall [1ms]
2024-06-25 13:18:14.442 [info] > git config --get commit.template [3ms]
2024-06-25 13:18:14.443 [info] > git for-each-ref --format=%(refname)%00%(upstream:short)%00%(objectname)%00%(upstream:track)%00%(upstream:remotename)%00%(upstream:remoteref) refs/heads/main refs/remotes/main [1ms]
2024-06-25 13:18:14.447 [info] > git status -z -uall [2ms]
2024-06-25 13:21:52.031 [info] > git config --get commit.template [3ms]
2024-06-25 13:21:52.031 [info] > git for-each-ref --format=%(refname)%00%(upstream:short)%00%(objectname)%00%(upstream:track)%00%(upstream:remotename)%00%(upstream:remoteref) refs/heads/main refs/remotes/main [1ms]
2024-06-25 13:21:52.036 [info] > git status -z -uall [2ms]
2024-06-25 13:22:04.013 [info] > git config --get commit.template [4ms]
2024-06-25 13:22:04.013 [info] > git for-each-ref --format=%(refname)%00%(upstream:short)%00%(objectname)%00%(upstream:track)%00%(upstream:remotename)%00%(upstream:remoteref) refs/heads/main refs/remotes/main [1ms]
2024-06-25 13:22:04.018 [info] > git status -z -uall [2ms]
2024-06-25 13:22:09.027 [info] > git config --get commit.template [3ms]
2024-06-25 13:22:09.028 [info] > git for-each-ref --format=%(refname)%00%(upstream:short)%00%(objectname)%00%(upstream:track)%00%(upstream:remotename)%00%(upstream:remoteref) refs/heads/main refs/remotes/main [2ms]
2024-06-25 13:22:09.032 [info] > git status -z -uall [2ms]
2024-06-25 13:22:15.443 [info] > git config --get commit.template [4ms]
2024-06-25 13:22:15.444 [info] > git for-each-ref --format=%(refname)%00%(upstream:short)%00%(objectname)%00%(upstream:track)%00%(upstream:remotename)%00%(upstream:remoteref) refs/heads/main refs/remotes/main [2ms]
2024-06-25 13:22:15.448 [info] > git status -z -uall [2ms]
2024-06-25 13:22:56.775 [info] > git config --local branch.main.github-pr-owner-number [0ms]
2024-06-25 13:22:56.775 [warning] git config failed: Failed to execute git
2024-06-25 13:24:10.048 [info] > git config --get commit.template [4ms]
2024-06-25 13:24:10.048 [info] > git for-each-ref --format=%(refname)%00%(upstream:short)%00%(objectname)%00%(upstream:track)%00%(upstream:remotename)%00%(upstream:remoteref) refs/heads/main refs/remotes/main [1ms]
2024-06-25 13:24:10.053 [info] > git status -z -uall [2ms]
2024-06-25 13:24:35.388 [info] > git config --get commit.template [4ms]
2024-06-25 13:24:35.388 [info] > git for-each-ref --format=%(refname)%00%(upstream:short)%00%(objectname)%00%(upstream:track)%00%(upstream:remotename)%00%(upstream:remoteref) refs/heads/main refs/remotes/main [1ms]
2024-06-25 13:24:35.393 [info] > git status -z -uall [2ms]
2024-06-25 13:25:10.875 [info] > git config --get commit.template [4ms]
2024-06-25 13:25:10.875 [info] > git for-each-ref --format=%(refname)%00%(upstream:short)%00%(objectname)%00%(upstream:track)%00%(upstream:remotename)%00%(upstream:remoteref) refs/heads/main refs/remotes/main [1ms]
2024-06-25 13:25:10.880 [info] > git status -z -uall [2ms]
2024-06-25 13:25:17.032 [info] > git config --get commit.template [3ms]
2024-06-25 13:25:17.032 [info] > git for-each-ref --format=%(refname)%00%(upstream:short)%00%(objectname)%00%(upstream:track)%00%(upstream:remotename)%00%(upstream:remoteref) refs/heads/main refs/remotes/main [1ms]
2024-06-25 13:25:17.037 [info] > git status -z -uall [2ms]
2024-06-25 13:26:19.829 [info] > git config --get commit.template [3ms]
2024-06-25 13:26:19.830 [info] > git for-each-ref --format=%(refname)%00%(upstream:short)%00%(objectname)%00%(upstream:track)%00%(upstream:remotename)%00%(upstream:remoteref) refs/heads/main refs/remotes/main [2ms]
2024-06-25 13:26:19.834 [info] > git status -z -uall [2ms]
2024-06-25 13:26:45.358 [info] > git config --get commit.template [3ms]
2024-06-25 13:26:45.358 [info] > git for-each-ref --format=%(refname)%00%(upstream:short)%00%(objectname)%00%(upstream:track)%00%(upstream:remotename)%00%(upstream:remoteref) refs/heads/main refs/remotes/main [1ms]
2024-06-25 13:26:45.362 [info] > git status -z -uall [2ms]
2024-06-25 13:27:56.781 [info] > git config --local branch.main.github-pr-owner-number [1ms]
2024-06-25 13:27:56.781 [warning] git config failed: Failed to execute git
2024-06-25 13:28:14.931 [info] > git config --get commit.template [3ms]
2024-06-25 13:28:14.932 [info] > git for-each-ref --format=%(refname)%00%(upstream:short)%00%(objectname)%00%(upstream:track)%00%(upstream:remotename)%00%(upstream:remoteref) refs/heads/main refs/remotes/main [1ms]
2024-06-25 13:28:14.937 [info] > git status -z -uall [2ms]
2024-06-25 13:28:28.419 [info] > git config --get commit.template [4ms]
2024-06-25 13:28:28.420 [info] > git for-each-ref --format=%(refname)%00%(upstream:short)%00%(objectname)%00%(upstream:track)%00%(upstream:remotename)%00%(upstream:remoteref) refs/heads/main refs/remotes/main [1ms]
2024-06-25 13:28:28.424 [info] > git status -z -uall [2ms]
2024-06-25 13:32:41.228 [info] > git config --get commit.template [4ms]
2024-06-25 13:32:41.228 [info] > git for-each-ref --format=%(refname)%00%(upstream:short)%00%(objectname)%00%(upstream:track)%00%(upstream:remotename)%00%(upstream:remoteref) refs/heads/main refs/remotes/main [1ms]
2024-06-25 13:32:41.233 [info] > git status -z -uall [2ms]
2024-06-25 13:32:51.723 [info] > git config --get commit.template [3ms]
2024-06-25 13:32:51.723 [info] > git for-each-ref --format=%(refname)%00%(upstream:short)%00%(objectname)%00%(upstream:track)%00%(upstream:remotename)%00%(upstream:remoteref) refs/heads/main refs/remotes/main [1ms]
2024-06-25 13:32:51.727 [info] > git status -z -uall [1ms]
2024-06-25 13:32:56.787 [info] > git config --local branch.main.github-pr-owner-number [1ms]
2024-06-25 13:32:56.787 [warning] git config failed: Failed to execute git
2024-06-25 13:33:00.622 [info] > git config --get commit.template [5ms]
2024-06-25 13:33:00.622 [info] > git for-each-ref --format=%(refname)%00%(upstream:short)%00%(objectname)%00%(upstream:track)%00%(upstream:remotename)%00%(upstream:remoteref) refs/heads/main refs/remotes/main [1ms]
2024-06-25 13:33:00.627 [info] > git status -z -uall [2ms]
2024-06-25 13:37:18.077 [info] > git config --get commit.template [3ms]
2024-06-25 13:37:18.078 [info] > git for-each-ref --format=%(refname)%00%(upstream:short)%00%(objectname)%00%(upstream:track)%00%(upstream:remotename)%00%(upstream:remoteref) refs/heads/main refs/remotes/main [2ms]
2024-06-25 13:37:18.083 [info] > git status -z -uall [1ms]
2024-06-25 13:37:23.287 [info] > git config --get commit.template [3ms]
2024-06-25 13:37:23.288 [info] > git for-each-ref --format=%(refname)%00%(upstream:short)%00%(objectname)%00%(upstream:track)%00%(upstream:remotename)%00%(upstream:remoteref) refs/heads/main refs/remotes/main [1ms]
2024-06-25 13:37:23.293 [info] > git status -z -uall [1ms]
2024-06-25 13:37:50.632 [info] > git show --textconv :codestar/urls.py [3ms]
2024-06-25 13:37:50.633 [info] > git ls-files --stage -- /workspace/django_blog/codestar/urls.py [1ms]
2024-06-25 13:37:50.636 [info] > git cat-file -s b132d2a530bb194c5add357a6fda7e31b82d326f [1ms]
2024-06-25 13:37:56.792 [info] > git config --local branch.main.github-pr-owner-number [1ms]
2024-06-25 13:37:56.792 [warning] git config failed: Failed to execute git
2024-06-25 13:38:16.352 [info] > git config --get commit.template [4ms]
2024-06-25 13:38:16.352 [info] > git for-each-ref --format=%(refname)%00%(upstream:short)%00%(objectname)%00%(upstream:track)%00%(upstream:remotename)%00%(upstream:remoteref) refs/heads/main refs/remotes/main [1ms]
2024-06-25 13:38:16.357 [info] > git status -z -uall [2ms]
2024-06-25 13:38:21.366 [info] > git config --get commit.template [4ms]
2024-06-25 13:38:21.366 [info] > git for-each-ref --format=%(refname)%00%(upstream:short)%00%(objectname)%00%(upstream:track)%00%(upstream:remotename)%00%(upstream:remoteref) refs/heads/main refs/remotes/main [1ms]
2024-06-25 13:38:21.371 [info] > git status -z -uall [1ms]
2024-06-25 13:39:16.921 [info] > git config --get commit.template [3ms]
2024-06-25 13:39:16.923 [info] > git for-each-ref --format=%(refname)%00%(upstream:short)%00%(objectname)%00%(upstream:track)%00%(upstream:remotename)%00%(upstream:remoteref) refs/heads/main refs/remotes/main [2ms]
2024-06-25 13:39:16.927 [info] > git status -z -uall [1ms]
2024-06-25 13:39:18.382 [info] > git show --textconv :codestar/settings.py [4ms]
2024-06-25 13:39:18.382 [info] > git ls-files --stage -- /workspace/django_blog/codestar/settings.py [1ms]
2024-06-25 13:39:18.386 [info] > git cat-file -s 5c175ee853f9e34e850f88ec46c7b293ddf4696b [1ms]
2024-06-25 13:39:49.107 [info] > git config --get commit.template [3ms]
2024-06-25 13:39:49.107 [info] > git for-each-ref --format=%(refname)%00%(upstream:short)%00%(objectname)%00%(upstream:track)%00%(upstream:remotename)%00%(upstream:remoteref) refs/heads/main refs/remotes/main [1ms]
2024-06-25 13:39:49.112 [info] > git status -z -uall [2ms]
2024-06-25 13:42:56.798 [info] > git config --local branch.main.github-pr-owner-number [1ms]
2024-06-25 13:42:56.798 [warning] git config failed: Failed to execute git
2024-06-25 13:43:49.451 [info] > git show --textconv :templates/base.html [3ms]
2024-06-25 13:43:49.452 [info] > git ls-files --stage -- /workspace/django_blog/templates/base.html [1ms]
2024-06-25 13:43:49.455 [info] > git cat-file -s 614d5c56c43fa69376e9332c2a952551634f0875 [1ms]
2024-06-25 13:44:28.089 [info] > git config --get commit.template [5ms]
2024-06-25 13:44:28.089 [info] > git for-each-ref --format=%(refname)%00%(upstream:short)%00%(objectname)%00%(upstream:track)%00%(upstream:remotename)%00%(upstream:remoteref) refs/heads/main refs/remotes/main [1ms]
2024-06-25 13:44:28.095 [info] > git status -z -uall [2ms]
2024-06-25 13:45:13.638 [info] > git config --get commit.template [4ms]
2024-06-25 13:45:13.638 [info] > git for-each-ref --format=%(refname)%00%(upstream:short)%00%(objectname)%00%(upstream:track)%00%(upstream:remotename)%00%(upstream:remoteref) refs/heads/main refs/remotes/main [1ms]
2024-06-25 13:45:13.643 [info] > git status -z -uall [2ms]
2024-06-25 13:45:31.266 [info] > git config --get commit.template [3ms]
2024-06-25 13:45:31.266 [info] > git for-each-ref --format=%(refname)%00%(upstream:short)%00%(objectname)%00%(upstream:track)%00%(upstream:remotename)%00%(upstream:remoteref) refs/heads/main refs/remotes/main [1ms]
2024-06-25 13:45:31.272 [info] > git status -z -uall [2ms]
2024-06-25 13:47:56.803 [info] > git config --local branch.main.github-pr-owner-number [1ms]
2024-06-25 13:47:56.803 [warning] git config failed: Failed to execute git
2024-06-25 13:52:56.808 [info] > git config --local branch.main.github-pr-owner-number [1ms]
2024-06-25 13:52:56.808 [warning] git config failed: Failed to execute git
2024-06-25 13:57:56.814 [info] > git config --local branch.main.github-pr-owner-number [1ms]
2024-06-25 13:57:56.814 [warning] git config failed: Failed to execute git
2024-06-25 14:02:56.820 [info] > git config --local branch.main.github-pr-owner-number [1ms]
2024-06-25 14:02:56.820 [warning] git config failed: Failed to execute git
2024-06-25 14:03:13.694 [info] > git config --get commit.template [3ms]
2024-06-25 14:03:13.695 [info] > git for-each-ref --format=%(refname)%00%(upstream:short)%00%(objectname)%00%(upstream:track)%00%(upstream:remotename)%00%(upstream:remoteref) refs/heads/main refs/remotes/main [2ms]
2024-06-25 14:03:13.700 [info] > git status -z -uall [2ms]
2024-06-25 14:03:29.180 [info] > git config --get commit.template [4ms]
2024-06-25 14:03:29.180 [info] > git for-each-ref --format=%(refname)%00%(upstream:short)%00%(objectname)%00%(upstream:track)%00%(upstream:remotename)%00%(upstream:remoteref) refs/heads/main refs/remotes/main [2ms]
2024-06-25 14:03:29.184 [info] > git status -z -uall [2ms]
2024-06-25 14:03:34.194 [info] > git config --get commit.template [4ms]
2024-06-25 14:03:34.194 [info] > git for-each-ref --format=%(refname)%00%(upstream:short)%00%(objectname)%00%(upstream:track)%00%(upstream:remotename)%00%(upstream:remoteref) refs/heads/main refs/remotes/main [1ms]
2024-06-25 14:03:34.199 [info] > git status -z -uall [2ms]
2024-06-25 14:03:39.208 [info] > git config --get commit.template [4ms]
2024-06-25 14:03:39.208 [info] > git for-each-ref --format=%(refname)%00%(upstream:short)%00%(objectname)%00%(upstream:track)%00%(upstream:remotename)%00%(upstream:remoteref) refs/heads/main refs/remotes/main [1ms]
2024-06-25 14:03:39.213 [info] > git status -z -uall [2ms]
2024-06-25 14:04:07.960 [info] > git config --get commit.template [4ms]
2024-06-25 14:04:07.960 [info] > git for-each-ref --format=%(refname)%00%(upstream:short)%00%(objectname)%00%(upstream:track)%00%(upstream:remotename)%00%(upstream:remoteref) refs/heads/main refs/remotes/main [2ms]
2024-06-25 14:04:07.965 [info] > git status -z -uall [1ms]
2024-06-25 14:04:16.624 [info] > git config --get commit.template [4ms]
2024-06-25 14:04:16.625 [info] > git for-each-ref --format=%(refname)%00%(upstream:short)%00%(objectname)%00%(upstream:track)%00%(upstream:remotename)%00%(upstream:remoteref) refs/heads/main refs/remotes/main [1ms]
2024-06-25 14:04:16.629 [info] > git status -z -uall [2ms]
2024-06-25 14:04:25.216 [info] > git config --get commit.template [3ms]
2024-06-25 14:04:25.217 [info] > git for-each-ref --format=%(refname)%00%(upstream:short)%00%(objectname)%00%(upstream:track)%00%(upstream:remotename)%00%(upstream:remoteref) refs/heads/main refs/remotes/main [1ms]
2024-06-25 14:04:25.221 [info] > git status -z -uall [1ms]
2024-06-25 14:04:32.162 [info] > git config --get commit.template [3ms]
2024-06-25 14:04:32.163 [info] > git for-each-ref --format=%(refname)%00%(upstream:short)%00%(objectname)%00%(upstream:track)%00%(upstream:remotename)%00%(upstream:remoteref) refs/heads/main refs/remotes/main [2ms]
2024-06-25 14:04:32.167 [info] > git status -z -uall [2ms]
2024-06-25 14:04:37.176 [info] > git config --get commit.template [3ms]
2024-06-25 14:04:37.176 [info] > git for-each-ref --format=%(refname)%00%(upstream:short)%00%(objectname)%00%(upstream:track)%00%(upstream:remotename)%00%(upstream:remoteref) refs/heads/main refs/remotes/main [1ms]
2024-06-25 14:04:37.181 [info] > git status -z -uall [2ms]
2024-06-25 14:06:28.798 [info] > git config --get commit.template [4ms]
2024-06-25 14:06:28.798 [info] > git for-each-ref --format=%(refname)%00%(upstream:short)%00%(objectname)%00%(upstream:track)%00%(upstream:remotename)%00%(upstream:remoteref) refs/heads/main refs/remotes/main [1ms]
2024-06-25 14:06:28.803 [info] > git status -z -uall [2ms]
2024-06-25 14:07:09.226 [info] > git config --get commit.template [3ms]
2024-06-25 14:07:09.227 [info] > git for-each-ref --format=%(refname)%00%(upstream:short)%00%(objectname)%00%(upstream:track)%00%(upstream:remotename)%00%(upstream:remoteref) refs/heads/main refs/remotes/main [2ms]
2024-06-25 14:07:09.232 [info] > git status -z -uall [2ms]
2024-06-25 14:07:56.826 [info] > git config --local branch.main.github-pr-owner-number [1ms]
2024-06-25 14:07:56.826 [warning] git config failed: Failed to execute git
2024-06-25 14:09:22.643 [info] > git config --get commit.template [4ms]
2024-06-25 14:09:22.643 [info] > git for-each-ref --format=%(refname)%00%(upstream:short)%00%(objectname)%00%(upstream:track)%00%(upstream:remotename)%00%(upstream:remoteref) refs/heads/main refs/remotes/main [1ms]
2024-06-25 14:09:22.648 [info] > git status -z -uall [2ms]
2024-06-25 14:09:40.180 [info] > git config --get commit.template [3ms]
2024-06-25 14:09:40.180 [info] > git for-each-ref --format=%(refname)%00%(upstream:short)%00%(objectname)%00%(upstream:track)%00%(upstream:remotename)%00%(upstream:remoteref) refs/heads/main refs/remotes/main [1ms]
2024-06-25 14:09:40.185 [info] > git status -z -uall [2ms]
2024-06-25 14:12:56.832 [info] > git config --local branch.main.github-pr-owner-number [1ms]
2024-06-25 14:12:56.832 [warning] git config failed: Failed to execute git
2024-06-25 14:13:47.444 [info] > git config --get commit.template [3ms]
2024-06-25 14:13:47.444 [info] > git for-each-ref --format=%(refname)%00%(upstream:short)%00%(objectname)%00%(upstream:track)%00%(upstream:remotename)%00%(upstream:remoteref) refs/heads/main refs/remotes/main [1ms]
2024-06-25 14:13:47.522 [info] > git status -z -uall [74ms] (cancelled)
