2024-06-24 07:32:37.328 [info] Log level: Info
2024-06-24 07:32:37.335 [info] VSCODE_MACHINE_ID: 22ae08b7-af5e-4379-8186-589d2ae5f09a
2024-06-24 07:32:37.335 [info] VSCODE_SESSION_ID: 91af9513-2f31-4dc8-90a1-ff3b0f4710b71719214355314
2024-06-24 07:32:37.335 [info] VSCODE_VERSION: 1.90.1
2024-06-24 07:32:37.335 [info] VSCODE_APP_NAME: Gitpod Code
2024-06-24 07:32:37.335 [info] VSCODE_APP_HOST: Gitpod
2024-06-24 07:32:37.335 [info] VSCODE_UI_KIND: web
2024-06-24 07:32:37.335 [info] GITPOD_WORKSPACE_CONTEXT_URL: https://github.com/Blignaut24/django_blog
2024-06-24 07:32:37.335 [info] GITPOD_INSTANCE_ID: a717af4d-a222-4081-b1fa-09db9960a36d
2024-06-24 07:32:37.335 [info] GITPOD_WORKSPACE_URL: https://blignaut24-djangoblog-wiau6tbui2d.ws.codeinstitute-ide.net
2024-06-24 07:32:37.335 [error] No telemetry: dedicated installations should send data always to own endpoints, host: codeinstitute-ide.net
2024-06-24 07:32:37.342 [info] Gitpod Web 7ff72a2
2024-06-24 07:32:37.342 [info] Reading sessions from keychain...
2024-06-24 07:32:37.659 [info] Getting sessions for all scopes...
2024-06-24 07:32:37.659 [info] Getting GitHub sessions for all scopes...
2024-06-24 07:32:37.659 [info] Getting sessions for function:accessCodeSyncStorage...
2024-06-24 07:32:37.659 [info] Got stored sessions!
2024-06-24 07:32:37.659 [info] Verified session with the following scopes: function:accessCodeSyncStorage function:closePort function:controlAdmission function:deleteEnvVar function:generateNewGitpodToken function:getDefaultWorkspaceImage function:getEnvVars function:getGitpodTokenScopes function:getIDToken function:getLoggedInUser function:getOpenPorts function:getSupportedWorkspaceClasses function:getTeams function:getToken function:getWorkspace function:getWorkspaceEnvVars function:getWorkspaceOwner function:getWorkspaceTimeout function:getWorkspaceUsers function:guessGitTokenScopes function:isWorkspaceOwner function:openPort function:sendHeartBeat function:setEnvVar function:setWorkspaceTimeout function:stopWorkspace function:takeSnapshot function:trackEvent function:updateGitStatus function:waitForSnapshot resource:contentBlob::*::create/get resource:envVar::Blignaut24/django_blog::create/get/update/delete resource:gitpodToken::*::create resource:snapshot::ws-blignaut24-djangoblog-wiau6tbui2d::create resource:token::*::get resource:userStorage::*::create/get/update resource:workspace::blignaut24-djangoblog-wiau6tbui2d::get/update resource:workspaceInstance::a717af4d-a222-4081-b1fa-09db9960a36d::get/update/delete
2024-06-24 07:32:37.662 [info] Got 1 verified sessions.
2024-06-24 07:32:37.662 [info] Got 1 sessions for all scopes...
2024-06-24 07:32:37.662 [info] Got 1 sessions for function:accessCodeSyncStorage...
2024-06-24 07:32:37.835 [info] Got 1 GitHub sessions for all scopes...
2024-06-24 07:32:37.836 [info] Getting sessions for all scopes...
2024-06-24 07:32:37.836 [info] Got 1 sessions for all scopes...
2024-06-24 07:32:38.014 [info] Getting GitHub sessions for all scopes...
2024-06-24 07:32:38.014 [info] Got 1 GitHub sessions for all scopes...
2024-06-24 07:32:38.956 [info] Getting GitHub sessions for read:user,repo,user:email,workflow...
2024-06-24 07:32:38.956 [info] Got 1 GitHub sessions for read:user,repo,user:email,workflow...
2024-06-24 07:32:39.896 [info] Getting GitHub sessions for project,read:org,read:user,repo,user:email,workflow...
2024-06-24 07:32:39.896 [info] Got 0 GitHub sessions for project,read:org,read:user,repo,user:email,workflow...
2024-06-24 07:32:40.035 [info] Getting GitHub sessions for read:user,repo,user:email,workflow...
2024-06-24 07:32:40.035 [info] Getting GitHub sessions for read:user,repo,user:email,workflow...
2024-06-24 07:32:40.035 [info] Got 1 GitHub sessions for read:user,repo,user:email,workflow...
2024-06-24 07:32:40.035 [info] Got 1 GitHub sessions for read:user,repo,user:email,workflow...
2024-06-24 07:34:24.599 [error] No telemetry: dedicated installations should send data always to own endpoints, host: codeinstitute-ide.net
