2024-06-24 13:49:55.458 [info] Log level: Info
2024-06-24 13:49:55.535 [info] VSCODE_MACHINE_ID: 54b160a1-2981-436f-9870-3218f3ba7df0
2024-06-24 13:49:55.535 [info] VSCODE_SESSION_ID: f61d8bab-9d0d-456f-9294-6b262cdfc81e1719236987984
2024-06-24 13:49:55.535 [info] VSCODE_VERSION: 1.90.1
2024-06-24 13:49:55.535 [info] VSCODE_APP_NAME: Gitpod Code
2024-06-24 13:49:55.535 [info] VSCODE_APP_HOST: Gitpod
2024-06-24 13:49:55.535 [info] VSCODE_UI_KIND: web
2024-06-24 13:49:55.535 [info] GITPOD_WORKSPACE_CONTEXT_URL: https://github.com/Blignaut24/django_blog
2024-06-24 13:49:55.535 [info] GITPOD_INSTANCE_ID: 2f500f36-884e-4781-a118-504c50d463fb
2024-06-24 13:49:55.535 [info] GITPOD_WORKSPACE_URL: https://blignaut24-djangoblog-wiau6tbui2d.ws.codeinstitute-ide.net
2024-06-24 13:49:55.535 [error] No telemetry: dedicated installations should send data always to own endpoints, host: codeinstitute-ide.net
2024-06-24 13:49:55.535 [error] No telemetry: dedicated installations should send data always to own endpoints, host: codeinstitute-ide.net
2024-06-24 13:49:55.539 [info] Gitpod Web 7ff72a2
2024-06-24 13:49:55.539 [info] Reading sessions from keychain...
2024-06-24 13:49:55.783 [info] Getting sessions for all scopes...
2024-06-24 13:49:55.783 [info] Getting GitHub sessions for all scopes...
2024-06-24 13:49:55.783 [info] Getting sessions for function:accessCodeSyncStorage...
2024-06-24 13:49:55.783 [info] Got stored sessions!
2024-06-24 13:49:55.783 [info] Verified session with the following scopes: function:accessCodeSyncStorage function:closePort function:controlAdmission function:deleteEnvVar function:generateNewGitpodToken function:getDefaultWorkspaceImage function:getEnvVars function:getGitpodTokenScopes function:getIDToken function:getLoggedInUser function:getOpenPorts function:getSupportedWorkspaceClasses function:getTeams function:getToken function:getWorkspace function:getWorkspaceEnvVars function:getWorkspaceOwner function:getWorkspaceTimeout function:getWorkspaceUsers function:guessGitTokenScopes function:isWorkspaceOwner function:openPort function:sendHeartBeat function:setEnvVar function:setWorkspaceTimeout function:stopWorkspace function:takeSnapshot function:trackEvent function:updateGitStatus function:waitForSnapshot resource:contentBlob::*::create/get resource:envVar::Blignaut24/django_blog::create/get/update/delete resource:gitpodToken::*::create resource:snapshot::ws-blignaut24-djangoblog-wiau6tbui2d::create resource:token::*::get resource:userStorage::*::create/get/update resource:workspace::blignaut24-djangoblog-wiau6tbui2d::get/update resource:workspaceInstance::2f500f36-884e-4781-a118-504c50d463fb::get/update/delete
2024-06-24 13:49:55.783 [info] Got 1 verified sessions.
2024-06-24 13:49:55.783 [info] Got 1 sessions for all scopes...
2024-06-24 13:49:55.783 [info] Got 1 sessions for function:accessCodeSyncStorage...
2024-06-24 13:49:55.789 [info] Got 1 GitHub sessions for all scopes...
2024-06-24 13:49:56.057 [info] Getting sessions for all scopes...
2024-06-24 13:49:56.057 [info] Got 1 sessions for all scopes...
2024-06-24 13:49:56.057 [info] Getting GitHub sessions for all scopes...
2024-06-24 13:49:56.057 [info] Got 1 GitHub sessions for all scopes...
2024-06-24 13:49:56.780 [info] Getting GitHub sessions for read:user,repo,user:email,workflow...
2024-06-24 13:49:56.780 [info] Got 1 GitHub sessions for read:user,repo,user:email,workflow...
2024-06-24 13:49:58.183 [info] Getting GitHub sessions for read:user,repo,user:email,workflow...
2024-06-24 13:49:58.183 [info] Got 1 GitHub sessions for read:user,repo,user:email,workflow...
2024-06-24 13:49:58.509 [info] Getting GitHub sessions for project,read:org,read:user,repo,user:email,workflow...
2024-06-24 13:49:58.509 [info] Got 0 GitHub sessions for project,read:org,read:user,repo,user:email,workflow...
2024-06-24 13:49:58.679 [info] Getting GitHub sessions for read:user,repo,user:email,workflow...
2024-06-24 13:49:58.679 [info] Got 1 GitHub sessions for read:user,repo,user:email,workflow...
2024-06-24 13:52:31.521 [error] No telemetry: dedicated installations should send data always to own endpoints, host: codeinstitute-ide.net
2024-06-24 14:00:02.437 [error] No telemetry: dedicated installations should send data always to own endpoints, host: codeinstitute-ide.net
