2024-06-24 06:56:01.408 [info] Default formatter is set to null for workspace /workspace/django_blog
2024-06-24 06:56:01.423 [info] Test server listening.
2024-06-24 06:56:01.424 [info] Python interpreter path: ~/.pyenv/shims/python
2024-06-24 06:56:02.128 [info] > ~/.pyenv/bin/pyenv which python
2024-06-24 06:56:02.128 [info] cwd: .
2024-06-24 06:56:05.694 [info] Starting Jedi language server for django_blog.
2024-06-24 07:58:27.002 [info] Discover tests for workspace name: django_blog - uri: /workspace/django_blog/manage.py
2024-06-24 07:58:28.164 [info] Discover tests for workspace name: django_blog - uri: /workspace/django_blog/manage.py
2024-06-24 08:00:07.448 [info] Discover tests for workspace name: django_blog - uri: /workspace/django_blog/about/models.py
2024-06-24 08:01:13.331 [info] Discover tests for workspace name: django_blog - uri: /workspace/django_blog/about/admin.py
2024-06-24 08:04:19.975 [info] Discover tests for workspace name: django_blog - uri: /workspace/django_blog/codestar/urls.py
2024-06-24 08:05:36.088 [info] Discover tests for workspace name: django_blog - uri: /workspace/django_blog/codestar/settings.py
2024-06-24 08:05:37.039 [info] Discover tests for workspace name: django_blog - uri: /workspace/django_blog/codestar/settings.py
2024-06-24 08:06:50.286 [info] Discover tests for workspace name: django_blog - uri: /workspace/django_blog/codestar/urls.py
2024-06-24 08:08:39.869 [info] Discover tests for workspace name: django_blog - uri: /workspace/django_blog/about/urls.py
2024-06-24 08:38:59.846 [info] Discover tests for workspace name: django_blog - uri: /workspace/django_blog/codestar/settings.py
2024-06-24 08:41:06.281 [info] Discover tests for workspace name: django_blog - uri: /workspace/django_blog/codestar/urls.py
2024-06-24 08:41:25.517 [info] Discover tests for workspace name: django_blog - uri: /workspace/django_blog/about/urls.py
2024-06-24 08:43:45.171 [info] Discover tests for workspace name: django_blog - uri: /workspace/django_blog/about/views.py
2024-06-24 08:49:43.787 [info] Discover tests for workspace name: django_blog - uri: /workspace/django_blog/codestar/urls.py
2024-06-24 08:53:18.062 [info] Discover tests for workspace name: django_blog - uri: /workspace/django_blog/codestar/settings.py
2024-06-24 08:53:20.864 [info] Discover tests for workspace name: django_blog - uri: /workspace/django_blog/codestar/settings.py
