2024-06-24 22:26:24.848 [info] Log level: Info
2024-06-24 22:26:24.848 [info] Validating found git in: "git"
2024-06-24 22:26:24.848 [info] Using git "2.43.2" from "git"
2024-06-24 22:26:24.848 [info] > git rev-parse --show-toplevel [4ms]
2024-06-24 22:26:24.848 [info] > git rev-parse --git-dir --git-common-dir [31ms]
2024-06-24 22:26:24.848 [info] Open repository: /workspace/django_blog
2024-06-24 22:26:24.848 [info] > git config --get commit.template [3ms]
2024-06-24 22:26:24.848 [info] > git rev-parse --show-toplevel [14ms]
2024-06-24 22:26:24.848 [info] > git rev-parse --show-toplevel [53ms]
2024-06-24 22:26:24.848 [info] > git for-each-ref --format=%(refname)%00%(upstream:short)%00%(objectname)%00%(upstream:track)%00%(upstream:remotename)%00%(upstream:remoteref) refs/heads/main refs/remotes/main [55ms]
2024-06-24 22:26:24.848 [info] > git rev-parse --show-toplevel [26ms]
2024-06-24 22:26:24.848 [info] > git status -z -uall [7ms]
2024-06-24 22:26:24.848 [info] > git rev-parse --show-toplevel [10ms]
2024-06-24 22:26:24.848 [info] > git merge-base refs/heads/main refs/remotes/origin/main [9ms]
2024-06-24 22:26:24.848 [info] > git rev-parse --show-toplevel [17ms]
2024-06-24 22:26:24.848 [info] > git rev-list --count --left-right refs/heads/main...refs/remotes/origin/main [5ms]
2024-06-24 22:26:24.848 [info] > git config --get commit.template [15ms]
2024-06-24 22:26:24.848 [info] > git rev-parse --show-toplevel [5ms]
2024-06-24 22:26:24.848 [info] > git diff --name-status -z --diff-filter=ADMR 89051a0e77977db28c28376300c685b1c406609c...refs/remotes/origin/main [79ms]
2024-06-24 22:26:24.848 [info] > git rev-parse --show-toplevel [4ms]
2024-06-24 22:26:24.848 [info] > git for-each-ref --format=%(refname)%00%(upstream:short)%00%(objectname)%00%(upstream:track)%00%(upstream:remotename)%00%(upstream:remoteref) refs/heads/main refs/remotes/main [7ms]
2024-06-24 22:26:24.848 [info] > git rev-parse --show-toplevel [2ms]
2024-06-24 22:26:24.848 [info] > git status -z -uall [2ms]
2024-06-24 22:26:24.848 [info] > git rev-parse --show-toplevel [86ms]
2024-06-24 22:26:24.853 [info] > git rev-parse --show-toplevel [2ms]
2024-06-24 22:26:24.857 [info] > git rev-parse --show-toplevel [2ms]
2024-06-24 22:26:24.865 [info] > git rev-parse --show-toplevel [6ms]
2024-06-24 22:26:24.944 [info] > git rev-parse --show-toplevel [70ms]
2024-06-24 22:26:25.601 [info] > git check-ignore -v -z --stdin [4ms]
2024-06-24 22:26:26.551 [info] > git show --textconv :templates/base.html [3ms]
2024-06-24 22:26:26.552 [info] > git ls-files --stage -- /workspace/django_blog/templates/base.html [2ms]
2024-06-24 22:26:26.556 [info] > git cat-file -s 614d5c56c43fa69376e9332c2a952551634f0875 [2ms]
2024-06-24 22:26:27.884 [info] > git config --local branch.main.github-pr-owner-number [98ms]
2024-06-24 22:26:27.884 [warning] git config failed: Failed to execute git
