2024-06-24 13:49:56.396 [info] Log level: Info
2024-06-24 13:49:56.396 [info] Validating found git in: "git"
2024-06-24 13:49:56.396 [info] Using git "2.43.2" from "git"
2024-06-24 13:49:56.396 [info] > git rev-parse --show-toplevel [1ms]
2024-06-24 13:49:56.396 [info] > git rev-parse --git-dir --git-common-dir [0ms]
2024-06-24 13:49:56.396 [info] Open repository: /workspace/django_blog
2024-06-24 13:49:56.396 [info] > git config --get commit.template [2ms]
2024-06-24 13:49:56.396 [info] > git rev-parse --show-toplevel [10ms]
2024-06-24 13:49:56.396 [info] > git for-each-ref --format=%(refname)%00%(upstream:short)%00%(objectname)%00%(upstream:track)%00%(upstream:remotename)%00%(upstream:remoteref) refs/heads/main refs/remotes/main [9ms]
2024-06-24 13:49:56.396 [info] > git rev-parse --show-toplevel [1ms]
2024-06-24 13:49:56.396 [info] > git rev-parse --show-toplevel [5ms]
2024-06-24 13:49:56.396 [info] > git status -z -uall [3ms]
2024-06-24 13:49:56.396 [info] > git merge-base refs/heads/main refs/remotes/origin/main [6ms]
2024-06-24 13:49:56.396 [info] > git rev-parse --show-toplevel [11ms]
2024-06-24 13:49:56.396 [info] > git config --get commit.template [6ms]
2024-06-24 13:49:56.396 [info] > git rev-list --count --left-right refs/heads/main...refs/remotes/origin/main [5ms]
2024-06-24 13:49:56.396 [info] > git rev-parse --show-toplevel [6ms]
2024-06-24 13:49:56.396 [info] > git diff --name-status -z --diff-filter=ADMR 89051a0e77977db28c28376300c685b1c406609c...refs/remotes/origin/main [3ms]
2024-06-24 13:49:56.396 [info] > git for-each-ref --format=%(refname)%00%(upstream:short)%00%(objectname)%00%(upstream:track)%00%(upstream:remotename)%00%(upstream:remoteref) refs/heads/main refs/remotes/main [5ms]
2024-06-24 13:49:56.396 [info] > git rev-parse --show-toplevel [2ms]
2024-06-24 13:49:56.399 [info] > git rev-parse --show-toplevel [3ms]
2024-06-24 13:49:56.448 [info] > git status -z -uall [50ms]
2024-06-24 13:49:56.448 [info] > git rev-parse --show-toplevel [1ms]
2024-06-24 13:49:56.453 [info] > git rev-parse --show-toplevel [1ms]
2024-06-24 13:49:56.455 [info] > git rev-parse --show-toplevel [0ms]
2024-06-24 13:49:56.458 [info] > git rev-parse --show-toplevel [1ms]
2024-06-24 13:49:56.465 [info] > git rev-parse --show-toplevel [5ms]
2024-06-24 13:49:56.468 [info] > git rev-parse --show-toplevel [1ms]
2024-06-24 13:49:57.048 [info] > git check-ignore -v -z --stdin [75ms]
2024-06-24 13:49:57.557 [info] > git show --textconv :codestar/settings.py [4ms]
2024-06-24 13:49:57.557 [info] > git ls-files --stage -- /workspace/django_blog/codestar/settings.py [1ms]
2024-06-24 13:49:57.561 [info] > git cat-file -s 5c175ee853f9e34e850f88ec46c7b293ddf4696b [1ms]
2024-06-24 13:49:59.242 [info] > git config --local branch.main.github-pr-owner-number [98ms]
2024-06-24 13:49:59.242 [warning] git config failed: Failed to execute git
2024-06-24 13:51:35.355 [info] > git check-ignore -v -z --stdin [1ms]
2024-06-24 13:51:38.911 [info] > git check-ignore -v -z --stdin [1ms]
2024-06-24 13:51:50.235 [info] > git show --textconv :about/models.py [3ms]
2024-06-24 13:51:50.236 [info] > git ls-files --stage -- /workspace/django_blog/about/models.py [1ms]
2024-06-24 13:51:50.240 [info] > git cat-file -s fbc914eae0758ef4c69f1e91b4adb510254723e8 [2ms]
2024-06-24 13:52:25.690 [info] > git config --get commit.template [1ms]
2024-06-24 13:52:25.693 [info] > git for-each-ref --format=%(refname)%00%(upstream:short)%00%(objectname)%00%(upstream:track)%00%(upstream:remotename)%00%(upstream:remoteref) refs/heads/main refs/remotes/main [1ms]
2024-06-24 13:52:25.698 [info] > git status -z -uall [2ms]
2024-06-24 13:52:31.826 [info] > git config --get commit.template [3ms]
2024-06-24 13:52:31.826 [info] > git for-each-ref --format=%(refname)%00%(upstream:short)%00%(objectname)%00%(upstream:track)%00%(upstream:remotename)%00%(upstream:remoteref) refs/heads/main refs/remotes/main [1ms]
2024-06-24 13:52:31.831 [info] > git status -z -uall [2ms]
2024-06-24 13:53:28.929 [info] > git config --get commit.template [3ms]
2024-06-24 13:53:28.930 [info] > git for-each-ref --format=%(refname)%00%(upstream:short)%00%(objectname)%00%(upstream:track)%00%(upstream:remotename)%00%(upstream:remoteref) refs/heads/main refs/remotes/main [2ms]
2024-06-24 13:53:28.934 [info] > git status -z -uall [1ms]
2024-06-24 13:53:30.197 [info] > git check-ignore -v -z --stdin [1ms]
2024-06-24 13:54:13.013 [info] > git show --textconv :codestar/settings.py [3ms]
2024-06-24 13:54:13.014 [info] > git ls-files --stage -- /workspace/django_blog/codestar/settings.py [1ms]
2024-06-24 13:54:13.017 [info] > git cat-file -s 5c175ee853f9e34e850f88ec46c7b293ddf4696b [1ms]
2024-06-24 13:54:58.085 [info] > git config --get commit.template [4ms]
2024-06-24 13:54:58.085 [info] > git for-each-ref --format=%(refname)%00%(upstream:short)%00%(objectname)%00%(upstream:track)%00%(upstream:remotename)%00%(upstream:remoteref) refs/heads/main refs/remotes/main [1ms]
2024-06-24 13:54:58.090 [info] > git status -z -uall [2ms]
2024-06-24 13:54:58.806 [info] > git config --local branch.main.github-pr-owner-number [1ms]
2024-06-24 13:54:58.806 [warning] git config failed: Failed to execute git
2024-06-24 13:55:08.910 [info] > git show --textconv :about/models.py [3ms]
2024-06-24 13:55:08.910 [info] > git ls-files --stage -- /workspace/django_blog/about/models.py [1ms]
2024-06-24 13:55:08.914 [info] > git cat-file -s fbc914eae0758ef4c69f1e91b4adb510254723e8 [1ms]
2024-06-24 13:55:58.513 [info] > git config --get commit.template [4ms]
2024-06-24 13:55:58.514 [info] > git for-each-ref --format=%(refname)%00%(upstream:short)%00%(objectname)%00%(upstream:track)%00%(upstream:remotename)%00%(upstream:remoteref) refs/heads/main refs/remotes/main [1ms]
2024-06-24 13:55:58.518 [info] > git status -z -uall [2ms]
2024-06-24 13:56:10.420 [info] > git config --get commit.template [3ms]
2024-06-24 13:56:10.420 [info] > git for-each-ref --format=%(refname)%00%(upstream:short)%00%(objectname)%00%(upstream:track)%00%(upstream:remotename)%00%(upstream:remoteref) refs/heads/main refs/remotes/main [1ms]
2024-06-24 13:56:10.425 [info] > git status -z -uall [1ms]
2024-06-24 13:57:46.768 [info] > git config --get commit.template [3ms]
2024-06-24 13:57:46.769 [info] > git for-each-ref --format=%(refname)%00%(upstream:short)%00%(objectname)%00%(upstream:track)%00%(upstream:remotename)%00%(upstream:remoteref) refs/heads/main refs/remotes/main [2ms]
2024-06-24 13:57:46.773 [info] > git status -z -uall [2ms]
2024-06-24 13:57:49.972 [info] > git show --textconv :about/views.py [4ms]
2024-06-24 13:57:49.972 [info] > git ls-files --stage -- /workspace/django_blog/about/views.py [1ms]
2024-06-24 13:57:49.976 [info] > git cat-file -s 37fffa34743723ee6cca58fde408e06eb4125142 [1ms]
2024-06-24 13:58:33.726 [info] > git config --get commit.template [3ms]
2024-06-24 13:58:33.727 [info] > git for-each-ref --format=%(refname)%00%(upstream:short)%00%(objectname)%00%(upstream:track)%00%(upstream:remotename)%00%(upstream:remoteref) refs/heads/main refs/remotes/main [2ms]
2024-06-24 13:58:33.732 [info] > git status -z -uall [1ms]
2024-06-24 13:58:34.475 [info] > git show --textconv :about/models.py [2ms]
2024-06-24 13:58:34.476 [info] > git ls-files --stage -- /workspace/django_blog/about/models.py [1ms]
2024-06-24 13:58:34.479 [info] > git cat-file -s fbc914eae0758ef4c69f1e91b4adb510254723e8 [1ms]
2024-06-24 13:58:44.083 [info] > git config --get commit.template [3ms]
2024-06-24 13:58:44.084 [info] > git for-each-ref --format=%(refname)%00%(upstream:short)%00%(objectname)%00%(upstream:track)%00%(upstream:remotename)%00%(upstream:remoteref) refs/heads/main refs/remotes/main [2ms]
2024-06-24 13:58:44.088 [info] > git status -z -uall [2ms]
2024-06-24 13:59:40.286 [info] > git config --get commit.template [1ms]
2024-06-24 13:59:40.290 [info] > git for-each-ref --format=%(refname)%00%(upstream:short)%00%(objectname)%00%(upstream:track)%00%(upstream:remotename)%00%(upstream:remoteref) refs/heads/main refs/remotes/main [1ms]
2024-06-24 13:59:40.294 [info] > git status -z -uall [2ms]
2024-06-24 13:59:45.110 [info] > git ls-files --stage -- /workspace/django_blog/about/views.py [1ms]
2024-06-24 13:59:45.114 [info] > git cat-file -s 37fffa34743723ee6cca58fde408e06eb4125142 [1ms]
2024-06-24 13:59:45.144 [info] > git show --textconv :about/views.py [1ms]
2024-06-24 13:59:45.300 [info] > git config --get commit.template [1ms]
2024-06-24 13:59:45.304 [info] > git for-each-ref --format=%(refname)%00%(upstream:short)%00%(objectname)%00%(upstream:track)%00%(upstream:remotename)%00%(upstream:remoteref) refs/heads/main refs/remotes/main [1ms]
2024-06-24 13:59:45.309 [info] > git status -z -uall [2ms]
2024-06-24 13:59:55.495 [info] > git config --get commit.template [3ms]
2024-06-24 13:59:55.495 [info] > git for-each-ref --format=%(refname)%00%(upstream:short)%00%(objectname)%00%(upstream:track)%00%(upstream:remotename)%00%(upstream:remoteref) refs/heads/main refs/remotes/main [1ms]
2024-06-24 13:59:55.499 [info] > git status -z -uall [1ms]
2024-06-24 13:59:58.811 [info] > git config --local branch.main.github-pr-owner-number [1ms]
2024-06-24 13:59:58.812 [warning] git config failed: Failed to execute git
2024-06-24 14:00:02.702 [info] > git show --textconv :about/templates/about/about.html [2ms]
2024-06-24 14:00:02.702 [info] > git ls-files --stage -- /workspace/django_blog/about/templates/about/about.html [1ms]
2024-06-24 14:00:02.706 [info] > git cat-file -s 27e80d77e3797fd1c75b6f5c61df9cde80596621 [1ms]
2024-06-24 14:00:02.826 [info] > git check-ignore -v -z --stdin [1ms]
2024-06-24 14:00:25.351 [info] > git show --textconv :templates/base.html [3ms]
2024-06-24 14:00:25.352 [info] > git ls-files --stage -- /workspace/django_blog/templates/base.html [2ms]
2024-06-24 14:00:25.355 [info] > git cat-file -s 614d5c56c43fa69376e9332c2a952551634f0875 [1ms]
2024-06-24 14:02:37.786 [info] > git config --get commit.template [3ms]
2024-06-24 14:02:37.787 [info] > git for-each-ref --format=%(refname)%00%(upstream:short)%00%(objectname)%00%(upstream:track)%00%(upstream:remotename)%00%(upstream:remoteref) refs/heads/main refs/remotes/main [1ms]
2024-06-24 14:02:37.791 [info] > git status -z -uall [2ms]
2024-06-24 14:02:40.088 [info] > git ls-files --stage -- /workspace/django_blog/about/templates/about/about.html [4ms]
2024-06-24 14:02:40.091 [info] > git ls-files --stage -- /workspace/django_blog/templates/base.html [4ms]
2024-06-24 14:02:40.093 [info] > git cat-file -s 27e80d77e3797fd1c75b6f5c61df9cde80596621 [2ms]
2024-06-24 14:02:40.094 [info] > git cat-file -s 614d5c56c43fa69376e9332c2a952551634f0875 [1ms]
2024-06-24 14:02:40.124 [info] > git show --textconv :about/templates/about/about.html [3ms]
2024-06-24 14:02:40.125 [info] > git show --textconv :templates/base.html [1ms]
2024-06-24 14:02:42.800 [info] > git config --get commit.template [3ms]
2024-06-24 14:02:42.801 [info] > git for-each-ref --format=%(refname)%00%(upstream:short)%00%(objectname)%00%(upstream:track)%00%(upstream:remotename)%00%(upstream:remoteref) refs/heads/main refs/remotes/main [2ms]
2024-06-24 14:02:42.805 [info] > git status -z -uall [2ms]
2024-06-24 14:04:58.817 [info] > git config --local branch.main.github-pr-owner-number [0ms]
2024-06-24 14:04:58.817 [warning] git config failed: Failed to execute git
2024-06-24 14:06:12.205 [info] > git config --get commit.template [3ms]
2024-06-24 14:06:12.206 [info] > git for-each-ref --format=%(refname)%00%(upstream:short)%00%(objectname)%00%(upstream:track)%00%(upstream:remotename)%00%(upstream:remoteref) refs/heads/main refs/remotes/main [1ms]
2024-06-24 14:06:12.210 [info] > git status -z -uall [1ms]
2024-06-24 14:09:29.025 [info] > git show --textconv :about/templates/about/about.html [3ms]
2024-06-24 14:09:29.026 [info] > git ls-files --stage -- /workspace/django_blog/about/templates/about/about.html [1ms]
2024-06-24 14:09:29.029 [info] > git cat-file -s 27e80d77e3797fd1c75b6f5c61df9cde80596621 [1ms]
2024-06-24 14:09:58.823 [info] > git config --local branch.main.github-pr-owner-number [0ms]
2024-06-24 14:09:58.823 [warning] git config failed: Failed to execute git
2024-06-24 14:13:04.751 [info] > git config --get commit.template [3ms]
2024-06-24 14:13:04.752 [info] > git for-each-ref --format=%(refname)%00%(upstream:short)%00%(objectname)%00%(upstream:track)%00%(upstream:remotename)%00%(upstream:remoteref) refs/heads/main refs/remotes/main [1ms]
2024-06-24 14:13:04.756 [info] > git status -z -uall [2ms]
2024-06-24 14:13:08.887 [info] > git show --textconv :about/urls.py [3ms]
2024-06-24 14:13:08.887 [info] > git ls-files --stage -- /workspace/django_blog/about/urls.py [1ms]
2024-06-24 14:13:08.891 [info] > git cat-file -s e0453c978e18e542289f0f5ce944f27475afe3d0 [1ms]
2024-06-24 14:13:55.985 [info] > git config --get commit.template [4ms]
2024-06-24 14:13:55.985 [info] > git for-each-ref --format=%(refname)%00%(upstream:short)%00%(objectname)%00%(upstream:track)%00%(upstream:remotename)%00%(upstream:remoteref) refs/heads/main refs/remotes/main [1ms]
2024-06-24 14:13:55.990 [info] > git status -z -uall [2ms]
2024-06-24 14:14:28.787 [info] > git show --textconv :codestar/urls.py [4ms]
2024-06-24 14:14:28.787 [info] > git ls-files --stage -- /workspace/django_blog/codestar/urls.py [2ms]
2024-06-24 14:14:28.790 [info] > git cat-file -s b132d2a530bb194c5add357a6fda7e31b82d326f [1ms]
2024-06-24 14:14:58.827 [info] > git config --local branch.main.github-pr-owner-number [1ms]
2024-06-24 14:14:58.827 [warning] git config failed: Failed to execute git
2024-06-24 14:15:01.973 [info] > git config --get commit.template [4ms]
2024-06-24 14:15:01.974 [info] > git for-each-ref --format=%(refname)%00%(upstream:short)%00%(objectname)%00%(upstream:track)%00%(upstream:remotename)%00%(upstream:remoteref) refs/heads/main refs/remotes/main [1ms]
2024-06-24 14:15:01.978 [info] > git status -z -uall [2ms]
2024-06-24 14:16:09.903 [info] > git config --get commit.template [3ms]
2024-06-24 14:16:09.903 [info] > git for-each-ref --format=%(refname)%00%(upstream:short)%00%(objectname)%00%(upstream:track)%00%(upstream:remotename)%00%(upstream:remoteref) refs/heads/main refs/remotes/main [1ms]
2024-06-24 14:16:09.908 [info] > git status -z -uall [2ms]
2024-06-24 14:17:00.599 [info] > git merge-base refs/heads/main refs/remotes/origin/main [2ms]
2024-06-24 14:17:00.603 [info] > git rev-list --count --left-right refs/heads/main...refs/remotes/origin/main [2ms]
2024-06-24 14:17:01.218 [info] > git check-ignore -v -z --stdin [1ms]
2024-06-24 14:17:04.200 [info] > git check-ignore -v -z --stdin [1ms]
2024-06-24 14:17:26.400 [info] > git show --textconv :about/models.py [3ms]
2024-06-24 14:17:26.401 [info] > git ls-files --stage -- /workspace/django_blog/about/models.py [1ms]
2024-06-24 14:17:26.405 [info] > git cat-file -s fbc914eae0758ef4c69f1e91b4adb510254723e8 [1ms]
2024-06-24 14:17:49.614 [info] > git show --textconv :codestar/settings.py [3ms]
2024-06-24 14:17:49.614 [info] > git ls-files --stage -- /workspace/django_blog/codestar/settings.py [1ms]
2024-06-24 14:17:49.618 [info] > git cat-file -s 5c175ee853f9e34e850f88ec46c7b293ddf4696b [1ms]
2024-06-24 14:18:18.691 [info] > git config --get commit.template [3ms]
2024-06-24 14:18:18.692 [info] > git for-each-ref --format=%(refname)%00%(upstream:short)%00%(objectname)%00%(upstream:track)%00%(upstream:remotename)%00%(upstream:remoteref) refs/heads/main refs/remotes/main [2ms]
2024-06-24 14:18:18.696 [info] > git status -z -uall [2ms]
2024-06-24 14:18:20.090 [info] > git ls-files --stage -- /workspace/django_blog/codestar/settings.py [1ms]
2024-06-24 14:18:20.094 [info] > git cat-file -s 5c175ee853f9e34e850f88ec46c7b293ddf4696b [1ms]
2024-06-24 14:18:20.126 [info] > git show --textconv :codestar/settings.py [1ms]
2024-06-24 14:18:23.705 [info] > git config --get commit.template [3ms]
2024-06-24 14:18:23.705 [info] > git for-each-ref --format=%(refname)%00%(upstream:short)%00%(objectname)%00%(upstream:track)%00%(upstream:remotename)%00%(upstream:remoteref) refs/heads/main refs/remotes/main [1ms]
2024-06-24 14:18:23.710 [info] > git status -z -uall [2ms]
2024-06-24 14:18:26.659 [info] > git show --textconv :about/models.py [3ms]
2024-06-24 14:18:26.660 [info] > git ls-files --stage -- /workspace/django_blog/about/models.py [1ms]
2024-06-24 14:18:26.663 [info] > git cat-file -s fbc914eae0758ef4c69f1e91b4adb510254723e8 [1ms]
2024-06-24 14:18:28.718 [info] > git config --get commit.template [3ms]
2024-06-24 14:18:28.718 [info] > git for-each-ref --format=%(refname)%00%(upstream:short)%00%(objectname)%00%(upstream:track)%00%(upstream:remotename)%00%(upstream:remoteref) refs/heads/main refs/remotes/main [1ms]
2024-06-24 14:18:28.723 [info] > git status -z -uall [2ms]
2024-06-24 14:19:54.373 [info] > git config --get commit.template [3ms]
2024-06-24 14:19:54.374 [info] > git for-each-ref --format=%(refname)%00%(upstream:short)%00%(objectname)%00%(upstream:track)%00%(upstream:remotename)%00%(upstream:remoteref) refs/heads/main refs/remotes/main [1ms]
2024-06-24 14:19:54.378 [info] > git status -z -uall [2ms]
2024-06-24 14:19:58.430 [info] > git show --textconv :about/views.py [3ms]
2024-06-24 14:19:58.430 [info] > git ls-files --stage -- /workspace/django_blog/about/views.py [1ms]
2024-06-24 14:19:58.433 [info] > git cat-file -s 37fffa34743723ee6cca58fde408e06eb4125142 [1ms]
2024-06-24 14:19:58.831 [info] > git config --local branch.main.github-pr-owner-number [1ms]
2024-06-24 14:19:58.831 [warning] git config failed: Failed to execute git
2024-06-24 14:20:21.477 [info] > git config --get commit.template [3ms]
2024-06-24 14:20:21.477 [info] > git for-each-ref --format=%(refname)%00%(upstream:short)%00%(objectname)%00%(upstream:track)%00%(upstream:remotename)%00%(upstream:remoteref) refs/heads/main refs/remotes/main [1ms]
2024-06-24 14:20:21.481 [info] > git status -z -uall [1ms]
2024-06-24 14:20:22.377 [info] > git show --textconv :templates/base.html [3ms]
2024-06-24 14:20:22.378 [info] > git ls-files --stage -- /workspace/django_blog/templates/base.html [0ms]
2024-06-24 14:20:22.381 [info] > git cat-file -s 614d5c56c43fa69376e9332c2a952551634f0875 [1ms]
2024-06-24 14:24:58.836 [info] > git config --local branch.main.github-pr-owner-number [1ms]
2024-06-24 14:24:58.836 [warning] git config failed: Failed to execute git
2024-06-24 14:29:58.841 [info] > git config --local branch.main.github-pr-owner-number [1ms]
2024-06-24 14:29:58.841 [warning] git config failed: Failed to execute git
2024-06-24 14:34:58.847 [info] > git config --local branch.main.github-pr-owner-number [1ms]
2024-06-24 14:34:58.847 [warning] git config failed: Failed to execute git
2024-06-24 14:39:58.853 [info] > git config --local branch.main.github-pr-owner-number [1ms]
2024-06-24 14:39:58.853 [warning] git config failed: Failed to execute git
2024-06-24 14:44:58.858 [info] > git config --local branch.main.github-pr-owner-number [1ms]
2024-06-24 14:44:58.858 [warning] git config failed: Failed to execute git
2024-06-24 14:49:58.863 [info] > git config --local branch.main.github-pr-owner-number [1ms]
2024-06-24 14:49:58.863 [warning] git config failed: Failed to execute git
2024-06-24 14:54:58.868 [info] > git config --local branch.main.github-pr-owner-number [1ms]
2024-06-24 14:54:58.868 [warning] git config failed: Failed to execute git
