2024-06-23 19:48:07.879 [info] Log level: Info
2024-06-23 19:48:07.886 [info] VSCODE_MACHINE_ID: 54b160a1-2981-436f-9870-3218f3ba7df0
2024-06-23 19:48:07.886 [info] VSCODE_SESSION_ID: 49c7572e-11c6-4335-a34b-37076daa790c1719172080320
2024-06-23 19:48:07.886 [info] VSCODE_VERSION: 1.90.1
2024-06-23 19:48:07.886 [info] VSCODE_APP_NAME: Gitpod Code
2024-06-23 19:48:07.886 [info] VSCODE_APP_HOST: Gitpod
2024-06-23 19:48:07.886 [info] VSCODE_UI_KIND: web
2024-06-23 19:48:07.886 [info] GITPOD_WORKSPACE_CONTEXT_URL: https://github.com/Blignaut24/django_blog
2024-06-23 19:48:07.886 [info] GITPOD_INSTANCE_ID: 2d71c3f6-ae1f-4144-b257-0932178a6973
2024-06-23 19:48:07.886 [info] GITPOD_WORKSPACE_URL: https://blignaut24-djangoblog-wiau6tbui2d.ws.codeinstitute-ide.net
2024-06-23 19:48:07.886 [error] No telemetry: dedicated installations should send data always to own endpoints, host: codeinstitute-ide.net
2024-06-23 19:48:07.886 [error] No telemetry: dedicated installations should send data always to own endpoints, host: codeinstitute-ide.net
2024-06-23 19:48:07.890 [info] Gitpod Web 7ff72a2
2024-06-23 19:48:07.890 [info] Reading sessions from keychain...
2024-06-23 19:48:08.041 [info] Getting sessions for all scopes...
2024-06-23 19:48:08.041 [info] Getting GitHub sessions for all scopes...
2024-06-23 19:48:08.041 [info] Getting sessions for function:accessCodeSyncStorage...
2024-06-23 19:48:08.041 [info] Got stored sessions!
2024-06-23 19:48:08.041 [info] Verified session with the following scopes: function:accessCodeSyncStorage function:closePort function:controlAdmission function:deleteEnvVar function:generateNewGitpodToken function:getDefaultWorkspaceImage function:getEnvVars function:getGitpodTokenScopes function:getIDToken function:getLoggedInUser function:getOpenPorts function:getSupportedWorkspaceClasses function:getTeams function:getToken function:getWorkspace function:getWorkspaceEnvVars function:getWorkspaceOwner function:getWorkspaceTimeout function:getWorkspaceUsers function:guessGitTokenScopes function:isWorkspaceOwner function:openPort function:sendHeartBeat function:setEnvVar function:setWorkspaceTimeout function:stopWorkspace function:takeSnapshot function:trackEvent function:updateGitStatus function:waitForSnapshot resource:contentBlob::*::create/get resource:envVar::Blignaut24/django_blog::create/get/update/delete resource:gitpodToken::*::create resource:snapshot::ws-blignaut24-djangoblog-wiau6tbui2d::create resource:token::*::get resource:userStorage::*::create/get/update resource:workspace::blignaut24-djangoblog-wiau6tbui2d::get/update resource:workspaceInstance::2d71c3f6-ae1f-4144-b257-0932178a6973::get/update/delete
2024-06-23 19:48:08.041 [info] Got 1 verified sessions.
2024-06-23 19:48:08.042 [info] Got 1 sessions for all scopes...
2024-06-23 19:48:08.042 [info] Got 1 sessions for function:accessCodeSyncStorage...
2024-06-23 19:48:08.221 [info] Got 1 GitHub sessions for all scopes...
2024-06-23 19:48:08.371 [info] Getting sessions for all scopes...
2024-06-23 19:48:08.371 [info] Got 1 sessions for all scopes...
2024-06-23 19:48:08.482 [info] Getting GitHub sessions for all scopes...
2024-06-23 19:48:08.483 [info] Got 1 GitHub sessions for all scopes...
2024-06-23 19:48:09.443 [info] Getting GitHub sessions for read:user,repo,user:email,workflow...
2024-06-23 19:48:09.443 [info] Got 1 GitHub sessions for read:user,repo,user:email,workflow...
2024-06-23 19:48:10.542 [info] Getting GitHub sessions for project,read:org,read:user,repo,user:email,workflow...
2024-06-23 19:48:10.542 [info] Getting GitHub sessions for read:user,repo,user:email,workflow...
2024-06-23 19:48:10.542 [info] Got 0 GitHub sessions for project,read:org,read:user,repo,user:email,workflow...
2024-06-23 19:48:10.542 [info] Got 1 GitHub sessions for read:user,repo,user:email,workflow...
2024-06-23 19:48:10.642 [info] Getting GitHub sessions for read:user,repo,user:email,workflow...
2024-06-23 19:48:10.642 [info] Got 1 GitHub sessions for read:user,repo,user:email,workflow...
2024-06-23 20:21:35.918 [error] No telemetry: dedicated installations should send data always to own endpoints, host: codeinstitute-ide.net
2024-06-23 20:24:27.788 [error] No telemetry: dedicated installations should send data always to own endpoints, host: codeinstitute-ide.net
