2024-06-24 22:26:24.449 [info] Log level: Info
2024-06-24 22:26:24.502 [info] VSCODE_MACHINE_ID: 54b160a1-2981-436f-9870-3218f3ba7df0
2024-06-24 22:26:24.502 [info] VSCODE_SESSION_ID: fe60f1c4-dec0-4264-b9f4-0f680b415ced1719267973990
2024-06-24 22:26:24.502 [info] VSCODE_VERSION: 1.90.1
2024-06-24 22:26:24.502 [info] VSCODE_APP_NAME: Gitpod Code
2024-06-24 22:26:24.502 [info] VSCODE_APP_HOST: Gitpod
2024-06-24 22:26:24.502 [info] VSCODE_UI_KIND: web
2024-06-24 22:26:24.502 [info] GITPOD_WORKSPACE_CONTEXT_URL: https://github.com/Blignaut24/django_blog
2024-06-24 22:26:24.502 [info] GITPOD_INSTANCE_ID: 1834f194-934a-4bed-8247-01aaad1f821e
2024-06-24 22:26:24.502 [info] GITPOD_WORKSPACE_URL: https://blignaut24-djangoblog-wiau6tbui2d.ws.codeinstitute-ide.net
2024-06-24 22:26:24.502 [error] No telemetry: dedicated installations should send data always to own endpoints, host: codeinstitute-ide.net
2024-06-24 22:26:24.502 [error] No telemetry: dedicated installations should send data always to own endpoints, host: codeinstitute-ide.net
2024-06-24 22:26:24.507 [info] Gitpod Web 7ff72a2
2024-06-24 22:26:24.507 [info] Reading sessions from keychain...
2024-06-24 22:26:24.945 [info] Getting sessions for all scopes...
2024-06-24 22:26:24.945 [info] Getting GitHub sessions for all scopes...
2024-06-24 22:26:24.945 [info] Getting sessions for function:accessCodeSyncStorage...
2024-06-24 22:26:24.945 [info] Got 1 GitHub sessions for all scopes...
2024-06-24 22:26:24.946 [info] Got stored sessions!
2024-06-24 22:26:24.946 [info] Verified session with the following scopes: function:accessCodeSyncStorage function:closePort function:controlAdmission function:deleteEnvVar function:generateNewGitpodToken function:getDefaultWorkspaceImage function:getEnvVars function:getGitpodTokenScopes function:getIDToken function:getLoggedInUser function:getOpenPorts function:getSupportedWorkspaceClasses function:getTeams function:getToken function:getWorkspace function:getWorkspaceEnvVars function:getWorkspaceOwner function:getWorkspaceTimeout function:getWorkspaceUsers function:guessGitTokenScopes function:isWorkspaceOwner function:openPort function:sendHeartBeat function:setEnvVar function:setWorkspaceTimeout function:stopWorkspace function:takeSnapshot function:trackEvent function:updateGitStatus function:waitForSnapshot resource:contentBlob::*::create/get resource:envVar::Blignaut24/django_blog::create/get/update/delete resource:gitpodToken::*::create resource:snapshot::ws-blignaut24-djangoblog-wiau6tbui2d::create resource:token::*::get resource:userStorage::*::create/get/update resource:workspace::blignaut24-djangoblog-wiau6tbui2d::get/update resource:workspaceInstance::1834f194-934a-4bed-8247-01aaad1f821e::get/update/delete
2024-06-24 22:26:24.946 [info] Got 1 verified sessions.
2024-06-24 22:26:24.946 [info] Got 1 sessions for all scopes...
2024-06-24 22:26:24.946 [info] Got 1 sessions for function:accessCodeSyncStorage...
2024-06-24 22:26:25.659 [info] Getting GitHub sessions for all scopes...
2024-06-24 22:26:25.659 [info] Getting sessions for all scopes...
2024-06-24 22:26:25.659 [info] Got 1 GitHub sessions for all scopes...
2024-06-24 22:26:25.659 [info] Got 1 sessions for all scopes...
2024-06-24 22:26:25.778 [info] Getting GitHub sessions for read:user,repo,user:email,workflow...
2024-06-24 22:26:25.778 [info] Got 1 GitHub sessions for read:user,repo,user:email,workflow...
2024-06-24 22:26:27.264 [info] Getting GitHub sessions for read:user,repo,user:email,workflow...
2024-06-24 22:26:27.264 [info] Got 1 GitHub sessions for read:user,repo,user:email,workflow...
2024-06-24 22:26:27.268 [info] Getting GitHub sessions for project,read:org,read:user,repo,user:email,workflow...
2024-06-24 22:26:27.268 [info] Got 0 GitHub sessions for project,read:org,read:user,repo,user:email,workflow...
2024-06-24 22:26:27.342 [info] Getting GitHub sessions for read:user,repo,user:email,workflow...
2024-06-24 22:26:27.342 [info] Got 1 GitHub sessions for read:user,repo,user:email,workflow...
