2024-06-24 06:56:01.743 [info] Log level: Info
2024-06-24 06:56:01.743 [info] Validating found git in: "git"
2024-06-24 06:56:01.743 [info] Using git "2.43.2" from "git"
2024-06-24 06:56:01.743 [info] > git rev-parse --show-toplevel [2ms]
2024-06-24 06:56:01.743 [info] > git rev-parse --git-dir --git-common-dir [1ms]
2024-06-24 06:56:01.743 [info] Open repository: /workspace/django_blog
2024-06-24 06:56:01.743 [info] > git rev-parse --show-toplevel [6ms]
2024-06-24 06:56:01.743 [info] > git config --get commit.template [9ms]
2024-06-24 06:56:01.743 [info] > git rev-parse --show-toplevel [4ms]
2024-06-24 06:56:01.743 [info] > git for-each-ref --format=%(refname)%00%(upstream:short)%00%(objectname)%00%(upstream:track)%00%(upstream:remotename)%00%(upstream:remoteref) refs/heads/main refs/remotes/main [4ms]
2024-06-24 06:56:01.743 [info] > git rev-parse --show-toplevel [1ms]
2024-06-24 06:56:01.743 [info] > git rev-parse --show-toplevel [1ms]
2024-06-24 06:56:01.743 [info] > git status -z -uall [20ms]
2024-06-24 06:56:01.743 [info] > git merge-base refs/heads/main refs/remotes/origin/main [8ms]
2024-06-24 06:56:01.743 [info] > git rev-parse --show-toplevel [31ms]
2024-06-24 06:56:01.743 [info] > git config --get commit.template [6ms]
2024-06-24 06:56:01.743 [info] > git rev-list --count --left-right refs/heads/main...refs/remotes/origin/main [4ms]
2024-06-24 06:56:01.743 [info] > git rev-parse --show-toplevel [6ms]
2024-06-24 06:56:01.743 [info] > git diff --name-status -z --diff-filter=ADMR 276b2445af8650ff8e2d8dcc9d30b0398a076413...refs/remotes/origin/main [3ms]
2024-06-24 06:56:01.743 [info] > git for-each-ref --format=%(refname)%00%(upstream:short)%00%(objectname)%00%(upstream:track)%00%(upstream:remotename)%00%(upstream:remoteref) refs/heads/main refs/remotes/main [4ms]
2024-06-24 06:56:01.743 [info] > git rev-parse --show-toplevel [2ms]
2024-06-24 06:56:01.743 [info] > git rev-parse --show-toplevel [2ms]
2024-06-24 06:56:01.743 [info] > git status -z -uall [6ms]
2024-06-24 06:56:01.743 [info] > git rev-parse --show-toplevel [6ms]
2024-06-24 06:56:01.743 [info] > git rev-parse --show-toplevel [1ms]
2024-06-24 06:56:01.743 [info] > git rev-parse --show-toplevel [1ms]
2024-06-24 06:56:02.313 [info] > git check-ignore -v -z --stdin [1ms]
2024-06-24 06:56:04.678 [info] > git show --textconv :blog/templates/blog/post_detail.html [3ms]
2024-06-24 06:56:04.678 [info] > git ls-files --stage -- /workspace/django_blog/blog/templates/blog/post_detail.html [1ms]
2024-06-24 06:56:04.682 [info] > git cat-file -s 9a352bf4d05afee499e20fdd83a6c9acc036e76b [1ms]
2024-06-24 06:56:04.944 [info] > git check-ignore -v -z --stdin [10ms]
2024-06-24 06:56:06.788 [info] > git config --local branch.main.github-pr-owner-number [93ms]
2024-06-24 06:56:06.788 [warning] git config failed: Failed to execute git
2024-06-24 07:01:06.327 [info] > git config --local branch.main.github-pr-owner-number [0ms]
2024-06-24 07:01:06.327 [warning] git config failed: Failed to execute git
2024-06-24 07:03:38.686 [info] > git config --get commit.template [5ms]
2024-06-24 07:03:38.686 [info] > git for-each-ref --format=%(refname)%00%(upstream:short)%00%(objectname)%00%(upstream:track)%00%(upstream:remotename)%00%(upstream:remoteref) refs/heads/main refs/remotes/main [1ms]
2024-06-24 07:03:38.691 [info] > git status -z -uall [2ms]
2024-06-24 07:03:46.164 [info] > git check-ignore -v -z --stdin [1ms]
2024-06-24 07:03:48.308 [info] > git check-ignore -v -z --stdin [1ms]
2024-06-24 07:05:54.925 [info] > git check-ignore -v -z --stdin [1ms]
2024-06-24 07:05:59.380 [info] > git check-ignore -v -z --stdin [1ms]
2024-06-24 07:06:04.086 [info] > git check-ignore -v -z --stdin [2ms]
2024-06-24 07:06:06.332 [info] > git config --local branch.main.github-pr-owner-number [1ms]
2024-06-24 07:06:06.332 [warning] git config failed: Failed to execute git
2024-06-24 07:06:13.576 [info] > git check-ignore -v -z --stdin [1ms]
2024-06-24 07:08:19.934 [info] > git config --get commit.template [4ms]
2024-06-24 07:08:19.935 [info] > git for-each-ref --format=%(refname)%00%(upstream:short)%00%(objectname)%00%(upstream:track)%00%(upstream:remotename)%00%(upstream:remoteref) refs/heads/main refs/remotes/main [2ms]
2024-06-24 07:08:19.939 [info] > git status -z -uall [2ms]
2024-06-24 07:11:06.337 [info] > git config --local branch.main.github-pr-owner-number [1ms]
2024-06-24 07:11:06.337 [warning] git config failed: Failed to execute git
2024-06-24 07:16:06.342 [info] > git config --local branch.main.github-pr-owner-number [2ms]
2024-06-24 07:16:06.342 [warning] git config failed: Failed to execute git
2024-06-24 07:21:06.347 [info] > git config --local branch.main.github-pr-owner-number [1ms]
2024-06-24 07:21:06.347 [warning] git config failed: Failed to execute git
2024-06-24 07:26:06.351 [info] > git config --local branch.main.github-pr-owner-number [1ms]
2024-06-24 07:26:06.352 [warning] git config failed: Failed to execute git
2024-06-24 07:31:06.357 [info] > git config --local branch.main.github-pr-owner-number [1ms]
2024-06-24 07:31:06.357 [warning] git config failed: Failed to execute git
2024-06-24 07:33:50.227 [info] > git config --get commit.template [4ms]
2024-06-24 07:33:50.227 [info] > git for-each-ref --format=%(refname)%00%(upstream:short)%00%(objectname)%00%(upstream:track)%00%(upstream:remotename)%00%(upstream:remoteref) refs/heads/main refs/remotes/main [1ms]
2024-06-24 07:33:50.232 [info] > git status -z -uall [2ms]
2024-06-24 07:33:54.196 [info] > git check-ignore -v -z --stdin [1ms]
2024-06-24 07:36:06.362 [info] > git config --local branch.main.github-pr-owner-number [1ms]
2024-06-24 07:36:06.362 [warning] git config failed: Failed to execute git
2024-06-24 07:41:06.368 [info] > git config --local branch.main.github-pr-owner-number [1ms]
2024-06-24 07:41:06.368 [warning] git config failed: Failed to execute git
2024-06-24 07:42:55.279 [info] > git show --textconv :views.py [3ms]
2024-06-24 07:42:55.280 [info] > git ls-files --stage -- /workspace/django_blog/views.py [1ms]
2024-06-24 07:42:57.715 [info] > git show --textconv :blog/templates/blog/post_detail.html [3ms]
2024-06-24 07:42:57.716 [info] > git ls-files --stage -- /workspace/django_blog/blog/templates/blog/post_detail.html [1ms]
2024-06-24 07:42:57.719 [info] > git cat-file -s 9a352bf4d05afee499e20fdd83a6c9acc036e76b [1ms]
2024-06-24 07:42:58.512 [info] > git config --get commit.template [3ms]
2024-06-24 07:42:58.513 [info] > git for-each-ref --format=%(refname)%00%(upstream:short)%00%(objectname)%00%(upstream:track)%00%(upstream:remotename)%00%(upstream:remoteref) refs/heads/main refs/remotes/main [2ms]
2024-06-24 07:42:58.517 [info] > git status -z -uall [2ms]
2024-06-24 07:43:02.361 [info] > git show --textconv :tests.py [3ms]
2024-06-24 07:43:02.362 [info] > git ls-files --stage -- /workspace/django_blog/tests.py [1ms]
2024-06-24 07:43:05.277 [info] > git config --get commit.template [5ms]
2024-06-24 07:43:05.277 [info] > git for-each-ref --format=%(refname)%00%(upstream:short)%00%(objectname)%00%(upstream:track)%00%(upstream:remotename)%00%(upstream:remoteref) refs/heads/main refs/remotes/main [1ms]
2024-06-24 07:43:05.283 [info] > git status -z -uall [2ms]
2024-06-24 07:43:09.682 [info] > git show --textconv :manage.py [3ms]
2024-06-24 07:43:09.685 [info] > git ls-files --stage -- /workspace/django_blog/manage.py [3ms]
2024-06-24 07:43:09.688 [info] > git cat-file -s ad355a8e13d7862485c20933c48bf87f0115f5d7 [1ms]
2024-06-24 07:43:14.229 [info] > git config --get commit.template [4ms]
2024-06-24 07:43:14.229 [info] > git for-each-ref --format=%(refname)%00%(upstream:short)%00%(objectname)%00%(upstream:track)%00%(upstream:remotename)%00%(upstream:remoteref) refs/heads/main refs/remotes/main [1ms]
2024-06-24 07:43:14.234 [info] > git status -z -uall [2ms]
2024-06-24 07:43:19.908 [info] > git show --textconv :admin.py [3ms]
2024-06-24 07:43:19.908 [info] > git ls-files --stage -- /workspace/django_blog/admin.py [1ms]
2024-06-24 07:43:23.798 [info] > git config --get commit.template [3ms]
2024-06-24 07:43:23.798 [info] > git for-each-ref --format=%(refname)%00%(upstream:short)%00%(objectname)%00%(upstream:track)%00%(upstream:remotename)%00%(upstream:remoteref) refs/heads/main refs/remotes/main [1ms]
2024-06-24 07:43:23.803 [info] > git status -z -uall [2ms]
2024-06-24 07:43:26.569 [info] > git show --textconv :apps.py [4ms]
2024-06-24 07:43:26.569 [info] > git ls-files --stage -- /workspace/django_blog/apps.py [1ms]
2024-06-24 07:43:29.228 [info] > git config --get commit.template [5ms]
2024-06-24 07:43:29.229 [info] > git for-each-ref --format=%(refname)%00%(upstream:short)%00%(objectname)%00%(upstream:track)%00%(upstream:remotename)%00%(upstream:remoteref) refs/heads/main refs/remotes/main [1ms]
2024-06-24 07:43:29.234 [info] > git status -z -uall [2ms]
2024-06-24 07:43:52.628 [info] > git show --textconv :blog/__init__.py [4ms]
2024-06-24 07:43:52.628 [info] > git ls-files --stage -- /workspace/django_blog/blog/__init__.py [1ms]
2024-06-24 07:43:52.633 [info] > git cat-file -s e69de29bb2d1d6434b8b29ae775ad8c2e48c5391 [1ms]
2024-06-24 07:44:13.392 [info] > git check-ignore -v -z --stdin [1ms]
2024-06-24 07:44:18.496 [info] > git config --get commit.template [3ms]
2024-06-24 07:44:18.497 [info] > git for-each-ref --format=%(refname)%00%(upstream:short)%00%(objectname)%00%(upstream:track)%00%(upstream:remotename)%00%(upstream:remoteref) refs/heads/main refs/remotes/main [1ms]
2024-06-24 07:44:18.501 [info] > git status -z -uall [1ms]
2024-06-24 07:44:19.238 [info] > git show --textconv :blog/models.py [3ms]
2024-06-24 07:44:19.239 [info] > git ls-files --stage -- /workspace/django_blog/blog/models.py [1ms]
2024-06-24 07:44:19.243 [info] > git cat-file -s b274aace4c83125d7bba1bc29cff4e275e4f6a08 [1ms]
2024-06-24 07:46:06.373 [info] > git config --local branch.main.github-pr-owner-number [1ms]
2024-06-24 07:46:06.373 [warning] git config failed: Failed to execute git
2024-06-24 07:50:15.324 [info] > git show --textconv :models.py [3ms]
2024-06-24 07:50:15.325 [info] > git ls-files --stage -- /workspace/django_blog/models.py [1ms]
2024-06-24 07:50:19.550 [info] > git show --textconv :blog/templates/blog/post_detail.html [3ms]
2024-06-24 07:50:19.552 [info] > git ls-files --stage -- /workspace/django_blog/blog/templates/blog/post_detail.html [1ms]
2024-06-24 07:50:19.555 [info] > git cat-file -s 9a352bf4d05afee499e20fdd83a6c9acc036e76b [1ms]
2024-06-24 07:50:20.388 [info] > git config --get commit.template [5ms]
2024-06-24 07:50:20.389 [info] > git for-each-ref --format=%(refname)%00%(upstream:short)%00%(objectname)%00%(upstream:track)%00%(upstream:remotename)%00%(upstream:remoteref) refs/heads/main refs/remotes/main [1ms]
2024-06-24 07:50:20.393 [info] > git status -z -uall [2ms]
2024-06-24 07:51:06.378 [info] > git config --local branch.main.github-pr-owner-number [0ms]
2024-06-24 07:51:06.378 [warning] git config failed: Failed to execute git
2024-06-24 07:51:33.870 [info] > git check-ignore -v -z --stdin [1ms]
2024-06-24 07:56:06.383 [info] > git config --local branch.main.github-pr-owner-number [0ms]
2024-06-24 07:56:06.383 [warning] git config failed: Failed to execute git
2024-06-24 07:56:15.388 [info] > git show --textconv :__init__.py [3ms]
2024-06-24 07:56:15.388 [info] > git ls-files --stage -- /workspace/django_blog/__init__.py [1ms]
2024-06-24 07:56:26.194 [info] > git show --textconv :blog/templates/blog/post_detail.html [4ms]
2024-06-24 07:56:26.195 [info] > git ls-files --stage -- /workspace/django_blog/blog/templates/blog/post_detail.html [1ms]
2024-06-24 07:56:26.198 [info] > git cat-file -s 9a352bf4d05afee499e20fdd83a6c9acc036e76b [1ms]
2024-06-24 07:56:27.056 [info] > git config --get commit.template [4ms]
2024-06-24 07:56:27.056 [info] > git for-each-ref --format=%(refname)%00%(upstream:short)%00%(objectname)%00%(upstream:track)%00%(upstream:remotename)%00%(upstream:remoteref) refs/heads/main refs/remotes/main [1ms]
2024-06-24 07:56:27.061 [info] > git status -z -uall [2ms]
2024-06-24 07:58:21.585 [info] > git show --textconv :manage.py [3ms]
2024-06-24 07:58:21.585 [info] > git ls-files --stage -- /workspace/django_blog/manage.py [1ms]
2024-06-24 07:58:21.589 [info] > git cat-file -s ad355a8e13d7862485c20933c48bf87f0115f5d7 [1ms]
2024-06-24 07:58:22.288 [info] > git config --get commit.template [3ms]
2024-06-24 07:58:22.289 [info] > git for-each-ref --format=%(refname)%00%(upstream:short)%00%(objectname)%00%(upstream:track)%00%(upstream:remotename)%00%(upstream:remoteref) refs/heads/main refs/remotes/main [1ms]
2024-06-24 07:58:22.293 [info] > git status -z -uall [2ms]
2024-06-24 07:58:27.853 [info] > git config --get commit.template [3ms]
2024-06-24 07:58:27.854 [info] > git for-each-ref --format=%(refname)%00%(upstream:short)%00%(objectname)%00%(upstream:track)%00%(upstream:remotename)%00%(upstream:remoteref) refs/heads/main refs/remotes/main [1ms]
2024-06-24 07:58:27.858 [info] > git status -z -uall [2ms]
2024-06-24 07:58:32.866 [info] > git config --get commit.template [3ms]
2024-06-24 07:58:32.867 [info] > git for-each-ref --format=%(refname)%00%(upstream:short)%00%(objectname)%00%(upstream:track)%00%(upstream:remotename)%00%(upstream:remoteref) refs/heads/main refs/remotes/main [1ms]
2024-06-24 07:58:32.871 [info] > git status -z -uall [2ms]
2024-06-24 08:00:02.958 [info] > git show --textconv :about/models.py [3ms]
2024-06-24 08:00:02.959 [info] > git ls-files --stage -- /workspace/django_blog/about/models.py [1ms]
2024-06-24 08:00:08.243 [info] > git config --get commit.template [4ms]
2024-06-24 08:00:08.244 [info] > git for-each-ref --format=%(refname)%00%(upstream:short)%00%(objectname)%00%(upstream:track)%00%(upstream:remotename)%00%(upstream:remoteref) refs/heads/main refs/remotes/main [2ms]
2024-06-24 08:00:08.249 [info] > git status -z -uall [2ms]
2024-06-24 08:01:06.387 [info] > git config --local branch.main.github-pr-owner-number [1ms]
2024-06-24 08:01:06.387 [warning] git config failed: Failed to execute git
2024-06-24 08:01:09.178 [info] > git show --textconv :about/admin.py [4ms]
2024-06-24 08:01:09.179 [info] > git ls-files --stage -- /workspace/django_blog/about/admin.py [1ms]
2024-06-24 08:01:14.125 [info] > git config --get commit.template [3ms]
2024-06-24 08:01:14.125 [info] > git for-each-ref --format=%(refname)%00%(upstream:short)%00%(objectname)%00%(upstream:track)%00%(upstream:remotename)%00%(upstream:remoteref) refs/heads/main refs/remotes/main [1ms]
2024-06-24 08:01:14.130 [info] > git status -z -uall [2ms]
2024-06-24 08:01:49.753 [info] > git check-ignore -v -z --stdin [1ms]
2024-06-24 08:01:50.270 [info] > git config --get commit.template [4ms]
2024-06-24 08:01:50.271 [info] > git for-each-ref --format=%(refname)%00%(upstream:short)%00%(objectname)%00%(upstream:track)%00%(upstream:remotename)%00%(upstream:remoteref) refs/heads/main refs/remotes/main [2ms]
2024-06-24 08:01:50.275 [info] > git status -z -uall [2ms]
2024-06-24 08:02:02.885 [info] > git check-ignore -v -z --stdin [1ms]
2024-06-24 08:02:03.391 [info] > git config --get commit.template [4ms]
2024-06-24 08:02:03.391 [info] > git for-each-ref --format=%(refname)%00%(upstream:short)%00%(objectname)%00%(upstream:track)%00%(upstream:remotename)%00%(upstream:remoteref) refs/heads/main refs/remotes/main [1ms]
2024-06-24 08:02:03.396 [info] > git status -z -uall [2ms]
2024-06-24 08:02:10.674 [info] > git show --textconv :about/templates/about/about.html [3ms]
2024-06-24 08:02:10.674 [info] > git ls-files --stage -- /workspace/django_blog/about/templates/about/about.html [1ms]
2024-06-24 08:02:10.862 [info] > git check-ignore -v -z --stdin [1ms]
2024-06-24 08:02:11.378 [info] > git config --get commit.template [4ms]
2024-06-24 08:02:11.379 [info] > git for-each-ref --format=%(refname)%00%(upstream:short)%00%(objectname)%00%(upstream:track)%00%(upstream:remotename)%00%(upstream:remoteref) refs/heads/main refs/remotes/main [1ms]
2024-06-24 08:02:11.383 [info] > git status -z -uall [1ms]
2024-06-24 08:02:24.309 [info] > git show --textconv :about/templates/about/about_starter.html [4ms]
2024-06-24 08:02:24.310 [info] > git ls-files --stage -- /workspace/django_blog/about/templates/about/about_starter.html [1ms]
2024-06-24 08:02:24.494 [info] > git check-ignore -v -z --stdin [1ms]
2024-06-24 08:02:25.001 [info] > git config --get commit.template [4ms]
2024-06-24 08:02:25.002 [info] > git for-each-ref --format=%(refname)%00%(upstream:short)%00%(objectname)%00%(upstream:track)%00%(upstream:remotename)%00%(upstream:remoteref) refs/heads/main refs/remotes/main [1ms]
2024-06-24 08:02:25.006 [info] > git status -z -uall [2ms]
2024-06-24 08:02:38.977 [info] > git config --get commit.template [4ms]
2024-06-24 08:02:38.978 [info] > git for-each-ref --format=%(refname)%00%(upstream:short)%00%(objectname)%00%(upstream:track)%00%(upstream:remotename)%00%(upstream:remoteref) refs/heads/main refs/remotes/main [1ms]
2024-06-24 08:02:38.983 [info] > git status -z -uall [2ms]
2024-06-24 08:03:46.292 [info] > git show --textconv :codestar/runtime.txt [3ms]
2024-06-24 08:03:46.292 [info] > git ls-files --stage -- /workspace/django_blog/codestar/runtime.txt [1ms]
2024-06-24 08:03:46.297 [info] > git cat-file -s 7f3d94a001b7c083958f447c19cd796339d84f39 [1ms]
2024-06-24 08:03:59.453 [info] > git show --textconv :codestar/urls.py [3ms]
2024-06-24 08:03:59.454 [info] > git ls-files --stage -- /workspace/django_blog/codestar/urls.py [1ms]
2024-06-24 08:03:59.457 [info] > git cat-file -s aa3999f391d701b0977f5b7cf39d42eb54eb32ff [1ms]
2024-06-24 08:04:20.774 [info] > git config --get commit.template [3ms]
2024-06-24 08:04:20.775 [info] > git for-each-ref --format=%(refname)%00%(upstream:short)%00%(objectname)%00%(upstream:track)%00%(upstream:remotename)%00%(upstream:remoteref) refs/heads/main refs/remotes/main [1ms]
2024-06-24 08:04:20.780 [info] > git status -z -uall [2ms]
2024-06-24 08:05:11.669 [info] > git show --textconv :codestar/settings.py [3ms]
2024-06-24 08:05:11.670 [info] > git ls-files --stage -- /workspace/django_blog/codestar/settings.py [2ms]
2024-06-24 08:05:11.674 [info] > git cat-file -s 4c77f5120f16539858bdef7fb2dd23c695232a0d [1ms]
2024-06-24 08:05:18.282 [info] > git config --get commit.template [3ms]
2024-06-24 08:05:18.282 [info] > git for-each-ref --format=%(refname)%00%(upstream:short)%00%(objectname)%00%(upstream:track)%00%(upstream:remotename)%00%(upstream:remoteref) refs/heads/main refs/remotes/main [1ms]
2024-06-24 08:05:18.287 [info] > git status -z -uall [3ms]
2024-06-24 08:05:36.886 [info] > git config --get commit.template [3ms]
2024-06-24 08:05:36.887 [info] > git for-each-ref --format=%(refname)%00%(upstream:short)%00%(objectname)%00%(upstream:track)%00%(upstream:remotename)%00%(upstream:remoteref) refs/heads/main refs/remotes/main [1ms]
2024-06-24 08:05:36.891 [info] > git status -z -uall [2ms]
2024-06-24 08:06:06.393 [info] > git config --local branch.main.github-pr-owner-number [1ms]
2024-06-24 08:06:06.393 [warning] git config failed: Failed to execute git
2024-06-24 08:06:51.081 [info] > git config --get commit.template [4ms]
2024-06-24 08:06:51.081 [info] > git for-each-ref --format=%(refname)%00%(upstream:short)%00%(objectname)%00%(upstream:track)%00%(upstream:remotename)%00%(upstream:remoteref) refs/heads/main refs/remotes/main [1ms]
2024-06-24 08:06:51.086 [info] > git status -z -uall [2ms]
2024-06-24 08:08:35.087 [info] > git show --textconv :about/urls.py [3ms]
2024-06-24 08:08:35.088 [info] > git ls-files --stage -- /workspace/django_blog/about/urls.py [1ms]
2024-06-24 08:08:35.281 [info] > git check-ignore -v -z --stdin [1ms]
2024-06-24 08:08:35.788 [info] > git config --get commit.template [5ms]
2024-06-24 08:08:35.788 [info] > git for-each-ref --format=%(refname)%00%(upstream:short)%00%(objectname)%00%(upstream:track)%00%(upstream:remotename)%00%(upstream:remoteref) refs/heads/main refs/remotes/main [2ms]
2024-06-24 08:08:35.793 [info] > git status -z -uall [2ms]
2024-06-24 08:08:40.803 [info] > git config --get commit.template [3ms]
2024-06-24 08:08:40.803 [info] > git for-each-ref --format=%(refname)%00%(upstream:short)%00%(objectname)%00%(upstream:track)%00%(upstream:remotename)%00%(upstream:remoteref) refs/heads/main refs/remotes/main [2ms]
2024-06-24 08:08:40.808 [info] > git status -z -uall [2ms]
2024-06-24 08:10:17.579 [info] > git show --textconv :templates/base.html [4ms]
2024-06-24 08:10:17.579 [info] > git ls-files --stage -- /workspace/django_blog/templates/base.html [1ms]
2024-06-24 08:10:17.636 [info] > git cat-file -s 6fdf379d8dbf82607ab7f1e57e115a59b53184e2 [2ms]
2024-06-24 08:10:23.900 [info] > git config --get commit.template [3ms]
2024-06-24 08:10:23.901 [info] > git for-each-ref --format=%(refname)%00%(upstream:short)%00%(objectname)%00%(upstream:track)%00%(upstream:remotename)%00%(upstream:remoteref) refs/heads/main refs/remotes/main [2ms]
2024-06-24 08:10:23.905 [info] > git status -z -uall [2ms]
2024-06-24 08:11:06.398 [info] > git config --local branch.main.github-pr-owner-number [1ms]
2024-06-24 08:11:06.398 [warning] git config failed: Failed to execute git
2024-06-24 08:16:06.402 [info] > git config --local branch.main.github-pr-owner-number [1ms]
2024-06-24 08:16:06.402 [warning] git config failed: Failed to execute git
2024-06-24 08:17:15.798 [info] > git show --textconv :about/templates/about/about_starter.html [3ms]
2024-06-24 08:17:15.800 [info] > git ls-files --stage -- /workspace/django_blog/about/templates/about/about_starter.html [2ms]
2024-06-24 08:21:06.409 [info] > git config --local branch.main.github-pr-owner-number [1ms]
2024-06-24 08:21:06.409 [warning] git config failed: Failed to execute git
2024-06-24 08:23:15.609 [info] > git check-ignore -v -z --stdin [1ms]
2024-06-24 08:23:16.119 [info] > git config --get commit.template [5ms]
2024-06-24 08:23:16.119 [info] > git for-each-ref --format=%(refname)%00%(upstream:short)%00%(objectname)%00%(upstream:track)%00%(upstream:remotename)%00%(upstream:remoteref) refs/heads/main refs/remotes/main [1ms]
2024-06-24 08:23:16.124 [info] > git status -z -uall [2ms]
2024-06-24 08:23:21.911 [info] > git show --textconv :about/templates/about/about_starter.html [3ms]
2024-06-24 08:23:21.912 [info] > git ls-files --stage -- /workspace/django_blog/about/templates/about/about_starter.html [1ms]
2024-06-24 08:23:22.815 [info] > git config --get commit.template [3ms]
2024-06-24 08:23:22.815 [info] > git for-each-ref --format=%(refname)%00%(upstream:short)%00%(objectname)%00%(upstream:track)%00%(upstream:remotename)%00%(upstream:remoteref) refs/heads/main refs/remotes/main [1ms]
2024-06-24 08:23:22.820 [info] > git status -z -uall [2ms]
2024-06-24 08:23:45.281 [info] > git config --get commit.template [3ms]
2024-06-24 08:23:45.282 [info] > git for-each-ref --format=%(refname)%00%(upstream:short)%00%(objectname)%00%(upstream:track)%00%(upstream:remotename)%00%(upstream:remoteref) refs/heads/main refs/remotes/main [1ms]
2024-06-24 08:23:45.286 [info] > git status -z -uall [2ms]
2024-06-24 08:23:51.470 [info] > git config --get commit.template [4ms]
2024-06-24 08:23:51.470 [info] > git for-each-ref --format=%(refname)%00%(upstream:short)%00%(objectname)%00%(upstream:track)%00%(upstream:remotename)%00%(upstream:remoteref) refs/heads/main refs/remotes/main [1ms]
2024-06-24 08:23:51.475 [info] > git status -z -uall [2ms]
2024-06-24 08:24:07.469 [info] > git check-ignore -v -z --stdin [1ms]
2024-06-24 08:24:07.979 [info] > git config --get commit.template [4ms]
2024-06-24 08:24:07.980 [info] > git for-each-ref --format=%(refname)%00%(upstream:short)%00%(objectname)%00%(upstream:track)%00%(upstream:remotename)%00%(upstream:remoteref) refs/heads/main refs/remotes/main [1ms]
2024-06-24 08:24:07.984 [info] > git status -z -uall [2ms]
2024-06-24 08:26:06.414 [info] > git config --local branch.main.github-pr-owner-number [1ms]
2024-06-24 08:26:06.414 [warning] git config failed: Failed to execute git
2024-06-24 08:28:52.416 [info] > git show --textconv :about/models.py [3ms]
2024-06-24 08:28:52.417 [info] > git ls-files --stage -- /workspace/django_blog/about/models.py [1ms]
2024-06-24 08:31:06.419 [info] > git config --local branch.main.github-pr-owner-number [1ms]
2024-06-24 08:31:06.419 [warning] git config failed: Failed to execute git
2024-06-24 08:36:06.424 [info] > git config --local branch.main.github-pr-owner-number [1ms]
2024-06-24 08:36:06.424 [warning] git config failed: Failed to execute git
2024-06-24 08:38:05.758 [info] > git show --textconv :codestar/settings.py [3ms]
2024-06-24 08:38:05.759 [info] > git ls-files --stage -- /workspace/django_blog/codestar/settings.py [1ms]
2024-06-24 08:38:05.762 [info] > git cat-file -s 4c77f5120f16539858bdef7fb2dd23c695232a0d [1ms]
2024-06-24 08:38:46.557 [info] > git show --textconv :about/models.py [4ms]
2024-06-24 08:38:46.557 [info] > git ls-files --stage -- /workspace/django_blog/about/models.py [1ms]
2024-06-24 08:38:55.375 [info] > git show --textconv :about/apps.py [4ms]
2024-06-24 08:38:55.375 [info] > git ls-files --stage -- /workspace/django_blog/about/apps.py [1ms]
2024-06-24 08:39:00.651 [info] > git config --get commit.template [4ms]
2024-06-24 08:39:00.651 [info] > git for-each-ref --format=%(refname)%00%(upstream:short)%00%(objectname)%00%(upstream:track)%00%(upstream:remotename)%00%(upstream:remoteref) refs/heads/main refs/remotes/main [1ms]
2024-06-24 08:39:00.656 [info] > git status -z -uall [2ms]
2024-06-24 08:39:42.353 [info] > git config --get commit.template [4ms]
2024-06-24 08:39:42.353 [info] > git for-each-ref --format=%(refname)%00%(upstream:short)%00%(objectname)%00%(upstream:track)%00%(upstream:remotename)%00%(upstream:remoteref) refs/heads/main refs/remotes/main [1ms]
2024-06-24 08:39:42.358 [info] > git status -z -uall [2ms]
2024-06-24 08:40:30.334 [info] > git check-ignore -v -z --stdin [1ms]
2024-06-24 08:40:34.523 [info] > git show --textconv :about/urls.py [3ms]
2024-06-24 08:40:34.523 [info] > git ls-files --stage -- /workspace/django_blog/about/urls.py [1ms]
2024-06-24 08:40:57.317 [info] > git show --textconv :codestar/urls.py [3ms]
2024-06-24 08:40:57.318 [info] > git ls-files --stage -- /workspace/django_blog/codestar/urls.py [1ms]
2024-06-24 08:40:57.321 [info] > git cat-file -s aa3999f391d701b0977f5b7cf39d42eb54eb32ff [1ms]
2024-06-24 08:41:06.428 [info] > git config --local branch.main.github-pr-owner-number [1ms]
2024-06-24 08:41:06.429 [warning] git config failed: Failed to execute git
2024-06-24 08:41:07.085 [info] > git config --get commit.template [3ms]
2024-06-24 08:41:07.085 [info] > git for-each-ref --format=%(refname)%00%(upstream:short)%00%(objectname)%00%(upstream:track)%00%(upstream:remotename)%00%(upstream:remoteref) refs/heads/main refs/remotes/main [1ms]
2024-06-24 08:41:07.090 [info] > git status -z -uall [2ms]
2024-06-24 08:41:26.273 [info] > git config --get commit.template [4ms]
2024-06-24 08:41:26.273 [info] > git for-each-ref --format=%(refname)%00%(upstream:short)%00%(objectname)%00%(upstream:track)%00%(upstream:remotename)%00%(upstream:remoteref) refs/heads/main refs/remotes/main [1ms]
2024-06-24 08:41:26.278 [info] > git status -z -uall [2ms]
2024-06-24 08:42:22.161 [info] > git config --get commit.template [4ms]
2024-06-24 08:42:22.161 [info] > git for-each-ref --format=%(refname)%00%(upstream:short)%00%(objectname)%00%(upstream:track)%00%(upstream:remotename)%00%(upstream:remoteref) refs/heads/main refs/remotes/main [1ms]
2024-06-24 08:42:22.166 [info] > git status -z -uall [2ms]
2024-06-24 08:43:35.654 [info] > git show --textconv :about/views.py [4ms]
2024-06-24 08:43:35.655 [info] > git ls-files --stage -- /workspace/django_blog/about/views.py [2ms]
2024-06-24 08:43:45.968 [info] > git config --get commit.template [3ms]
2024-06-24 08:43:45.968 [info] > git for-each-ref --format=%(refname)%00%(upstream:short)%00%(objectname)%00%(upstream:track)%00%(upstream:remotename)%00%(upstream:remoteref) refs/heads/main refs/remotes/main [2ms]
2024-06-24 08:43:45.972 [info] > git status -z -uall [2ms]
2024-06-24 08:43:52.617 [info] > git config --get commit.template [4ms]
2024-06-24 08:43:52.617 [info] > git for-each-ref --format=%(refname)%00%(upstream:short)%00%(objectname)%00%(upstream:track)%00%(upstream:remotename)%00%(upstream:remoteref) refs/heads/main refs/remotes/main [1ms]
2024-06-24 08:43:52.622 [info] > git status -z -uall [2ms]
2024-06-24 08:44:53.080 [info] > git config --get commit.template [3ms]
2024-06-24 08:44:53.081 [info] > git for-each-ref --format=%(refname)%00%(upstream:short)%00%(objectname)%00%(upstream:track)%00%(upstream:remotename)%00%(upstream:remoteref) refs/heads/main refs/remotes/main [1ms]
2024-06-24 08:44:53.085 [info] > git status -z -uall [2ms]
2024-06-24 08:46:06.434 [info] > git config --local branch.main.github-pr-owner-number [1ms]
2024-06-24 08:46:06.435 [warning] git config failed: Failed to execute git
2024-06-24 08:46:21.312 [info] > git show --textconv :about/templates/about/about.html [3ms]
2024-06-24 08:46:21.313 [info] > git ls-files --stage -- /workspace/django_blog/about/templates/about/about.html [2ms]
2024-06-24 08:46:27.002 [info] > git show --textconv :about/admin.py [3ms]
2024-06-24 08:46:27.002 [info] > git ls-files --stage -- /workspace/django_blog/about/admin.py [1ms]
2024-06-24 08:46:45.393 [info] > git show --textconv :about/views.py [4ms]
2024-06-24 08:46:45.393 [info] > git ls-files --stage -- /workspace/django_blog/about/views.py [1ms]
2024-06-24 08:47:08.400 [info] > git show --textconv :templates/base.html [4ms]
2024-06-24 08:47:08.401 [info] > git ls-files --stage -- /workspace/django_blog/templates/base.html [2ms]
2024-06-24 08:47:08.405 [info] > git cat-file -s 6fdf379d8dbf82607ab7f1e57e115a59b53184e2 [1ms]
2024-06-24 08:47:27.173 [info] > git config --get commit.template [4ms]
2024-06-24 08:47:27.173 [info] > git for-each-ref --format=%(refname)%00%(upstream:short)%00%(objectname)%00%(upstream:track)%00%(upstream:remotename)%00%(upstream:remoteref) refs/heads/main refs/remotes/main [1ms]
2024-06-24 08:47:27.177 [info] > git status -z -uall [1ms]
2024-06-24 08:47:32.187 [info] > git config --get commit.template [4ms]
2024-06-24 08:47:32.187 [info] > git for-each-ref --format=%(refname)%00%(upstream:short)%00%(objectname)%00%(upstream:track)%00%(upstream:remotename)%00%(upstream:remoteref) refs/heads/main refs/remotes/main [1ms]
2024-06-24 08:47:32.192 [info] > git status -z -uall [2ms]
2024-06-24 08:48:32.430 [info] > git config --get commit.template [4ms]
2024-06-24 08:48:32.430 [info] > git for-each-ref --format=%(refname)%00%(upstream:short)%00%(objectname)%00%(upstream:track)%00%(upstream:remotename)%00%(upstream:remoteref) refs/heads/main refs/remotes/main [1ms]
2024-06-24 08:48:32.436 [info] > git status -z -uall [2ms]
2024-06-24 08:48:43.779 [info] > git show --textconv :about/urls.py [3ms]
2024-06-24 08:48:43.780 [info] > git ls-files --stage -- /workspace/django_blog/about/urls.py [1ms]
2024-06-24 08:49:05.368 [info] > git show --textconv :codestar/urls.py [3ms]
2024-06-24 08:49:05.369 [info] > git ls-files --stage -- /workspace/django_blog/codestar/urls.py [1ms]
2024-06-24 08:49:05.372 [info] > git cat-file -s aa3999f391d701b0977f5b7cf39d42eb54eb32ff [1ms]
2024-06-24 08:49:44.583 [info] > git config --get commit.template [4ms]
2024-06-24 08:49:44.583 [info] > git for-each-ref --format=%(refname)%00%(upstream:short)%00%(objectname)%00%(upstream:track)%00%(upstream:remotename)%00%(upstream:remoteref) refs/heads/main refs/remotes/main [2ms]
2024-06-24 08:49:44.587 [info] > git status -z -uall [2ms]
2024-06-24 08:50:12.368 [info] > git config --get commit.template [4ms]
2024-06-24 08:50:12.368 [info] > git for-each-ref --format=%(refname)%00%(upstream:short)%00%(objectname)%00%(upstream:track)%00%(upstream:remotename)%00%(upstream:remoteref) refs/heads/main refs/remotes/main [1ms]
2024-06-24 08:50:12.373 [info] > git status -z -uall [2ms]
2024-06-24 08:51:06.440 [info] > git config --local branch.main.github-pr-owner-number [1ms]
2024-06-24 08:51:06.440 [warning] git config failed: Failed to execute git
2024-06-24 08:51:45.506 [info] > git config --get commit.template [3ms]
2024-06-24 08:51:45.507 [info] > git for-each-ref --format=%(refname)%00%(upstream:short)%00%(objectname)%00%(upstream:track)%00%(upstream:remotename)%00%(upstream:remoteref) refs/heads/main refs/remotes/main [2ms]
2024-06-24 08:51:45.512 [info] > git status -z -uall [2ms]
2024-06-24 08:51:45.641 [info] > git ls-files --stage -- /workspace/django_blog/codestar/urls.py [1ms]
2024-06-24 08:51:45.645 [info] > git cat-file -s b132d2a530bb194c5add357a6fda7e31b82d326f [1ms]
2024-06-24 08:51:45.681 [info] > git show --textconv :codestar/urls.py [1ms]
2024-06-24 08:51:52.342 [info] > git config --get commit.template [4ms]
2024-06-24 08:51:52.342 [info] > git for-each-ref --format=%(refname)%00%(upstream:short)%00%(objectname)%00%(upstream:track)%00%(upstream:remotename)%00%(upstream:remoteref) refs/heads/main refs/remotes/main [1ms]
2024-06-24 08:51:52.347 [info] > git status -z -uall [2ms]
2024-06-24 08:51:52.449 [info] > git merge-base refs/heads/main refs/remotes/origin/main [99ms]
2024-06-24 08:51:52.455 [info] > git rev-list --count --left-right refs/heads/main...refs/remotes/origin/main [1ms]
2024-06-24 08:51:52.468 [info] > git diff --name-status -z --diff-filter=ADMR 276b2445af8650ff8e2d8dcc9d30b0398a076413...refs/remotes/origin/main [10ms]
2024-06-24 08:51:52.488 [info] > git config --local branch.main.github-pr-owner-number [2ms]
2024-06-24 08:51:52.488 [warning] git config failed: Failed to execute git
2024-06-24 08:51:52.516 [info] > git ls-files --stage -- /workspace/django_blog/codestar/urls.py [1ms]
2024-06-24 08:51:52.521 [info] > git cat-file -s b132d2a530bb194c5add357a6fda7e31b82d326f [3ms]
2024-06-24 08:51:52.557 [info] > git show --textconv :codestar/urls.py [1ms]
2024-06-24 08:51:55.554 [info] > git ls-files --stage -- /workspace/django_blog/codestar/urls.py [1ms]
2024-06-24 08:51:55.558 [info] > git cat-file -s b132d2a530bb194c5add357a6fda7e31b82d326f [1ms]
2024-06-24 08:51:55.592 [info] > git show --textconv :codestar/urls.py [1ms]
2024-06-24 08:51:57.362 [info] > git config --get commit.template [4ms]
2024-06-24 08:51:57.362 [info] > git for-each-ref --format=%(refname)%00%(upstream:short)%00%(objectname)%00%(upstream:track)%00%(upstream:remotename)%00%(upstream:remoteref) refs/heads/main refs/remotes/main [2ms]
2024-06-24 08:51:57.366 [info] > git status -z -uall [2ms]
2024-06-24 08:51:57.372 [info] > git merge-base refs/heads/main refs/remotes/origin/main [2ms]
2024-06-24 08:51:57.375 [info] > git rev-list --count --left-right refs/heads/main...refs/remotes/origin/main [1ms]
2024-06-24 08:51:57.379 [info] > git diff --name-status -z --diff-filter=ADMR 922cf7365c93b26b53fd9a14ecaea182cc93bdb8...refs/remotes/origin/main [1ms]
2024-06-24 08:51:57.495 [info] > git config --local branch.main.github-pr-owner-number [89ms]
2024-06-24 08:51:57.495 [warning] git config failed: Failed to execute git
2024-06-24 08:53:05.523 [info] > git show --textconv :codestar/settings.py [4ms]
2024-06-24 08:53:05.525 [info] > git ls-files --stage -- /workspace/django_blog/codestar/settings.py [3ms]
2024-06-24 08:53:05.529 [info] > git cat-file -s a38bb684f5eaf20c710ba4f6cafefe84960558bb [2ms]
2024-06-24 08:53:19.649 [info] > git config --get commit.template [3ms]
2024-06-24 08:53:19.649 [info] > git for-each-ref --format=%(refname)%00%(upstream:short)%00%(objectname)%00%(upstream:track)%00%(upstream:remotename)%00%(upstream:remoteref) refs/heads/main refs/remotes/main [1ms]
2024-06-24 08:53:19.654 [info] > git status -z -uall [2ms]
2024-06-24 08:53:24.663 [info] > git config --get commit.template [4ms]
2024-06-24 08:53:24.663 [info] > git for-each-ref --format=%(refname)%00%(upstream:short)%00%(objectname)%00%(upstream:track)%00%(upstream:remotename)%00%(upstream:remoteref) refs/heads/main refs/remotes/main [1ms]
2024-06-24 08:53:24.668 [info] > git status -z -uall [2ms]
2024-06-24 08:53:33.743 [info] > git config --get commit.template [4ms]
2024-06-24 08:53:33.743 [info] > git for-each-ref --format=%(refname)%00%(upstream:short)%00%(objectname)%00%(upstream:track)%00%(upstream:remotename)%00%(upstream:remoteref) refs/heads/main refs/remotes/main [1ms]
2024-06-24 08:53:33.749 [info] > git status -z -uall [2ms]
2024-06-24 08:53:33.871 [info] > git ls-files --stage -- /workspace/django_blog/codestar/settings.py [1ms]
2024-06-24 08:53:33.875 [info] > git cat-file -s 5c175ee853f9e34e850f88ec46c7b293ddf4696b [1ms]
2024-06-24 08:53:33.912 [info] > git show --textconv :codestar/settings.py [2ms]
2024-06-24 08:54:33.087 [info] > git config --get commit.template [4ms]
2024-06-24 08:54:33.087 [info] > git for-each-ref --format=%(refname)%00%(upstream:short)%00%(objectname)%00%(upstream:track)%00%(upstream:remotename)%00%(upstream:remoteref) refs/heads/main refs/remotes/main [1ms]
2024-06-24 08:54:33.092 [info] > git status -z -uall [2ms]
2024-06-24 08:54:33.187 [info] > git merge-base refs/heads/main refs/remotes/origin/main [92ms]
2024-06-24 08:54:33.192 [info] > git rev-list --count --left-right refs/heads/main...refs/remotes/origin/main [2ms]
2024-06-24 08:54:33.203 [info] > git diff --name-status -z --diff-filter=ADMR 922cf7365c93b26b53fd9a14ecaea182cc93bdb8...refs/remotes/origin/main [9ms]
2024-06-24 08:54:33.231 [info] > git config --local branch.main.github-pr-owner-number [1ms]
2024-06-24 08:54:33.231 [warning] git config failed: Failed to execute git
2024-06-24 08:54:33.260 [info] > git ls-files --stage -- /workspace/django_blog/codestar/settings.py [1ms]
2024-06-24 08:54:33.265 [info] > git cat-file -s 5c175ee853f9e34e850f88ec46c7b293ddf4696b [3ms]
2024-06-24 08:54:33.302 [info] > git show --textconv :codestar/settings.py [1ms]
2024-06-24 08:54:36.953 [info] > git ls-files --stage -- /workspace/django_blog/codestar/settings.py [1ms]
2024-06-24 08:54:36.958 [info] > git cat-file -s 5c175ee853f9e34e850f88ec46c7b293ddf4696b [1ms]
2024-06-24 08:54:36.990 [info] > git show --textconv :codestar/settings.py [2ms]
2024-06-24 08:54:45.446 [info] > git config --get commit.template [4ms]
2024-06-24 08:54:45.446 [info] > git for-each-ref --format=%(refname)%00%(upstream:short)%00%(objectname)%00%(upstream:track)%00%(upstream:remotename)%00%(upstream:remoteref) refs/heads/main refs/remotes/main [1ms]
2024-06-24 08:54:45.451 [info] > git status -z -uall [2ms]
2024-06-24 08:54:45.456 [info] > git merge-base refs/heads/main refs/remotes/origin/main [3ms]
2024-06-24 08:54:45.460 [info] > git rev-list --count --left-right refs/heads/main...refs/remotes/origin/main [1ms]
2024-06-24 08:54:45.463 [info] > git diff --name-status -z --diff-filter=ADMR 89051a0e77977db28c28376300c685b1c406609c...refs/remotes/origin/main [1ms]
2024-06-24 08:54:45.586 [info] > git config --local branch.main.github-pr-owner-number [93ms]
2024-06-24 08:54:45.586 [warning] git config failed: Failed to execute git
2024-06-24 08:56:06.445 [info] > git config --local branch.main.github-pr-owner-number [0ms]
2024-06-24 08:56:06.445 [warning] git config failed: Failed to execute git
